#
# There is insufficient memory for the Java Runtime Environment to continue.
# Native memory allocation (mmap) failed to map 275775488 bytes. Error detail: G1 virtual space
# Possible reasons:
#   The system is out of physical RAM or swap space
#   This process is running with CompressedOops enabled, and the Java Heap may be blocking the growth of the native heap
# Possible solutions:
#   Reduce memory load on the system
#   Increase physical memory or swap space
#   Check if swap backing store is full
#   Decrease Java heap size (-Xmx/-Xms)
#   Decrease number of Java threads
#   Decrease Java thread stack sizes (-Xss)
#   Set larger code cache with -XX:ReservedCodeCacheSize=
#   JVM is running with Unscaled Compressed Oops mode in which the Java heap is
#     placed in the first 4GB address space. The Java Heap base address is the
#     maximum limit for the native heap growth. Please use -XX:HeapBaseMinAddress
#     to set the Java Heap base and to place the Java Heap above 4GB virtual address.
# This output file may be truncated or incomplete.
#
#  Out of Memory Error (os_windows.cpp:3618), pid=6324, tid=1248
#
# JRE version: OpenJDK Runtime Environment Corretto-17.0.14.7.1 (17.0.14+7) (build 17.0.14+7-LTS)
# Java VM: OpenJDK 64-Bit Server VM Corretto-17.0.14.7.1 (17.0.14+7-LTS, mixed mode, emulated-client, sharing, tiered, compressed oops, compressed class ptrs, g1 gc, windows-amd64)
# No core dump will be written. Minidumps are not enabled by default on client versions of Windows
#

---------------  S U M M A R Y ------------

Command Line: -XX:TieredStopAtLevel=1 -Dspring.output.ansi.enabled=always -Dcom.sun.management.jmxremote -Dspring.jmx.enabled=true -Dspring.liveBeansView.mbeanDomain -Dspring.application.admin.enabled=true -Dmanagement.endpoints.jmx.exposure.include=* -javaagent:C:\Program Files\JetBrains\IntelliJ IDEA 2024.3.3\lib\idea_rt.jar=54754:C:\Program Files\JetBrains\IntelliJ IDEA 2024.3.3\bin -Dfile.encoding=UTF-8 mariia.budiak.practices.PracticesApp

Host: 11th Gen Intel(R) Core(TM) i7-11390H @ 3.40GHz, 4 cores, 3G,  Windows 10 , 64 bit Build 19041 (10.0.19041.2913)
Time: Mon Mar  3 20:03:29 2025 SE Asia Standard Time elapsed time: 13.275671 seconds (0d 0h 0m 13s)

---------------  T H R E A D  ---------------

Current thread (0x000002d816c2dfc0):  VMThread "VM Thread" [stack: 0x000000f249b00000,0x000000f249c00000] [id=1248]

Stack: [0x000000f249b00000,0x000000f249c00000]
Native frames: (J=compiled Java code, j=interpreted, Vv=VM code, C=native code)
V  [jvm.dll+0x681069]
V  [jvm.dll+0x838cca]
V  [jvm.dll+0x83a78e]
V  [jvm.dll+0x83adf3]
V  [jvm.dll+0x24826f]
V  [jvm.dll+0x67dd99]
V  [jvm.dll+0x67286a]
V  [jvm.dll+0x30826b]
V  [jvm.dll+0x30f756]
V  [jvm.dll+0x35face]
V  [jvm.dll+0x35fd0f]
V  [jvm.dll+0x2df21c]
V  [jvm.dll+0x2dd5df]
V  [jvm.dll+0x2dcd0c]
V  [jvm.dll+0x3204ab]
V  [jvm.dll+0x83f2ed]
V  [jvm.dll+0x840032]
V  [jvm.dll+0x84055f]
V  [jvm.dll+0x840944]
V  [jvm.dll+0x840a10]
V  [jvm.dll+0x7e7f6c]
V  [jvm.dll+0x67ff37]
C  [ucrtbase.dll+0x21bb2]
C  [KERNEL32.DLL+0x17614]
C  [ntdll.dll+0x526a1]

VM_Operation (0x000000f24b6fc340): G1CollectForAllocation, mode: safepoint, requested by thread 0x000002d86c5da840


---------------  P R O C E S S  ---------------

Threads class SMR info:
_java_thread_list=0x000002d86d37a560, length=36, elements={
0x000002d867123690, 0x000002d867124420, 0x000002d8671362b0, 0x000002d867136d80,
0x000002d86713a770, 0x000002d86713f050, 0x000002d86715f9e0, 0x000002d8671602f0,
0x000002d816c214e0, 0x000002d867577ef0, 0x000002d8675783d0, 0x000002d86c128f60,
0x000002d86c1b9f50, 0x000002d86c233950, 0x000002d86c23ed30, 0x000002d86c520010,
0x000002d86c52c000, 0x000002d86c5d9910, 0x000002d86c5d8ef0, 0x000002d86c5d7090,
0x000002d86c5d9e20, 0x000002d86c5da840, 0x000002d86c5d84d0, 0x000002d86c5d9400,
0x000002d86c5d89e0, 0x000002d86c5d75a0, 0x000002d86c5d7fc0, 0x000002d86d73ef00,
0x000002d86d7435e0, 0x000002d86d741780, 0x000002d86d741c90, 0x000002d86d742bc0,
0x000002d86d740340, 0x000002d86d73d5b0, 0x000002d86d740d60, 0x000002d86d73f920
}

Java Threads: ( => current thread )
  0x000002d867123690 JavaThread "Reference Handler" daemon [_thread_blocked, id=7756, stack(0x000000f249c00000,0x000000f249d00000)]
  0x000002d867124420 JavaThread "Finalizer" daemon [_thread_blocked, id=11096, stack(0x000000f249d00000,0x000000f249e00000)]
  0x000002d8671362b0 JavaThread "Signal Dispatcher" daemon [_thread_blocked, id=2840, stack(0x000000f249e00000,0x000000f249f00000)]
  0x000002d867136d80 JavaThread "Attach Listener" daemon [_thread_blocked, id=4272, stack(0x000000f249f00000,0x000000f24a000000)]
  0x000002d86713a770 JavaThread "Service Thread" daemon [_thread_blocked, id=7624, stack(0x000000f24a000000,0x000000f24a100000)]
  0x000002d86713f050 JavaThread "Monitor Deflation Thread" daemon [_thread_blocked, id=5636, stack(0x000000f24a100000,0x000000f24a200000)]
  0x000002d86715f9e0 JavaThread "C1 CompilerThread0" daemon [_thread_blocked, id=10672, stack(0x000000f24a200000,0x000000f24a300000)]
  0x000002d8671602f0 JavaThread "Sweeper thread" daemon [_thread_blocked, id=11124, stack(0x000000f24a300000,0x000000f24a400000)]
  0x000002d816c214e0 JavaThread "Common-Cleaner" daemon [_thread_blocked, id=1804, stack(0x000000f24a400000,0x000000f24a500000)]
  0x000002d867577ef0 JavaThread "Monitor Ctrl-Break" daemon [_thread_in_native, id=3108, stack(0x000000f24a500000,0x000000f24a600000)]
  0x000002d8675783d0 JavaThread "Notification Thread" daemon [_thread_blocked, id=7920, stack(0x000000f24a600000,0x000000f24a700000)]
  0x000002d86c128f60 JavaThread "RMI TCP Accept-0" daemon [_thread_in_native, id=10624, stack(0x000000f24a700000,0x000000f24a800000)]
  0x000002d86c1b9f50 JavaThread "RMI TCP Connection(1)-10.0.2.15" daemon [_thread_in_native, id=952, stack(0x000000f24ad00000,0x000000f24ae00000)]
  0x000002d86c233950 JavaThread "RMI Scheduler(0)" daemon [_thread_blocked, id=5112, stack(0x000000f24ae00000,0x000000f24af00000)]
  0x000002d86c23ed30 JavaThread "JMX server connection timeout 19" daemon [_thread_blocked, id=9864, stack(0x000000f24af00000,0x000000f24b000000)]
  0x000002d86c520010 JavaThread "RMI TCP Connection(2)-10.0.2.15" daemon [_thread_in_native, id=9064, stack(0x000000f24b000000,0x000000f24b100000)]
  0x000002d86c52c000 JavaThread "C1 CompilerThread1" daemon [_thread_blocked, id=9552, stack(0x000000f24b200000,0x000000f24b300000)]
  0x000002d86c5d9910 JavaThread "Catalina-utility-1" [_thread_blocked, id=1104, stack(0x000000f24b100000,0x000000f24b200000)]
  0x000002d86c5d8ef0 JavaThread "Catalina-utility-2" [_thread_blocked, id=11172, stack(0x000000f24b300000,0x000000f24b400000)]
  0x000002d86c5d7090 JavaThread "container-0" [_thread_blocked, id=7164, stack(0x000000f24b400000,0x000000f24b500000)]
  0x000002d86c5d9e20 JavaThread "http-nio-8080-BlockPoller" daemon [_thread_in_native, id=1588, stack(0x000000f24b500000,0x000000f24b600000)]
  0x000002d86c5da840 JavaThread "http-nio-8080-exec-1" daemon [_thread_blocked, id=7368, stack(0x000000f24b600000,0x000000f24b700000)]
  0x000002d86c5d84d0 JavaThread "http-nio-8080-exec-2" daemon [_thread_blocked, id=1504, stack(0x000000f24b700000,0x000000f24b800000)]
  0x000002d86c5d9400 JavaThread "http-nio-8080-exec-3" daemon [_thread_blocked, id=8728, stack(0x000000f24b800000,0x000000f24b900000)]
  0x000002d86c5d89e0 JavaThread "http-nio-8080-exec-4" daemon [_thread_blocked, id=6084, stack(0x000000f24b900000,0x000000f24ba00000)]
  0x000002d86c5d75a0 JavaThread "http-nio-8080-exec-5" daemon [_thread_blocked, id=11932, stack(0x000000f24ba00000,0x000000f24bb00000)]
  0x000002d86c5d7fc0 JavaThread "http-nio-8080-exec-6" daemon [_thread_blocked, id=408, stack(0x000000f24bb00000,0x000000f24bc00000)]
  0x000002d86d73ef00 JavaThread "http-nio-8080-exec-7" daemon [_thread_blocked, id=12176, stack(0x000000f24bc00000,0x000000f24bd00000)]
  0x000002d86d7435e0 JavaThread "http-nio-8080-exec-8" daemon [_thread_blocked, id=1148, stack(0x000000f24bd00000,0x000000f24be00000)]
  0x000002d86d741780 JavaThread "http-nio-8080-exec-9" daemon [_thread_blocked, id=10540, stack(0x000000f24be00000,0x000000f24bf00000)]
  0x000002d86d741c90 JavaThread "http-nio-8080-exec-10" daemon [_thread_blocked, id=72, stack(0x000000f24bf00000,0x000000f24c000000)]
  0x000002d86d742bc0 JavaThread "http-nio-8080-ClientPoller" daemon [_thread_in_native, id=11688, stack(0x000000f24c000000,0x000000f24c100000)]
  0x000002d86d740340 JavaThread "http-nio-8080-Acceptor" daemon [_thread_in_native, id=2928, stack(0x000000f24c100000,0x000000f24c200000)]
  0x000002d86d73d5b0 JavaThread "DestroyJavaVM" [_thread_blocked, id=11824, stack(0x000000f249500000,0x000000f249600000)]
  0x000002d86d740d60 JavaThread "RMI TCP Connection(3)-10.0.2.15" daemon [_thread_blocked, id=7516, stack(0x000000f24c200000,0x000000f24c300000)]
  0x000002d86d73f920 JavaThread "RMI TCP Connection(4)-10.0.2.15" daemon [_thread_in_native, id=7568, stack(0x000000f24c900000,0x000000f24ca00000)]

Other Threads:
=>0x000002d816c2dfc0 VMThread "VM Thread" [stack: 0x000000f249b00000,0x000000f249c00000] [id=1248]
  0x000002d86c12a210 WatcherThread [stack: 0x000000f24a800000,0x000000f24a900000] [id=5204]
  0x000002d816bb4db0 GCTaskThread "GC Thread#0" [stack: 0x000000f249600000,0x000000f249700000] [id=136]
  0x000002d86c126c70 GCTaskThread "GC Thread#1" [stack: 0x000000f24a900000,0x000000f24aa00000] [id=756]
  0x000002d86c1b5ef0 GCTaskThread "GC Thread#2" [stack: 0x000000f24aa00000,0x000000f24ab00000] [id=6244]
  0x000002d86c1be230 GCTaskThread "GC Thread#3" [stack: 0x000000f24ab00000,0x000000f24ac00000] [id=11536]
  0x000002d816bbec20 ConcurrentGCThread "G1 Main Marker" [stack: 0x000000f249700000,0x000000f249800000] [id=9664]
  0x000002d816bbf550 ConcurrentGCThread "G1 Conc#0" [stack: 0x000000f249800000,0x000000f249900000] [id=6164]
  0x000002d816c0fa70 ConcurrentGCThread "G1 Refine#0" [stack: 0x000000f249900000,0x000000f249a00000] [id=4080]
  0x000002d86c1b5ad0 ConcurrentGCThread "G1 Refine#1" [stack: 0x000000f24ac00000,0x000000f24ad00000] [id=1824]
  0x000002d816c113c0 ConcurrentGCThread "G1 Service" [stack: 0x000000f249a00000,0x000000f249b00000] [id=5648]

Threads with active compile tasks:

VM state: at safepoint (normal execution)

VM Mutex/Monitor currently owned by a thread:  ([mutex/lock_event])
[0x000002d816b72a60] Threads_lock - owner thread: 0x000002d816c2dfc0
[0x000002d816b74050] Heap_lock - owner thread: 0x000002d86c5da840

Heap address: 0x00000000c0000000, size: 1024 MB, Compressed Oops mode: 32-bit

CDS archive(s) mapped at: [0x000002d826000000-0x000002d826bb0000-0x000002d826bb0000), size 12255232, SharedBaseAddress: 0x000002d826000000, ArchiveRelocationMode: 1.
Compressed class space mapped at: 0x000002d827000000-0x000002d867000000, reserved size: 1073741824
Narrow klass base: 0x000002d826000000, Narrow klass shift: 0, Narrow klass range: 0x100000000

GC Precious Log:
 CPUs: 4 total, 4 available
 Memory: 4095M
 Large Page Support: Disabled
 NUMA Support: Disabled
 Compressed Oops: Enabled (32-bit)
 Heap Region Size: 1M
 Heap Min Capacity: 8M
 Heap Initial Capacity: 64M
 Heap Max Capacity: 1G
 Pre-touch: Disabled
 Parallel Workers: 4
 Concurrent Workers: 1
 Concurrent Refinement Workers: 4
 Periodic GC: Disabled

Heap:
 garbage-first heap   total 297984K, used 143113K [0x00000000c0000000, 0x0000000100000000)
  region size 1024K, 9 young (9216K), 9 survivors (9216K)
 Metaspace       used 36782K, committed 37248K, reserved 1114112K
  class space    used 5203K, committed 5440K, reserved 1048576K

Heap Regions: E=young(eden), S=young(survivor), O=old, HS=humongous(starts), HC=humongous(continues), CS=collection set, F=free, OA=open archive, CA=closed archive, TAMS=top-at-mark-start (previous, next)
|   0|0x00000000c0000000, 0x00000000c0100000, 0x00000000c0100000|100%| O|  |TAMS 0x00000000c0100000, 0x00000000c0100000| Untracked 
|   1|0x00000000c0100000, 0x00000000c0200000, 0x00000000c0200000|100%| O|  |TAMS 0x00000000c0200000, 0x00000000c0200000| Untracked 
|   2|0x00000000c0200000, 0x00000000c0300000, 0x00000000c0300000|100%| O|  |TAMS 0x00000000c0300000, 0x00000000c0300000| Untracked 
|   3|0x00000000c0300000, 0x00000000c0400000, 0x00000000c0400000|100%| O|  |TAMS 0x00000000c0400000, 0x00000000c0400000| Untracked 
|   4|0x00000000c0400000, 0x00000000c0500000, 0x00000000c0500000|100%| O|  |TAMS 0x00000000c0500000, 0x00000000c0500000| Untracked 
|   5|0x00000000c0500000, 0x00000000c0600000, 0x00000000c0600000|100%| O|  |TAMS 0x00000000c0600000, 0x00000000c0600000| Untracked 
|   6|0x00000000c0600000, 0x00000000c0700000, 0x00000000c0700000|100%| O|  |TAMS 0x00000000c0700000, 0x00000000c0700000| Untracked 
|   7|0x00000000c0700000, 0x00000000c0800000, 0x00000000c0800000|100%| O|  |TAMS 0x00000000c0800000, 0x00000000c0800000| Untracked 
|   8|0x00000000c0800000, 0x00000000c0900000, 0x00000000c0900000|100%| O|  |TAMS 0x00000000c0900000, 0x00000000c0900000| Untracked 
|   9|0x00000000c0900000, 0x00000000c0a00000, 0x00000000c0a00000|100%| O|  |TAMS 0x00000000c0a00000, 0x00000000c0a00000| Untracked 
|  10|0x00000000c0a00000, 0x00000000c0b00000, 0x00000000c0b00000|100%| O|  |TAMS 0x00000000c0b00000, 0x00000000c0b00000| Untracked 
|  11|0x00000000c0b00000, 0x00000000c0c00000, 0x00000000c0c00000|100%| O|  |TAMS 0x00000000c0c00000, 0x00000000c0c00000| Untracked 
|  12|0x00000000c0c00000, 0x00000000c0d00000, 0x00000000c0d00000|100%| O|  |TAMS 0x00000000c0d00000, 0x00000000c0d00000| Untracked 
|  13|0x00000000c0d00000, 0x00000000c0e00000, 0x00000000c0e00000|100%| O|  |TAMS 0x00000000c0e00000, 0x00000000c0e00000| Untracked 
|  14|0x00000000c0e00000, 0x00000000c0f00000, 0x00000000c0f00000|100%| O|  |TAMS 0x00000000c0f00000, 0x00000000c0f00000| Untracked 
|  15|0x00000000c0f00000, 0x00000000c1000000, 0x00000000c1000000|100%| O|  |TAMS 0x00000000c1000000, 0x00000000c1000000| Untracked 
|  16|0x00000000c1000000, 0x00000000c1100000, 0x00000000c1100000|100%| O|  |TAMS 0x00000000c1000000, 0x00000000c1100000| Untracked 
|  17|0x00000000c1100000, 0x00000000c1200000, 0x00000000c1200000|100%| O|  |TAMS 0x00000000c1200000, 0x00000000c1200000| Untracked 
|  18|0x00000000c1200000, 0x00000000c1300000, 0x00000000c1300000|100%| O|  |TAMS 0x00000000c1300000, 0x00000000c1300000| Untracked 
|  19|0x00000000c1300000, 0x00000000c1400000, 0x00000000c1400000|100%| O|  |TAMS 0x00000000c1400000, 0x00000000c1400000| Untracked 
|  20|0x00000000c1400000, 0x00000000c1500000, 0x00000000c1500000|100%| O|  |TAMS 0x00000000c1500000, 0x00000000c1500000| Untracked 
|  21|0x00000000c1500000, 0x00000000c1600000, 0x00000000c1600000|100%| O|  |TAMS 0x00000000c1600000, 0x00000000c1600000| Untracked 
|  22|0x00000000c1600000, 0x00000000c1700000, 0x00000000c1700000|100%| O|  |TAMS 0x00000000c1700000, 0x00000000c1700000| Untracked 
|  23|0x00000000c1700000, 0x00000000c1800000, 0x00000000c1800000|100%| O|  |TAMS 0x00000000c1800000, 0x00000000c1800000| Untracked 
|  24|0x00000000c1800000, 0x00000000c186c000, 0x00000000c1900000| 42%| O|  |TAMS 0x00000000c186c000, 0x00000000c186c000| Untracked 
|  25|0x00000000c1900000, 0x00000000c1a00000, 0x00000000c1a00000|100%| O|  |TAMS 0x00000000c1a00000, 0x00000000c1a00000| Untracked 
|  26|0x00000000c1a00000, 0x00000000c1b00000, 0x00000000c1b00000|100%| O|  |TAMS 0x00000000c1b00000, 0x00000000c1b00000| Untracked 
|  27|0x00000000c1b00000, 0x00000000c1c00000, 0x00000000c1c00000|100%| O|  |TAMS 0x00000000c1c00000, 0x00000000c1c00000| Untracked 
|  28|0x00000000c1c00000, 0x00000000c1d00000, 0x00000000c1d00000|100%| O|  |TAMS 0x00000000c1d00000, 0x00000000c1d00000| Untracked 
|  29|0x00000000c1d00000, 0x00000000c1e00000, 0x00000000c1e00000|100%| O|  |TAMS 0x00000000c1e00000, 0x00000000c1e00000| Untracked 
|  30|0x00000000c1e00000, 0x00000000c1f00000, 0x00000000c1f00000|100%| O|  |TAMS 0x00000000c1f00000, 0x00000000c1f00000| Untracked 
|  31|0x00000000c1f00000, 0x00000000c2000000, 0x00000000c2000000|100%| O|  |TAMS 0x00000000c2000000, 0x00000000c2000000| Untracked 
|  32|0x00000000c2000000, 0x00000000c2100000, 0x00000000c2100000|100%| O|  |TAMS 0x00000000c2100000, 0x00000000c2100000| Untracked 
|  33|0x00000000c2100000, 0x00000000c2200000, 0x00000000c2200000|100%| O|  |TAMS 0x00000000c2200000, 0x00000000c2200000| Untracked 
|  34|0x00000000c2200000, 0x00000000c2300000, 0x00000000c2300000|100%| O|  |TAMS 0x00000000c2300000, 0x00000000c2300000| Untracked 
|  35|0x00000000c2300000, 0x00000000c2400000, 0x00000000c2400000|100%| O|  |TAMS 0x00000000c2400000, 0x00000000c2400000| Untracked 
|  36|0x00000000c2400000, 0x00000000c2500000, 0x00000000c2500000|100%| O|  |TAMS 0x00000000c2500000, 0x00000000c2500000| Untracked 
|  37|0x00000000c2500000, 0x00000000c2600000, 0x00000000c2600000|100%| O|  |TAMS 0x00000000c2600000, 0x00000000c2600000| Untracked 
|  38|0x00000000c2600000, 0x00000000c2700000, 0x00000000c2700000|100%| O|  |TAMS 0x00000000c2700000, 0x00000000c2700000| Untracked 
|  39|0x00000000c2700000, 0x00000000c2800000, 0x00000000c2800000|100%| O|  |TAMS 0x00000000c2800000, 0x00000000c2800000| Untracked 
|  40|0x00000000c2800000, 0x00000000c2900000, 0x00000000c2900000|100%|HS|  |TAMS 0x00000000c2900000, 0x00000000c2900000| Complete 
|  41|0x00000000c2900000, 0x00000000c2a00000, 0x00000000c2a00000|100%| O|  |TAMS 0x00000000c2a00000, 0x00000000c2a00000| Untracked 
|  42|0x00000000c2a00000, 0x00000000c2b00000, 0x00000000c2b00000|100%| O|  |TAMS 0x00000000c2b00000, 0x00000000c2b00000| Untracked 
|  43|0x00000000c2b00000, 0x00000000c2c00000, 0x00000000c2c00000|100%| O|  |TAMS 0x00000000c2c00000, 0x00000000c2c00000| Untracked 
|  44|0x00000000c2c00000, 0x00000000c2d00000, 0x00000000c2d00000|100%| O|  |TAMS 0x00000000c2d00000, 0x00000000c2d00000| Untracked 
|  45|0x00000000c2d00000, 0x00000000c2e00000, 0x00000000c2e00000|100%| O|  |TAMS 0x00000000c2e00000, 0x00000000c2e00000| Untracked 
|  46|0x00000000c2e00000, 0x00000000c2f00000, 0x00000000c2f00000|100%| O|  |TAMS 0x00000000c2f00000, 0x00000000c2f00000| Untracked 
|  47|0x00000000c2f00000, 0x00000000c3000000, 0x00000000c3000000|100%| O|  |TAMS 0x00000000c3000000, 0x00000000c3000000| Untracked 
|  48|0x00000000c3000000, 0x00000000c3100000, 0x00000000c3100000|100%| O|  |TAMS 0x00000000c3000000, 0x00000000c3100000| Untracked 
|  49|0x00000000c3100000, 0x00000000c3200000, 0x00000000c3200000|100%| O|  |TAMS 0x00000000c3200000, 0x00000000c3200000| Untracked 
|  50|0x00000000c3200000, 0x00000000c3300000, 0x00000000c3300000|100%| O|  |TAMS 0x00000000c3300000, 0x00000000c3300000| Untracked 
|  51|0x00000000c3300000, 0x00000000c3400000, 0x00000000c3400000|100%| O|  |TAMS 0x00000000c3400000, 0x00000000c3400000| Untracked 
|  52|0x00000000c3400000, 0x00000000c3500000, 0x00000000c3500000|100%| O|  |TAMS 0x00000000c3500000, 0x00000000c3500000| Untracked 
|  53|0x00000000c3500000, 0x00000000c3600000, 0x00000000c3600000|100%| O|  |TAMS 0x00000000c3600000, 0x00000000c3600000| Untracked 
|  54|0x00000000c3600000, 0x00000000c3700000, 0x00000000c3700000|100%| O|  |TAMS 0x00000000c36a4800, 0x00000000c3700000| Untracked 
|  55|0x00000000c3700000, 0x00000000c37d6600, 0x00000000c3800000| 83%| O|  |TAMS 0x00000000c3700000, 0x00000000c37d6600| Untracked 
|  56|0x00000000c3800000, 0x00000000c3900000, 0x00000000c3900000|100%|HS|  |TAMS 0x00000000c3800000, 0x00000000c3900000| Complete 
|  57|0x00000000c3900000, 0x00000000c3a00000, 0x00000000c3a00000|100%|HS|  |TAMS 0x00000000c3900000, 0x00000000c3a00000| Complete 
|  58|0x00000000c3a00000, 0x00000000c3b00000, 0x00000000c3b00000|100%|HC|  |TAMS 0x00000000c3a00000, 0x00000000c3b00000| Complete 
|  59|0x00000000c3b00000, 0x00000000c3c00000, 0x00000000c3c00000|100%| O|  |TAMS 0x00000000c3b00000, 0x00000000c3c00000| Untracked 
|  60|0x00000000c3c00000, 0x00000000c3d00000, 0x00000000c3d00000|100%| O|  |TAMS 0x00000000c3c00000, 0x00000000c3d00000| Untracked 
|  61|0x00000000c3d00000, 0x00000000c3e00000, 0x00000000c3e00000|100%| O|  |TAMS 0x00000000c3d00000, 0x00000000c3e00000| Untracked 
|  62|0x00000000c3e00000, 0x00000000c3f00000, 0x00000000c3f00000|100%| O|  |TAMS 0x00000000c3e00000, 0x00000000c3f00000| Untracked 
|  63|0x00000000c3f00000, 0x00000000c4000000, 0x00000000c4000000|100%| O|  |TAMS 0x00000000c3f00000, 0x00000000c4000000| Untracked 
|  64|0x00000000c4000000, 0x00000000c4100000, 0x00000000c4100000|100%| O|  |TAMS 0x00000000c4000000, 0x00000000c4100000| Untracked 
|  65|0x00000000c4100000, 0x00000000c4200000, 0x00000000c4200000|100%| O|  |TAMS 0x00000000c4100000, 0x00000000c4200000| Untracked 
|  66|0x00000000c4200000, 0x00000000c4300000, 0x00000000c4300000|100%| O|  |TAMS 0x00000000c4200000, 0x00000000c4300000| Untracked 
|  67|0x00000000c4300000, 0x00000000c4400000, 0x00000000c4400000|100%| O|  |TAMS 0x00000000c4300000, 0x00000000c4400000| Untracked 
|  68|0x00000000c4400000, 0x00000000c4500000, 0x00000000c4500000|100%| O|  |TAMS 0x00000000c4400000, 0x00000000c4500000| Untracked 
|  69|0x00000000c4500000, 0x00000000c4600000, 0x00000000c4600000|100%| O|  |TAMS 0x00000000c4500000, 0x00000000c4600000| Untracked 
|  70|0x00000000c4600000, 0x00000000c4700000, 0x00000000c4700000|100%| O|  |TAMS 0x00000000c4600000, 0x00000000c4700000| Untracked 
|  71|0x00000000c4700000, 0x00000000c4800000, 0x00000000c4800000|100%| O|  |TAMS 0x00000000c4700000, 0x00000000c4800000| Untracked 
|  72|0x00000000c4800000, 0x00000000c4900000, 0x00000000c4900000|100%| O|  |TAMS 0x00000000c4800000, 0x00000000c4900000| Untracked 
|  73|0x00000000c4900000, 0x00000000c4a00000, 0x00000000c4a00000|100%| O|  |TAMS 0x00000000c4900000, 0x00000000c4a00000| Untracked 
|  74|0x00000000c4a00000, 0x00000000c4b00000, 0x00000000c4b00000|100%| O|  |TAMS 0x00000000c4a00000, 0x00000000c4b00000| Untracked 
|  75|0x00000000c4b00000, 0x00000000c4c00000, 0x00000000c4c00000|100%| O|  |TAMS 0x00000000c4b00000, 0x00000000c4c00000| Untracked 
|  76|0x00000000c4c00000, 0x00000000c4d00000, 0x00000000c4d00000|100%| O|  |TAMS 0x00000000c4c00000, 0x00000000c4d00000| Untracked 
|  77|0x00000000c4d00000, 0x00000000c4e00000, 0x00000000c4e00000|100%| O|  |TAMS 0x00000000c4d00000, 0x00000000c4e00000| Untracked 
|  78|0x00000000c4e00000, 0x00000000c4f00000, 0x00000000c4f00000|100%| O|  |TAMS 0x00000000c4e00000, 0x00000000c4f00000| Untracked 
|  79|0x00000000c4f00000, 0x00000000c5000000, 0x00000000c5000000|100%|HS|  |TAMS 0x00000000c4f00000, 0x00000000c5000000| Complete 
|  80|0x00000000c5000000, 0x00000000c5100000, 0x00000000c5100000|100%|HC|  |TAMS 0x00000000c5000000, 0x00000000c5100000| Complete 
|  81|0x00000000c5100000, 0x00000000c5200000, 0x00000000c5200000|100%|HC|  |TAMS 0x00000000c5100000, 0x00000000c5200000| Complete 
|  82|0x00000000c5200000, 0x00000000c5300000, 0x00000000c5300000|100%| O|  |TAMS 0x00000000c5200000, 0x00000000c5300000| Untracked 
|  83|0x00000000c5300000, 0x00000000c5400000, 0x00000000c5400000|100%| O|  |TAMS 0x00000000c5300000, 0x00000000c5400000| Untracked 
|  84|0x00000000c5400000, 0x00000000c5500000, 0x00000000c5500000|100%| O|  |TAMS 0x00000000c5400000, 0x00000000c5500000| Untracked 
|  85|0x00000000c5500000, 0x00000000c5600000, 0x00000000c5600000|100%| O|  |TAMS 0x00000000c5500000, 0x00000000c5600000| Untracked 
|  86|0x00000000c5600000, 0x00000000c5700000, 0x00000000c5700000|100%| O|  |TAMS 0x00000000c5600000, 0x00000000c5700000| Untracked 
|  87|0x00000000c5700000, 0x00000000c5800000, 0x00000000c5800000|100%| O|  |TAMS 0x00000000c5700000, 0x00000000c5800000| Untracked 
|  88|0x00000000c5800000, 0x00000000c5900000, 0x00000000c5900000|100%| O|  |TAMS 0x00000000c5800000, 0x00000000c5900000| Untracked 
|  89|0x00000000c5900000, 0x00000000c5a00000, 0x00000000c5a00000|100%| O|  |TAMS 0x00000000c5900000, 0x00000000c5a00000| Untracked 
|  90|0x00000000c5a00000, 0x00000000c5b00000, 0x00000000c5b00000|100%| O|  |TAMS 0x00000000c5a00000, 0x00000000c5b00000| Untracked 
|  91|0x00000000c5b00000, 0x00000000c5c00000, 0x00000000c5c00000|100%| O|  |TAMS 0x00000000c5b00000, 0x00000000c5c00000| Untracked 
|  92|0x00000000c5c00000, 0x00000000c5d00000, 0x00000000c5d00000|100%| O|  |TAMS 0x00000000c5c00000, 0x00000000c5d00000| Untracked 
|  93|0x00000000c5d00000, 0x00000000c5e00000, 0x00000000c5e00000|100%| O|  |TAMS 0x00000000c5d00000, 0x00000000c5e00000| Untracked 
|  94|0x00000000c5e00000, 0x00000000c5f00000, 0x00000000c5f00000|100%| O|  |TAMS 0x00000000c5e00000, 0x00000000c5f00000| Untracked 
|  95|0x00000000c5f00000, 0x00000000c6000000, 0x00000000c6000000|100%| O|  |TAMS 0x00000000c5f00000, 0x00000000c6000000| Untracked 
|  96|0x00000000c6000000, 0x00000000c6100000, 0x00000000c6100000|100%| O|  |TAMS 0x00000000c6000000, 0x00000000c6100000| Untracked 
|  97|0x00000000c6100000, 0x00000000c6200000, 0x00000000c6200000|100%| O|  |TAMS 0x00000000c6100000, 0x00000000c6200000| Untracked 
|  98|0x00000000c6200000, 0x00000000c6300000, 0x00000000c6300000|100%| O|  |TAMS 0x00000000c6200000, 0x00000000c6300000| Untracked 
|  99|0x00000000c6300000, 0x00000000c6400000, 0x00000000c6400000|100%| O|  |TAMS 0x00000000c6300000, 0x00000000c6400000| Untracked 
| 100|0x00000000c6400000, 0x00000000c6500000, 0x00000000c6500000|100%| O|  |TAMS 0x00000000c6400000, 0x00000000c6500000| Untracked 
| 101|0x00000000c6500000, 0x00000000c6600000, 0x00000000c6600000|100%| O|  |TAMS 0x00000000c6500000, 0x00000000c6600000| Untracked 
| 102|0x00000000c6600000, 0x00000000c6700000, 0x00000000c6700000|100%| O|  |TAMS 0x00000000c6600000, 0x00000000c6700000| Untracked 
| 103|0x00000000c6700000, 0x00000000c6800000, 0x00000000c6800000|100%| O|  |TAMS 0x00000000c6700000, 0x00000000c6800000| Untracked 
| 104|0x00000000c6800000, 0x00000000c6900000, 0x00000000c6900000|100%| O|  |TAMS 0x00000000c6800000, 0x00000000c6900000| Untracked 
| 105|0x00000000c6900000, 0x00000000c6a00000, 0x00000000c6a00000|100%| O|  |TAMS 0x00000000c6900000, 0x00000000c6a00000| Untracked 
| 106|0x00000000c6a00000, 0x00000000c6b00000, 0x00000000c6b00000|100%| O|  |TAMS 0x00000000c6a00000, 0x00000000c6b00000| Untracked 
| 107|0x00000000c6b00000, 0x00000000c6c00000, 0x00000000c6c00000|100%| O|  |TAMS 0x00000000c6b00000, 0x00000000c6c00000| Untracked 
| 108|0x00000000c6c00000, 0x00000000c6d00000, 0x00000000c6d00000|100%| O|  |TAMS 0x00000000c6c00000, 0x00000000c6d00000| Untracked 
| 109|0x00000000c6d00000, 0x00000000c6e00000, 0x00000000c6e00000|100%| O|  |TAMS 0x00000000c6d00000, 0x00000000c6e00000| Untracked 
| 110|0x00000000c6e00000, 0x00000000c6f00000, 0x00000000c6f00000|100%| O|  |TAMS 0x00000000c6e00000, 0x00000000c6f00000| Untracked 
| 111|0x00000000c6f00000, 0x00000000c7000000, 0x00000000c7000000|100%| O|  |TAMS 0x00000000c6f00000, 0x00000000c7000000| Untracked 
| 112|0x00000000c7000000, 0x00000000c7100000, 0x00000000c7100000|100%| O|  |TAMS 0x00000000c7000000, 0x00000000c7100000| Untracked 
| 113|0x00000000c7100000, 0x00000000c7200000, 0x00000000c7200000|100%| O|  |TAMS 0x00000000c7100000, 0x00000000c7200000| Untracked 
| 114|0x00000000c7200000, 0x00000000c7300000, 0x00000000c7300000|100%| O|  |TAMS 0x00000000c7200000, 0x00000000c7300000| Untracked 
| 115|0x00000000c7300000, 0x00000000c7400000, 0x00000000c7400000|100%| O|  |TAMS 0x00000000c7300000, 0x00000000c7400000| Untracked 
| 116|0x00000000c7400000, 0x00000000c7500000, 0x00000000c7500000|100%| O|  |TAMS 0x00000000c7400000, 0x00000000c7500000| Untracked 
| 117|0x00000000c7500000, 0x00000000c7600000, 0x00000000c7600000|100%| O|  |TAMS 0x00000000c7500000, 0x00000000c7500000| Untracked 
| 118|0x00000000c7600000, 0x00000000c7700000, 0x00000000c7700000|100%| O|  |TAMS 0x00000000c7600000, 0x00000000c7600000| Untracked 
| 119|0x00000000c7700000, 0x00000000c7800000, 0x00000000c7800000|100%| O|  |TAMS 0x00000000c7700000, 0x00000000c7700000| Untracked 
| 120|0x00000000c7800000, 0x00000000c7900000, 0x00000000c7900000|100%| O|  |TAMS 0x00000000c7800000, 0x00000000c7800000| Untracked 
| 121|0x00000000c7900000, 0x00000000c7a00000, 0x00000000c7a00000|100%| O|  |TAMS 0x00000000c7900000, 0x00000000c7900000| Untracked 
| 122|0x00000000c7a00000, 0x00000000c7b00000, 0x00000000c7b00000|100%| O|  |TAMS 0x00000000c7a00000, 0x00000000c7a00000| Untracked 
| 123|0x00000000c7b00000, 0x00000000c7c00000, 0x00000000c7c00000|100%| O|  |TAMS 0x00000000c7b00000, 0x00000000c7b00000| Untracked 
| 124|0x00000000c7c00000, 0x00000000c7d00000, 0x00000000c7d00000|100%| O|  |TAMS 0x00000000c7c00000, 0x00000000c7c00000| Untracked 
| 125|0x00000000c7d00000, 0x00000000c7e00000, 0x00000000c7e00000|100%| O|  |TAMS 0x00000000c7d00000, 0x00000000c7d00000| Untracked 
| 126|0x00000000c7e00000, 0x00000000c7f00000, 0x00000000c7f00000|100%| O|  |TAMS 0x00000000c7e00000, 0x00000000c7e00000| Untracked 
| 127|0x00000000c7f00000, 0x00000000c8000000, 0x00000000c8000000|100%| O|  |TAMS 0x00000000c7f00000, 0x00000000c7f00000| Untracked 
| 128|0x00000000c8000000, 0x00000000c8100000, 0x00000000c8100000|100%| O|  |TAMS 0x00000000c8000000, 0x00000000c8000000| Untracked 
| 129|0x00000000c8100000, 0x00000000c8200000, 0x00000000c8200000|100%| O|  |TAMS 0x00000000c8100000, 0x00000000c8100000| Untracked 
| 130|0x00000000c8200000, 0x00000000c8300000, 0x00000000c8300000|100%| O|  |TAMS 0x00000000c8200000, 0x00000000c8200000| Untracked 
| 131|0x00000000c8300000, 0x00000000c8380000, 0x00000000c8400000| 50%| O|  |TAMS 0x00000000c8300000, 0x00000000c8300000| Untracked 
| 132|0x00000000c8400000, 0x00000000c8400000, 0x00000000c8500000|  0%| F|  |TAMS 0x00000000c8400000, 0x00000000c8400000| Untracked 
| 133|0x00000000c8500000, 0x00000000c8500000, 0x00000000c8600000|  0%| F|  |TAMS 0x00000000c8500000, 0x00000000c8500000| Untracked 
| 134|0x00000000c8600000, 0x00000000c8600000, 0x00000000c8700000|  0%| F|  |TAMS 0x00000000c8600000, 0x00000000c8600000| Untracked 
| 135|0x00000000c8700000, 0x00000000c8700000, 0x00000000c8800000|  0%| F|  |TAMS 0x00000000c8700000, 0x00000000c8700000| Untracked 
| 136|0x00000000c8800000, 0x00000000c8800000, 0x00000000c8900000|  0%| F|  |TAMS 0x00000000c8800000, 0x00000000c8800000| Untracked 
| 137|0x00000000c8900000, 0x00000000c8900000, 0x00000000c8a00000|  0%| F|  |TAMS 0x00000000c8900000, 0x00000000c8900000| Untracked 
| 138|0x00000000c8a00000, 0x00000000c8a00000, 0x00000000c8b00000|  0%| F|  |TAMS 0x00000000c8a00000, 0x00000000c8a00000| Untracked 
| 139|0x00000000c8b00000, 0x00000000c8b00000, 0x00000000c8c00000|  0%| F|  |TAMS 0x00000000c8b00000, 0x00000000c8b00000| Untracked 
| 140|0x00000000c8c00000, 0x00000000c8c00000, 0x00000000c8d00000|  0%| F|  |TAMS 0x00000000c8c00000, 0x00000000c8c00000| Untracked 
| 141|0x00000000c8d00000, 0x00000000c8d00000, 0x00000000c8e00000|  0%| F|  |TAMS 0x00000000c8d00000, 0x00000000c8d00000| Untracked 
| 142|0x00000000c8e00000, 0x00000000c8e00000, 0x00000000c8f00000|  0%| F|  |TAMS 0x00000000c8e00000, 0x00000000c8e00000| Untracked 
| 143|0x00000000c8f00000, 0x00000000c8f00000, 0x00000000c9000000|  0%| F|  |TAMS 0x00000000c8f00000, 0x00000000c8f00000| Untracked 
| 144|0x00000000c9000000, 0x00000000c9000000, 0x00000000c9100000|  0%| F|  |TAMS 0x00000000c9000000, 0x00000000c9000000| Untracked 
| 145|0x00000000c9100000, 0x00000000c9100000, 0x00000000c9200000|  0%| F|  |TAMS 0x00000000c9100000, 0x00000000c9100000| Untracked 
| 146|0x00000000c9200000, 0x00000000c9200000, 0x00000000c9300000|  0%| F|  |TAMS 0x00000000c9200000, 0x00000000c9200000| Untracked 
| 147|0x00000000c9300000, 0x00000000c9300000, 0x00000000c9400000|  0%| F|  |TAMS 0x00000000c9300000, 0x00000000c9300000| Untracked 
| 148|0x00000000c9400000, 0x00000000c9400000, 0x00000000c9500000|  0%| F|  |TAMS 0x00000000c9400000, 0x00000000c9400000| Untracked 
| 149|0x00000000c9500000, 0x00000000c9500000, 0x00000000c9600000|  0%| F|  |TAMS 0x00000000c9500000, 0x00000000c9500000| Untracked 
| 150|0x00000000c9600000, 0x00000000c9600000, 0x00000000c9700000|  0%| F|  |TAMS 0x00000000c9600000, 0x00000000c9600000| Untracked 
| 151|0x00000000c9700000, 0x00000000c9700000, 0x00000000c9800000|  0%| F|  |TAMS 0x00000000c9700000, 0x00000000c9700000| Untracked 
| 152|0x00000000c9800000, 0x00000000c9800000, 0x00000000c9900000|  0%| F|  |TAMS 0x00000000c9800000, 0x00000000c9800000| Untracked 
| 153|0x00000000c9900000, 0x00000000c9900000, 0x00000000c9a00000|  0%| F|  |TAMS 0x00000000c9900000, 0x00000000c9900000| Untracked 
| 154|0x00000000c9a00000, 0x00000000c9a00000, 0x00000000c9b00000|  0%| F|  |TAMS 0x00000000c9a00000, 0x00000000c9a00000| Untracked 
| 155|0x00000000c9b00000, 0x00000000c9b00000, 0x00000000c9c00000|  0%| F|  |TAMS 0x00000000c9b00000, 0x00000000c9b00000| Untracked 
| 156|0x00000000c9c00000, 0x00000000c9c00000, 0x00000000c9d00000|  0%| F|  |TAMS 0x00000000c9c00000, 0x00000000c9c00000| Untracked 
| 157|0x00000000c9d00000, 0x00000000c9d00000, 0x00000000c9e00000|  0%| F|  |TAMS 0x00000000c9d00000, 0x00000000c9d00000| Untracked 
| 158|0x00000000c9e00000, 0x00000000c9e00000, 0x00000000c9f00000|  0%| F|  |TAMS 0x00000000c9e00000, 0x00000000c9e00000| Untracked 
| 159|0x00000000c9f00000, 0x00000000c9f00000, 0x00000000ca000000|  0%| F|  |TAMS 0x00000000c9f00000, 0x00000000c9f00000| Untracked 
| 160|0x00000000ca000000, 0x00000000ca000000, 0x00000000ca100000|  0%| F|  |TAMS 0x00000000ca000000, 0x00000000ca000000| Untracked 
| 161|0x00000000ca100000, 0x00000000ca100000, 0x00000000ca200000|  0%| F|  |TAMS 0x00000000ca100000, 0x00000000ca100000| Untracked 
| 162|0x00000000ca200000, 0x00000000ca300000, 0x00000000ca300000|100%| S|CS|TAMS 0x00000000ca200000, 0x00000000ca200000| Complete 
| 163|0x00000000ca300000, 0x00000000ca400000, 0x00000000ca400000|100%| S|CS|TAMS 0x00000000ca300000, 0x00000000ca300000| Complete 
| 164|0x00000000ca400000, 0x00000000ca400000, 0x00000000ca500000|  0%| F|  |TAMS 0x00000000ca400000, 0x00000000ca400000| Untracked 
| 165|0x00000000ca500000, 0x00000000ca500000, 0x00000000ca600000|  0%| F|  |TAMS 0x00000000ca500000, 0x00000000ca500000| Untracked 
| 166|0x00000000ca600000, 0x00000000ca600000, 0x00000000ca700000|  0%| F|  |TAMS 0x00000000ca600000, 0x00000000ca600000| Untracked 
| 167|0x00000000ca700000, 0x00000000ca700000, 0x00000000ca800000|  0%| F|  |TAMS 0x00000000ca700000, 0x00000000ca700000| Untracked 
| 168|0x00000000ca800000, 0x00000000ca800000, 0x00000000ca900000|  0%| F|  |TAMS 0x00000000ca800000, 0x00000000ca800000| Untracked 
| 169|0x00000000ca900000, 0x00000000ca900000, 0x00000000caa00000|  0%| F|  |TAMS 0x00000000ca900000, 0x00000000ca900000| Untracked 
| 170|0x00000000caa00000, 0x00000000caa00000, 0x00000000cab00000|  0%| F|  |TAMS 0x00000000caa00000, 0x00000000caa00000| Untracked 
| 171|0x00000000cab00000, 0x00000000cab00000, 0x00000000cac00000|  0%| F|  |TAMS 0x00000000cab00000, 0x00000000cab00000| Untracked 
| 172|0x00000000cac00000, 0x00000000cac00000, 0x00000000cad00000|  0%| F|  |TAMS 0x00000000cac00000, 0x00000000cac00000| Untracked 
| 173|0x00000000cad00000, 0x00000000cad00000, 0x00000000cae00000|  0%| F|  |TAMS 0x00000000cad00000, 0x00000000cad00000| Untracked 
| 174|0x00000000cae00000, 0x00000000caf00000, 0x00000000caf00000|100%| S|CS|TAMS 0x00000000cae00000, 0x00000000cae00000| Complete 
| 175|0x00000000caf00000, 0x00000000cb000000, 0x00000000cb000000|100%| S|CS|TAMS 0x00000000caf00000, 0x00000000caf00000| Complete 
| 176|0x00000000cb000000, 0x00000000cb100000, 0x00000000cb100000|100%| S|CS|TAMS 0x00000000cb000000, 0x00000000cb000000| Complete 
| 177|0x00000000cb100000, 0x00000000cb200000, 0x00000000cb200000|100%| S|CS|TAMS 0x00000000cb100000, 0x00000000cb100000| Complete 
| 178|0x00000000cb200000, 0x00000000cb300000, 0x00000000cb300000|100%| S|CS|TAMS 0x00000000cb200000, 0x00000000cb200000| Complete 
| 179|0x00000000cb300000, 0x00000000cb400000, 0x00000000cb400000|100%| S|CS|TAMS 0x00000000cb300000, 0x00000000cb300000| Complete 
| 180|0x00000000cb400000, 0x00000000cb500000, 0x00000000cb500000|100%| S|CS|TAMS 0x00000000cb400000, 0x00000000cb400000| Complete 
| 181|0x00000000cb500000, 0x00000000cb500000, 0x00000000cb600000|  0%| F|  |TAMS 0x00000000cb500000, 0x00000000cb500000| Untracked 
| 182|0x00000000cb600000, 0x00000000cb600000, 0x00000000cb700000|  0%| F|  |TAMS 0x00000000cb600000, 0x00000000cb600000| Untracked 
| 183|0x00000000cb700000, 0x00000000cb700000, 0x00000000cb800000|  0%| F|  |TAMS 0x00000000cb700000, 0x00000000cb700000| Untracked 
| 184|0x00000000cb800000, 0x00000000cb800000, 0x00000000cb900000|  0%| F|  |TAMS 0x00000000cb800000, 0x00000000cb800000| Untracked 
| 185|0x00000000cb900000, 0x00000000cb900000, 0x00000000cba00000|  0%| F|  |TAMS 0x00000000cb900000, 0x00000000cb900000| Untracked 
| 186|0x00000000cba00000, 0x00000000cba00000, 0x00000000cbb00000|  0%| F|  |TAMS 0x00000000cba00000, 0x00000000cba00000| Untracked 
| 187|0x00000000cbb00000, 0x00000000cbb00000, 0x00000000cbc00000|  0%| F|  |TAMS 0x00000000cbb00000, 0x00000000cbb00000| Untracked 
| 188|0x00000000cbc00000, 0x00000000cbc00000, 0x00000000cbd00000|  0%| F|  |TAMS 0x00000000cbc00000, 0x00000000cbc00000| Untracked 
| 189|0x00000000cbd00000, 0x00000000cbd00000, 0x00000000cbe00000|  0%| F|  |TAMS 0x00000000cbd00000, 0x00000000cbd00000| Untracked 
| 190|0x00000000cbe00000, 0x00000000cbe00000, 0x00000000cbf00000|  0%| F|  |TAMS 0x00000000cbe00000, 0x00000000cbe00000| Untracked 
| 191|0x00000000cbf00000, 0x00000000cbf00000, 0x00000000cc000000|  0%| F|  |TAMS 0x00000000cbf00000, 0x00000000cbf00000| Untracked 
| 192|0x00000000cc000000, 0x00000000cc000000, 0x00000000cc100000|  0%| F|  |TAMS 0x00000000cc000000, 0x00000000cc000000| Untracked 
| 193|0x00000000cc100000, 0x00000000cc100000, 0x00000000cc200000|  0%| F|  |TAMS 0x00000000cc100000, 0x00000000cc100000| Untracked 
| 194|0x00000000cc200000, 0x00000000cc200000, 0x00000000cc300000|  0%| F|  |TAMS 0x00000000cc200000, 0x00000000cc200000| Untracked 
| 195|0x00000000cc300000, 0x00000000cc300000, 0x00000000cc400000|  0%| F|  |TAMS 0x00000000cc300000, 0x00000000cc300000| Untracked 
| 196|0x00000000cc400000, 0x00000000cc400000, 0x00000000cc500000|  0%| F|  |TAMS 0x00000000cc400000, 0x00000000cc400000| Untracked 
| 197|0x00000000cc500000, 0x00000000cc500000, 0x00000000cc600000|  0%| F|  |TAMS 0x00000000cc500000, 0x00000000cc500000| Untracked 
| 198|0x00000000cc600000, 0x00000000cc600000, 0x00000000cc700000|  0%| F|  |TAMS 0x00000000cc600000, 0x00000000cc600000| Untracked 
| 199|0x00000000cc700000, 0x00000000cc700000, 0x00000000cc800000|  0%| F|  |TAMS 0x00000000cc700000, 0x00000000cc700000| Untracked 
| 200|0x00000000cc800000, 0x00000000cc800000, 0x00000000cc900000|  0%| F|  |TAMS 0x00000000cc800000, 0x00000000cc800000| Untracked 
| 201|0x00000000cc900000, 0x00000000cc900000, 0x00000000cca00000|  0%| F|  |TAMS 0x00000000cc900000, 0x00000000cc900000| Untracked 
| 202|0x00000000cca00000, 0x00000000cca00000, 0x00000000ccb00000|  0%| F|  |TAMS 0x00000000cca00000, 0x00000000cca00000| Untracked 
| 203|0x00000000ccb00000, 0x00000000ccb00000, 0x00000000ccc00000|  0%| F|  |TAMS 0x00000000ccb00000, 0x00000000ccb00000| Untracked 
| 204|0x00000000ccc00000, 0x00000000ccc00000, 0x00000000ccd00000|  0%| F|  |TAMS 0x00000000ccc00000, 0x00000000ccc00000| Untracked 
| 205|0x00000000ccd00000, 0x00000000ccd00000, 0x00000000cce00000|  0%| F|  |TAMS 0x00000000ccd00000, 0x00000000ccd00000| Untracked 
| 206|0x00000000cce00000, 0x00000000cce00000, 0x00000000ccf00000|  0%| F|  |TAMS 0x00000000cce00000, 0x00000000cce00000| Untracked 
| 207|0x00000000ccf00000, 0x00000000ccf00000, 0x00000000cd000000|  0%| F|  |TAMS 0x00000000ccf00000, 0x00000000ccf00000| Untracked 
| 208|0x00000000cd000000, 0x00000000cd000000, 0x00000000cd100000|  0%| F|  |TAMS 0x00000000cd000000, 0x00000000cd000000| Untracked 
| 209|0x00000000cd100000, 0x00000000cd100000, 0x00000000cd200000|  0%| F|  |TAMS 0x00000000cd100000, 0x00000000cd100000| Untracked 
| 210|0x00000000cd200000, 0x00000000cd200000, 0x00000000cd300000|  0%| F|  |TAMS 0x00000000cd200000, 0x00000000cd200000| Untracked 
| 211|0x00000000cd300000, 0x00000000cd300000, 0x00000000cd400000|  0%| F|  |TAMS 0x00000000cd300000, 0x00000000cd300000| Untracked 
| 212|0x00000000cd400000, 0x00000000cd400000, 0x00000000cd500000|  0%| F|  |TAMS 0x00000000cd400000, 0x00000000cd400000| Untracked 
| 213|0x00000000cd500000, 0x00000000cd500000, 0x00000000cd600000|  0%| F|  |TAMS 0x00000000cd500000, 0x00000000cd500000| Untracked 
| 214|0x00000000cd600000, 0x00000000cd600000, 0x00000000cd700000|  0%| F|  |TAMS 0x00000000cd600000, 0x00000000cd600000| Untracked 
| 215|0x00000000cd700000, 0x00000000cd700000, 0x00000000cd800000|  0%| F|  |TAMS 0x00000000cd700000, 0x00000000cd700000| Untracked 
| 216|0x00000000cd800000, 0x00000000cd800000, 0x00000000cd900000|  0%| F|  |TAMS 0x00000000cd800000, 0x00000000cd800000| Untracked 
| 217|0x00000000cd900000, 0x00000000cd900000, 0x00000000cda00000|  0%| F|  |TAMS 0x00000000cd900000, 0x00000000cd900000| Untracked 
| 218|0x00000000cda00000, 0x00000000cda00000, 0x00000000cdb00000|  0%| F|  |TAMS 0x00000000cda00000, 0x00000000cda00000| Untracked 
| 219|0x00000000cdb00000, 0x00000000cdb00000, 0x00000000cdc00000|  0%| F|  |TAMS 0x00000000cdb00000, 0x00000000cdb00000| Untracked 
| 220|0x00000000cdc00000, 0x00000000cdc00000, 0x00000000cdd00000|  0%| F|  |TAMS 0x00000000cdc00000, 0x00000000cdc00000| Untracked 
| 221|0x00000000cdd00000, 0x00000000cdd00000, 0x00000000cde00000|  0%| F|  |TAMS 0x00000000cdd00000, 0x00000000cdd00000| Untracked 
| 222|0x00000000cde00000, 0x00000000cde00000, 0x00000000cdf00000|  0%| F|  |TAMS 0x00000000cde00000, 0x00000000cde00000| Untracked 
| 223|0x00000000cdf00000, 0x00000000cdf00000, 0x00000000ce000000|  0%| F|  |TAMS 0x00000000cdf00000, 0x00000000cdf00000| Untracked 
| 224|0x00000000ce000000, 0x00000000ce000000, 0x00000000ce100000|  0%| F|  |TAMS 0x00000000ce000000, 0x00000000ce000000| Untracked 
| 225|0x00000000ce100000, 0x00000000ce100000, 0x00000000ce200000|  0%| F|  |TAMS 0x00000000ce100000, 0x00000000ce100000| Untracked 
| 226|0x00000000ce200000, 0x00000000ce200000, 0x00000000ce300000|  0%| F|  |TAMS 0x00000000ce200000, 0x00000000ce200000| Untracked 
| 227|0x00000000ce300000, 0x00000000ce300000, 0x00000000ce400000|  0%| F|  |TAMS 0x00000000ce300000, 0x00000000ce300000| Untracked 
| 228|0x00000000ce400000, 0x00000000ce400000, 0x00000000ce500000|  0%| F|  |TAMS 0x00000000ce400000, 0x00000000ce400000| Untracked 
| 229|0x00000000ce500000, 0x00000000ce500000, 0x00000000ce600000|  0%| F|  |TAMS 0x00000000ce500000, 0x00000000ce500000| Untracked 
| 230|0x00000000ce600000, 0x00000000ce600000, 0x00000000ce700000|  0%| F|  |TAMS 0x00000000ce600000, 0x00000000ce600000| Untracked 
| 231|0x00000000ce700000, 0x00000000ce700000, 0x00000000ce800000|  0%| F|  |TAMS 0x00000000ce700000, 0x00000000ce700000| Untracked 
| 232|0x00000000ce800000, 0x00000000ce800000, 0x00000000ce900000|  0%| F|  |TAMS 0x00000000ce800000, 0x00000000ce800000| Untracked 
| 233|0x00000000ce900000, 0x00000000ce900000, 0x00000000cea00000|  0%| F|  |TAMS 0x00000000ce900000, 0x00000000ce900000| Untracked 
| 234|0x00000000cea00000, 0x00000000cea00000, 0x00000000ceb00000|  0%| F|  |TAMS 0x00000000cea00000, 0x00000000cea00000| Untracked 
| 235|0x00000000ceb00000, 0x00000000ceb00000, 0x00000000cec00000|  0%| F|  |TAMS 0x00000000ceb00000, 0x00000000ceb00000| Untracked 
| 236|0x00000000cec00000, 0x00000000cec00000, 0x00000000ced00000|  0%| F|  |TAMS 0x00000000cec00000, 0x00000000cec00000| Untracked 
| 237|0x00000000ced00000, 0x00000000ced00000, 0x00000000cee00000|  0%| F|  |TAMS 0x00000000ced00000, 0x00000000ced00000| Untracked 
| 238|0x00000000cee00000, 0x00000000cee00000, 0x00000000cef00000|  0%| F|  |TAMS 0x00000000cee00000, 0x00000000cee00000| Untracked 
| 239|0x00000000cef00000, 0x00000000cef00000, 0x00000000cf000000|  0%| F|  |TAMS 0x00000000cef00000, 0x00000000cef00000| Untracked 
| 240|0x00000000cf000000, 0x00000000cf000000, 0x00000000cf100000|  0%| F|  |TAMS 0x00000000cf000000, 0x00000000cf000000| Untracked 
| 241|0x00000000cf100000, 0x00000000cf100000, 0x00000000cf200000|  0%| F|  |TAMS 0x00000000cf100000, 0x00000000cf100000| Untracked 
| 242|0x00000000cf200000, 0x00000000cf200000, 0x00000000cf300000|  0%| F|  |TAMS 0x00000000cf200000, 0x00000000cf200000| Untracked 
| 243|0x00000000cf300000, 0x00000000cf300000, 0x00000000cf400000|  0%| F|  |TAMS 0x00000000cf300000, 0x00000000cf300000| Untracked 
| 244|0x00000000cf400000, 0x00000000cf400000, 0x00000000cf500000|  0%| F|  |TAMS 0x00000000cf400000, 0x00000000cf400000| Untracked 
| 245|0x00000000cf500000, 0x00000000cf500000, 0x00000000cf600000|  0%| F|  |TAMS 0x00000000cf500000, 0x00000000cf500000| Untracked 
| 246|0x00000000cf600000, 0x00000000cf600000, 0x00000000cf700000|  0%| F|  |TAMS 0x00000000cf600000, 0x00000000cf600000| Untracked 
| 247|0x00000000cf700000, 0x00000000cf700000, 0x00000000cf800000|  0%| F|  |TAMS 0x00000000cf700000, 0x00000000cf700000| Untracked 
| 248|0x00000000cf800000, 0x00000000cf800000, 0x00000000cf900000|  0%| F|  |TAMS 0x00000000cf800000, 0x00000000cf800000| Untracked 
| 249|0x00000000cf900000, 0x00000000cf900000, 0x00000000cfa00000|  0%| F|  |TAMS 0x00000000cf900000, 0x00000000cf900000| Untracked 
| 250|0x00000000cfa00000, 0x00000000cfa00000, 0x00000000cfb00000|  0%| F|  |TAMS 0x00000000cfa00000, 0x00000000cfa00000| Untracked 
| 251|0x00000000cfb00000, 0x00000000cfb00000, 0x00000000cfc00000|  0%| F|  |TAMS 0x00000000cfb00000, 0x00000000cfb00000| Untracked 
| 252|0x00000000cfc00000, 0x00000000cfc00000, 0x00000000cfd00000|  0%| F|  |TAMS 0x00000000cfc00000, 0x00000000cfc00000| Untracked 
| 253|0x00000000cfd00000, 0x00000000cfd00000, 0x00000000cfe00000|  0%| F|  |TAMS 0x00000000cfd00000, 0x00000000cfd00000| Untracked 
| 254|0x00000000cfe00000, 0x00000000cfe00000, 0x00000000cff00000|  0%| F|  |TAMS 0x00000000cfe00000, 0x00000000cfe00000| Untracked 
| 255|0x00000000cff00000, 0x00000000cff00000, 0x00000000d0000000|  0%| F|  |TAMS 0x00000000cff00000, 0x00000000cff00000| Untracked 
| 256|0x00000000d0000000, 0x00000000d0000000, 0x00000000d0100000|  0%| F|  |TAMS 0x00000000d0000000, 0x00000000d0000000| Untracked 
| 257|0x00000000d0100000, 0x00000000d0100000, 0x00000000d0200000|  0%| F|  |TAMS 0x00000000d0100000, 0x00000000d0100000| Untracked 
| 258|0x00000000d0200000, 0x00000000d0200000, 0x00000000d0300000|  0%| F|  |TAMS 0x00000000d0200000, 0x00000000d0200000| Untracked 
| 259|0x00000000d0300000, 0x00000000d0300000, 0x00000000d0400000|  0%| F|  |TAMS 0x00000000d0300000, 0x00000000d0300000| Untracked 
| 260|0x00000000d0400000, 0x00000000d0400000, 0x00000000d0500000|  0%| F|  |TAMS 0x00000000d0400000, 0x00000000d0400000| Untracked 
| 261|0x00000000d0500000, 0x00000000d0500000, 0x00000000d0600000|  0%| F|  |TAMS 0x00000000d0500000, 0x00000000d0500000| Untracked 
| 262|0x00000000d0600000, 0x00000000d0600000, 0x00000000d0700000|  0%| F|  |TAMS 0x00000000d0600000, 0x00000000d0600000| Untracked 
| 263|0x00000000d0700000, 0x00000000d0700000, 0x00000000d0800000|  0%| F|  |TAMS 0x00000000d0700000, 0x00000000d0700000| Untracked 
| 264|0x00000000d0800000, 0x00000000d0800000, 0x00000000d0900000|  0%| F|  |TAMS 0x00000000d0800000, 0x00000000d0800000| Untracked 
| 265|0x00000000d0900000, 0x00000000d0900000, 0x00000000d0a00000|  0%| F|  |TAMS 0x00000000d0900000, 0x00000000d0900000| Untracked 
| 266|0x00000000d0a00000, 0x00000000d0a00000, 0x00000000d0b00000|  0%| F|  |TAMS 0x00000000d0a00000, 0x00000000d0a00000| Untracked 
| 267|0x00000000d0b00000, 0x00000000d0b00000, 0x00000000d0c00000|  0%| F|  |TAMS 0x00000000d0b00000, 0x00000000d0b00000| Untracked 
| 268|0x00000000d0c00000, 0x00000000d0c00000, 0x00000000d0d00000|  0%| F|  |TAMS 0x00000000d0c00000, 0x00000000d0c00000| Untracked 
| 269|0x00000000d0d00000, 0x00000000d0d00000, 0x00000000d0e00000|  0%| F|  |TAMS 0x00000000d0d00000, 0x00000000d0d00000| Untracked 
| 270|0x00000000d0e00000, 0x00000000d0e00000, 0x00000000d0f00000|  0%| F|  |TAMS 0x00000000d0e00000, 0x00000000d0e00000| Untracked 
| 271|0x00000000d0f00000, 0x00000000d0f00000, 0x00000000d1000000|  0%| F|  |TAMS 0x00000000d0f00000, 0x00000000d0f00000| Untracked 
| 272|0x00000000d1000000, 0x00000000d1000000, 0x00000000d1100000|  0%| F|  |TAMS 0x00000000d1000000, 0x00000000d1000000| Untracked 
| 273|0x00000000d1100000, 0x00000000d1100000, 0x00000000d1200000|  0%| F|  |TAMS 0x00000000d1100000, 0x00000000d1100000| Untracked 
| 274|0x00000000d1200000, 0x00000000d1200000, 0x00000000d1300000|  0%| F|  |TAMS 0x00000000d1200000, 0x00000000d1200000| Untracked 
| 275|0x00000000d1300000, 0x00000000d1300000, 0x00000000d1400000|  0%| F|  |TAMS 0x00000000d1300000, 0x00000000d1300000| Untracked 
| 276|0x00000000d1400000, 0x00000000d1400000, 0x00000000d1500000|  0%| F|  |TAMS 0x00000000d1400000, 0x00000000d1400000| Untracked 
| 277|0x00000000d1500000, 0x00000000d1500000, 0x00000000d1600000|  0%| F|  |TAMS 0x00000000d1500000, 0x00000000d1500000| Untracked 
| 278|0x00000000d1600000, 0x00000000d1600000, 0x00000000d1700000|  0%| F|  |TAMS 0x00000000d1600000, 0x00000000d1600000| Untracked 
| 279|0x00000000d1700000, 0x00000000d1700000, 0x00000000d1800000|  0%| F|  |TAMS 0x00000000d1700000, 0x00000000d1700000| Untracked 
| 280|0x00000000d1800000, 0x00000000d1800000, 0x00000000d1900000|  0%| F|  |TAMS 0x00000000d1800000, 0x00000000d1800000| Untracked 
| 281|0x00000000d1900000, 0x00000000d1900000, 0x00000000d1a00000|  0%| F|  |TAMS 0x00000000d1900000, 0x00000000d1900000| Untracked 
| 282|0x00000000d1a00000, 0x00000000d1a00000, 0x00000000d1b00000|  0%| F|  |TAMS 0x00000000d1a00000, 0x00000000d1a00000| Untracked 
| 283|0x00000000d1b00000, 0x00000000d1b00000, 0x00000000d1c00000|  0%| F|  |TAMS 0x00000000d1b00000, 0x00000000d1b00000| Untracked 
| 284|0x00000000d1c00000, 0x00000000d1c00000, 0x00000000d1d00000|  0%| F|  |TAMS 0x00000000d1c00000, 0x00000000d1c00000| Untracked 
| 285|0x00000000d1d00000, 0x00000000d1d00000, 0x00000000d1e00000|  0%| F|  |TAMS 0x00000000d1d00000, 0x00000000d1d00000| Untracked 
| 286|0x00000000d1e00000, 0x00000000d1e00000, 0x00000000d1f00000|  0%| F|  |TAMS 0x00000000d1e00000, 0x00000000d1e00000| Untracked 
| 287|0x00000000d1f00000, 0x00000000d1f00000, 0x00000000d2000000|  0%| F|  |TAMS 0x00000000d1f00000, 0x00000000d1f00000| Untracked 
| 288|0x00000000d2000000, 0x00000000d2000000, 0x00000000d2100000|  0%| F|  |TAMS 0x00000000d2000000, 0x00000000d2000000| Untracked 
| 289|0x00000000d2100000, 0x00000000d2100000, 0x00000000d2200000|  0%| F|  |TAMS 0x00000000d2100000, 0x00000000d2100000| Untracked 
| 290|0x00000000d2200000, 0x00000000d2200000, 0x00000000d2300000|  0%| F|  |TAMS 0x00000000d2200000, 0x00000000d2200000| Untracked 

Card table byte_map: [0x000002d8216b0000,0x000002d8218b0000] _byte_map_base: 0x000002d8210b0000

Marking Bits (Prev, Next): (CMBitMap*) 0x000002d816bb62f0, (CMBitMap*) 0x000002d816bb6330
 Prev Bits: [0x000002d821ab0000, 0x000002d822ab0000)
 Next Bits: [0x000002d822ab0000, 0x000002d823ab0000)

Polling page: 0x000002d816330000

Metaspace:

Usage:
  Non-class:     30.84 MB used.
      Class:      5.08 MB used.
       Both:     35.92 MB used.

Virtual space:
  Non-class space:       64.00 MB reserved,      31.06 MB ( 49%) committed,  1 nodes.
      Class space:        1.00 GB reserved,       5.31 MB ( <1%) committed,  1 nodes.
             Both:        1.06 GB reserved,      36.38 MB (  3%) committed. 

Chunk freelists:
   Non-Class:  662.00 KB
       Class:  10.67 MB
        Both:  11.32 MB

MaxMetaspaceSize: unlimited
CompressedClassSpaceSize: 1.00 GB
Initial GC threshold: 21.00 MB
Current GC threshold: 60.62 MB
CDS: on
MetaspaceReclaimPolicy: balanced
 - commit_granule_bytes: 65536.
 - commit_granule_words: 8192.
 - virtual_space_node_default_size: 8388608.
 - enlarge_chunks_in_place: 1.
 - new_chunks_are_fully_committed: 0.
 - uncommit_free_chunks: 1.
 - use_allocation_guard: 0.
 - handle_deallocations: 1.


Internal statistics:

num_allocs_failed_limit: 9.
num_arena_births: 630.
num_arena_deaths: 4.
num_vsnodes_births: 2.
num_vsnodes_deaths: 0.
num_space_committed: 582.
num_space_uncommitted: 0.
num_chunks_returned_to_freelist: 15.
num_chunks_taken_from_freelist: 2033.
num_chunk_merges: 10.
num_chunk_splits: 1287.
num_chunks_enlarged: 848.
num_inconsistent_stats: 0.

CodeCache: size=49152Kb used=10707Kb max_used=10707Kb free=38444Kb
 bounds [0x000002d81e6b0000, 0x000002d81f130000, 0x000002d8216b0000]
 total_blobs=6002 nmethods=5450 adapters=478
 compilation: enabled
              stopped_count=0, restarted_count=0
 full_count=0

Compilation events (20 events):
Event: 12.373 Thread 0x000002d86c52c000 5441       1       java.lang.management.MemoryUsage::getInit (5 bytes)
Event: 12.373 Thread 0x000002d86715f9e0 5442       1       java.lang.management.MemoryUsage::getCommitted (5 bytes)
Event: 12.373 Thread 0x000002d86c52c000 nmethod 5441 0x000002d81f120710 code [0x000002d81f1208a0, 0x000002d81f120978]
Event: 12.373 Thread 0x000002d86715f9e0 nmethod 5442 0x000002d81f120a10 code [0x000002d81f120ba0, 0x000002d81f120c78]
Event: 12.374 Thread 0x000002d86715f9e0 5443   !   1       java.util.AbstractSet::equals (45 bytes)
Event: 12.374 Thread 0x000002d86c52c000 5444       1       javax.management.openmbean.CompositeDataSupport::<init> (11 bytes)
Event: 12.374 Thread 0x000002d86c52c000 nmethod 5444 0x000002d81f120d10 code [0x000002d81f120ec0, 0x000002d81f120fd8]
Event: 12.374 Thread 0x000002d86715f9e0 nmethod 5443 0x000002d81f121090 code [0x000002d81f121260, 0x000002d81f121568]
Event: 12.374 Thread 0x000002d86715f9e0 5445       1       javax.management.openmbean.CompositeDataSupport::makeMap (155 bytes)
Event: 12.374 Thread 0x000002d86c52c000 5446       1       javax.management.openmbean.CompositeDataSupport::<init> (227 bytes)
Event: 12.374 Thread 0x000002d86715f9e0 nmethod 5445 0x000002d81f121690 code [0x000002d81f1218c0, 0x000002d81f121f18]
Event: 12.374 Thread 0x000002d86715f9e0 5447       1       java.util.Collections$UnmodifiableSet::equals (24 bytes)
Event: 12.374 Thread 0x000002d86715f9e0 nmethod 5447 0x000002d81f122290 code [0x000002d81f122420, 0x000002d81f122528]
Event: 12.375 Thread 0x000002d86c52c000 nmethod 5446 0x000002d81f122590 code [0x000002d81f1228c0, 0x000002d81f123718]
Event: 12.395 Thread 0x000002d86715f9e0 5448       1       javax.management.openmbean.CompositeType::isValue (27 bytes)
Event: 12.396 Thread 0x000002d86715f9e0 nmethod 5448 0x000002d81f123f90 code [0x000002d81f124140, 0x000002d81f124338]
Event: 13.083 Thread 0x000002d86c52c000 5449       1       javax.management.openmbean.TabularType::getIndexNames (5 bytes)
Event: 13.085 Thread 0x000002d86c52c000 nmethod 5449 0x000002d81f124410 code [0x000002d81f1245a0, 0x000002d81f124678]
Event: 13.143 Thread 0x000002d86c52c000 5450       1       java.util.TreeMap$KeySpliterator::tryAdvance (85 bytes)
Event: 13.145 Thread 0x000002d86c52c000 nmethod 5450 0x000002d81f124710 code [0x000002d81f124900, 0x000002d81f124c68]

GC Heap History (20 events):
Event: 12.271 GC heap after
{Heap after GC invocations=17 (full 0):
 garbage-first heap   total 99328K, used 28867K [0x00000000c0000000, 0x0000000100000000)
  region size 1024K, 1 young (1024K), 1 survivors (1024K)
 Metaspace       used 36785K, committed 37248K, reserved 1114112K
  class space    used 5203K, committed 5440K, reserved 1048576K
}
Event: 12.301 GC heap before
{Heap before GC invocations=17 (full 0):
 garbage-first heap   total 99328K, used 79043K [0x00000000c0000000, 0x0000000100000000)
  region size 1024K, 50 young (51200K), 1 survivors (1024K)
 Metaspace       used 36785K, committed 37248K, reserved 1114112K
  class space    used 5203K, committed 5440K, reserved 1048576K
}
Event: 12.304 GC heap after
{Heap after GC invocations=18 (full 0):
 garbage-first heap   total 99328K, used 39265K [0x00000000c0000000, 0x0000000100000000)
  region size 1024K, 7 young (7168K), 7 survivors (7168K)
 Metaspace       used 36785K, committed 37248K, reserved 1114112K
  class space    used 5203K, committed 5440K, reserved 1048576K
}
Event: 12.332 GC heap before
{Heap before GC invocations=18 (full 0):
 garbage-first heap   total 99328K, used 74081K [0x00000000c0000000, 0x0000000100000000)
  region size 1024K, 41 young (41984K), 7 survivors (7168K)
 Metaspace       used 36785K, committed 37248K, reserved 1114112K
  class space    used 5203K, committed 5440K, reserved 1048576K
}
Event: 12.336 GC heap after
{Heap after GC invocations=19 (full 0):
 garbage-first heap   total 99328K, used 46949K [0x00000000c0000000, 0x0000000100000000)
  region size 1024K, 6 young (6144K), 6 survivors (6144K)
 Metaspace       used 36785K, committed 37248K, reserved 1114112K
  class space    used 5203K, committed 5440K, reserved 1048576K
}
Event: 12.369 GC heap before
{Heap before GC invocations=20 (full 0):
 garbage-first heap   total 99328K, used 75621K [0x00000000c0000000, 0x0000000100000000)
  region size 1024K, 33 young (33792K), 6 survivors (6144K)
 Metaspace       used 36778K, committed 37248K, reserved 1114112K
  class space    used 5202K, committed 5440K, reserved 1048576K
}
Event: 12.372 GC heap after
{Heap after GC invocations=21 (full 0):
 garbage-first heap   total 99328K, used 54117K [0x00000000c0000000, 0x0000000100000000)
  region size 1024K, 5 young (5120K), 5 survivors (5120K)
 Metaspace       used 36778K, committed 37248K, reserved 1114112K
  class space    used 5202K, committed 5440K, reserved 1048576K
}
Event: 12.375 GC heap before
{Heap before GC invocations=21 (full 0):
 garbage-first heap   total 99328K, used 56165K [0x00000000c0000000, 0x0000000100000000)
  region size 1024K, 7 young (7168K), 5 survivors (5120K)
 Metaspace       used 36778K, committed 37248K, reserved 1114112K
  class space    used 5202K, committed 5440K, reserved 1048576K
}
Event: 12.377 GC heap after
{Heap after GC invocations=22 (full 0):
 garbage-first heap   total 99328K, used 55125K [0x00000000c0000000, 0x0000000100000000)
  region size 1024K, 1 young (1024K), 1 survivors (1024K)
 Metaspace       used 36778K, committed 37248K, reserved 1114112K
  class space    used 5202K, committed 5440K, reserved 1048576K
}
Event: 12.390 GC heap before
{Heap before GC invocations=22 (full 0):
 garbage-first heap   total 99328K, used 76629K [0x00000000c0000000, 0x0000000100000000)
  region size 1024K, 22 young (22528K), 1 survivors (1024K)
 Metaspace       used 36778K, committed 37248K, reserved 1114112K
  class space    used 5202K, committed 5440K, reserved 1048576K
}
Event: 12.393 GC heap after
{Heap after GC invocations=23 (full 0):
 garbage-first heap   total 297984K, used 59657K [0x00000000c0000000, 0x0000000100000000)
  region size 1024K, 3 young (3072K), 3 survivors (3072K)
 Metaspace       used 36778K, committed 37248K, reserved 1114112K
  class space    used 5202K, committed 5440K, reserved 1048576K
}
Event: 12.937 GC heap before
{Heap before GC invocations=24 (full 0):
 garbage-first heap   total 245760K, used 208137K [0x00000000c0000000, 0x0000000100000000)
  region size 1024K, 145 young (148480K), 3 survivors (3072K)
 Metaspace       used 36780K, committed 37248K, reserved 1114112K
  class space    used 5203K, committed 5440K, reserved 1048576K
}
Event: 13.002 GC heap after
{Heap after GC invocations=25 (full 0):
 garbage-first heap   total 245760K, used 93269K [0x00000000c0000000, 0x0000000100000000)
  region size 1024K, 19 young (19456K), 19 survivors (19456K)
 Metaspace       used 36780K, committed 37248K, reserved 1114112K
  class space    used 5203K, committed 5440K, reserved 1048576K
}
Event: 13.021 GC heap before
{Heap before GC invocations=25 (full 0):
 garbage-first heap   total 245760K, used 95317K [0x00000000c0000000, 0x0000000100000000)
  region size 1024K, 21 young (21504K), 19 survivors (19456K)
 Metaspace       used 36780K, committed 37248K, reserved 1114112K
  class space    used 5203K, committed 5440K, reserved 1048576K
}
Event: 13.068 GC heap after
{Heap after GC invocations=26 (full 0):
 garbage-first heap   total 245760K, used 94985K [0x00000000c0000000, 0x0000000100000000)
  region size 1024K, 2 young (2048K), 2 survivors (2048K)
 Metaspace       used 36780K, committed 37248K, reserved 1114112K
  class space    used 5203K, committed 5440K, reserved 1048576K
}
Event: 13.128 GC heap before
{Heap before GC invocations=26 (full 0):
 garbage-first heap   total 245760K, used 175881K [0x00000000c0000000, 0x0000000100000000)
  region size 1024K, 78 young (79872K), 2 survivors (2048K)
 Metaspace       used 36782K, committed 37248K, reserved 1114112K
  class space    used 5203K, committed 5440K, reserved 1048576K
}
Event: 13.141 GC heap after
{Heap after GC invocations=27 (full 0):
 garbage-first heap   total 245760K, used 114441K [0x00000000c0000000, 0x0000000100000000)
  region size 1024K, 10 young (10240K), 10 survivors (10240K)
 Metaspace       used 36782K, committed 37248K, reserved 1114112K
  class space    used 5203K, committed 5440K, reserved 1048576K
}
Event: 13.189 GC heap before
{Heap before GC invocations=27 (full 0):
 garbage-first heap   total 245760K, used 182025K [0x00000000c0000000, 0x0000000100000000)
  region size 1024K, 76 young (77824K), 10 survivors (10240K)
 Metaspace       used 36782K, committed 37248K, reserved 1114112K
  class space    used 5203K, committed 5440K, reserved 1048576K
}
Event: 13.207 GC heap after
{Heap after GC invocations=28 (full 0):
 garbage-first heap   total 245760K, used 129289K [0x00000000c0000000, 0x0000000100000000)
  region size 1024K, 10 young (10240K), 10 survivors (10240K)
 Metaspace       used 36782K, committed 37248K, reserved 1114112K
  class space    used 5203K, committed 5440K, reserved 1048576K
}
Event: 13.244 GC heap before
{Heap before GC invocations=28 (full 0):
 garbage-first heap   total 245760K, used 189705K [0x00000000c0000000, 0x0000000100000000)
  region size 1024K, 69 young (70656K), 10 survivors (10240K)
 Metaspace       used 36782K, committed 37248K, reserved 1114112K
  class space    used 5203K, committed 5440K, reserved 1048576K
}

Dll operation events (14 events):
Event: 0.010 Loaded shared library C:\Users\vboxuser\.jdks\corretto-17.0.14\bin\java.dll
Event: 0.035 Loaded shared library C:\Users\vboxuser\.jdks\corretto-17.0.14\bin\jsvml.dll
Event: 0.105 Loaded shared library C:\Users\vboxuser\.jdks\corretto-17.0.14\bin\zip.dll
Event: 0.107 Loaded shared library C:\Users\vboxuser\.jdks\corretto-17.0.14\bin\instrument.dll
Event: 0.112 Loaded shared library C:\Users\vboxuser\.jdks\corretto-17.0.14\bin\net.dll
Event: 0.116 Loaded shared library C:\Users\vboxuser\.jdks\corretto-17.0.14\bin\nio.dll
Event: 0.118 Loaded shared library C:\Users\vboxuser\.jdks\corretto-17.0.14\bin\zip.dll
Event: 0.141 Loaded shared library C:\Users\vboxuser\.jdks\corretto-17.0.14\bin\jimage.dll
Event: 0.163 Loaded shared library C:\Program Files\JetBrains\IntelliJ IDEA 2024.3.3\bin\breakgen64.dll
Event: 0.172 Loaded shared library C:\Users\vboxuser\.jdks\corretto-17.0.14\bin\extnet.dll
Event: 0.183 Loaded shared library C:\Users\vboxuser\.jdks\corretto-17.0.14\bin\management.dll
Event: 0.191 Loaded shared library C:\Users\vboxuser\.jdks\corretto-17.0.14\bin\management_ext.dll
Event: 0.564 Loaded shared library C:\Users\vboxuser\.jdks\corretto-17.0.14\bin\verify.dll
Event: 0.833 Loaded shared library C:\Users\vboxuser\.jdks\corretto-17.0.14\bin\sunmscapi.dll

Deoptimization events (12 events):
Event: 1.936 Thread 0x000002d816b78130 DEOPT PACKING pc=0x000002d81ece54ec sp=0x000000f2495fe560
Event: 1.936 Thread 0x000002d816b78130 DEOPT UNPACKING pc=0x000002d81e707143 sp=0x000000f2495fda00 mode 0
Event: 3.422 Thread 0x000002d816b78130 DEOPT PACKING pc=0x000002d81ed6c314 sp=0x000000f2495febc0
Event: 3.422 Thread 0x000002d816b78130 DEOPT UNPACKING pc=0x000002d81e707143 sp=0x000000f2495fe270 mode 0
Event: 3.957 Thread 0x000002d86c520010 DEOPT PACKING pc=0x000002d81f0718cc sp=0x000000f24b0fc2f0
Event: 3.957 Thread 0x000002d86c520010 DEOPT UNPACKING pc=0x000002d81e707143 sp=0x000000f24b0fb890 mode 0
Event: 3.957 Thread 0x000002d86c520010 DEOPT PACKING pc=0x000002d81f07199c sp=0x000000f24b0fc550
Event: 3.957 Thread 0x000002d86c520010 DEOPT UNPACKING pc=0x000002d81e707143 sp=0x000000f24b0fbaf0 mode 0
Event: 3.957 Thread 0x000002d86c520010 DEOPT PACKING pc=0x000002d81f0718cc sp=0x000000f24b0fc840
Event: 3.957 Thread 0x000002d86c520010 DEOPT UNPACKING pc=0x000002d81e707143 sp=0x000000f24b0fbde0 mode 0
Event: 3.958 Thread 0x000002d86c520010 DEOPT PACKING pc=0x000002d81e996fa2 sp=0x000000f24b0fbd50
Event: 3.958 Thread 0x000002d86c520010 DEOPT UNPACKING pc=0x000002d81e707143 sp=0x000000f24b0fb258 mode 3

Classes loaded (20 events):
Event: 11.702 Loading class sun/nio/cs/ThreadLocalCoders$1
Event: 11.703 Loading class sun/nio/cs/ThreadLocalCoders$Cache
Event: 11.703 Loading class sun/nio/cs/ThreadLocalCoders$Cache done
Event: 11.703 Loading class sun/nio/cs/ThreadLocalCoders$1 done
Event: 11.703 Loading class sun/nio/cs/ThreadLocalCoders$2
Event: 11.703 Loading class sun/nio/cs/ThreadLocalCoders$2 done
Event: 11.738 Loading class java/lang/InheritableThreadLocal
Event: 11.738 Loading class java/lang/InheritableThreadLocal done
Event: 11.758 Loading class java/util/UUID$Holder
Event: 11.758 Loading class java/util/UUID$Holder done
Event: 11.826 Loading class java/util/concurrent/locks/AbstractQueuedSynchronizer$SharedNode
Event: 11.826 Loading class java/util/concurrent/locks/AbstractQueuedSynchronizer$SharedNode done
Event: 11.962 Loading class java/io/FileOutputStream$1
Event: 11.962 Loading class java/io/FileOutputStream$1 done
Event: 11.964 Loading class java/time/format/DateTimeParseException
Event: 11.964 Loading class java/time/format/DateTimeParseException done
Event: 12.094 Loading class sun/nio/cs/UTF_16$Decoder
Event: 12.094 Loading class sun/nio/cs/UnicodeDecoder
Event: 12.094 Loading class sun/nio/cs/UnicodeDecoder done
Event: 12.094 Loading class sun/nio/cs/UTF_16$Decoder done

Classes unloaded (2 events):
Event: 12.343 Thread 0x000002d816c2dfc0 Unloading class 0x000002d827521400 'jdk/internal/reflect/GeneratedSerializationConstructorAccessor36'
Event: 12.343 Thread 0x000002d816c2dfc0 Unloading class 0x000002d827521000 'jdk/internal/reflect/GeneratedSerializationConstructorAccessor35'

Classes redefined (0 events):
No events

Internal exceptions (20 events):
Event: 3.067 Thread 0x000002d816b78130 Exception <a 'java/lang/ClassNotFoundException'{0x00000000c3e60040}: java/lang/ObjectCustomizer> (0x00000000c3e60040) 
thrown [s\src\hotspot\share\classfile\systemDictionary.cpp, line 256]
Event: 3.068 Thread 0x000002d816b78130 Exception <a 'java/lang/ClassNotFoundException'{0x00000000c3e68998}: org/springframework/web/servlet/config/annotation/WebMvcConfigurationSupportCustomizer> (0x00000000c3e68998) 
thrown [s\src\hotspot\share\classfile\systemDictionary.cpp, line 256]
Event: 3.068 Thread 0x000002d816b78130 Exception <a 'java/lang/ClassNotFoundException'{0x00000000c3e7bd30}: org/springframework/web/servlet/config/annotation/DelegatingWebMvcConfigurationCustomizer> (0x00000000c3e7bd30) 
thrown [s\src\hotspot\share\classfile\systemDictionary.cpp, line 256]
Event: 3.069 Thread 0x000002d816b78130 Exception <a 'java/lang/ClassNotFoundException'{0x00000000c3e85b78}: org/springframework/boot/autoconfigure/web/servlet/WebMvcAutoConfiguration$EnableWebMvcConfigurationCustomizer> (0x00000000c3e85b78) 
thrown [s\src\hotspot\share\classfile\systemDictionary.cpp, line 256]
Event: 3.069 Thread 0x000002d816b78130 Exception <a 'java/lang/ClassNotFoundException'{0x00000000c3e978d8}: org/springframework/context/ResourceLoaderAwareCustomizer> (0x00000000c3e978d8) 
thrown [s\src\hotspot\share\classfile\systemDictionary.cpp, line 256]
Event: 3.069 Thread 0x000002d816b78130 Exception <a 'java/lang/ClassNotFoundException'{0x00000000c3e9d328}: org/springframework/beans/factory/AwareCustomizer> (0x00000000c3e9d328) 
thrown [s\src\hotspot\share\classfile\systemDictionary.cpp, line 256]
Event: 3.070 Thread 0x000002d816b78130 Exception <a 'java/lang/ClassNotFoundException'{0x00000000c3ea21c8}: org/springframework/context/ApplicationContextAwareCustomizer> (0x00000000c3ea21c8) 
thrown [s\src\hotspot\share\classfile\systemDictionary.cpp, line 256]
Event: 3.070 Thread 0x000002d816b78130 Exception <a 'java/lang/ClassNotFoundException'{0x00000000c3ea82e0}: org/springframework/beans/factory/AwareCustomizer> (0x00000000c3ea82e0) 
thrown [s\src\hotspot\share\classfile\systemDictionary.cpp, line 256]
Event: 3.070 Thread 0x000002d816b78130 Exception <a 'java/lang/ClassNotFoundException'{0x00000000c3ead198}: org/springframework/web/context/ServletContextAwareCustomizer> (0x00000000c3ead198) 
thrown [s\src\hotspot\share\classfile\systemDictionary.cpp, line 256]
Event: 3.070 Thread 0x000002d816b78130 Exception <a 'java/lang/ClassNotFoundException'{0x00000000c3eb3048}: org/springframework/beans/factory/AwareCustomizer> (0x00000000c3eb3048) 
thrown [s\src\hotspot\share\classfile\systemDictionary.cpp, line 256]
Event: 3.078 Thread 0x000002d816b78130 Exception <a 'java/lang/NoSuchMethodError'{0x00000000c3d84238}: 'void java.lang.invoke.DirectMethodHandle$Holder.invokeVirtual(java.lang.Object, java.lang.Object, java.lang.Object, java.lang.Object)'> (0x00000000c3d84238) 
thrown [s\src\hotspot\share\interpreter\linkResolver.cpp, line 759]
Event: 3.157 Thread 0x000002d816b78130 Exception <a 'java/lang/NoSuchMethodError'{0x00000000c37898f0}: 'java.lang.Object java.lang.invoke.DirectMethodHandle$Holder.newInvokeSpecial(java.lang.Object, java.lang.Object, java.lang.Object, java.lang.Object, java.lang.Object, java.lang.Object, java.lang.Object, java.lang.Object, java.lang.Object)'> (0x00000000c37898f0) 
thrown [s\src\hotspot\share\interpreter\linkResolver.cpp, line 759]
Event: 3.157 Thread 0x000002d816b78130 Exception <a 'java/lang/NoSuchMethodError'{0x00000000c378ef28}: 'java.lang.Object java.lang.invoke.DirectMethodHandle$Holder.invokeSpecial(java.lang.Object, java.lang.Object, java.lang.Object, java.lang.Object, java.lang.Object, java.lang.Object, java.lang.Object, java.lang.Object, java.lang.Object, java.lang.Object)'> (0x00000000c378ef28) 
thrown [s\src\hotspot\share\interpreter\linkResolver.cpp, line 759]
Event: 3.157 Thread 0x000002d816b78130 Exception <a 'java/lang/NoSuchMethodError'{0x00000000c3793ce8}: 'java.lang.Object java.lang.invoke.Invokers$Holder.linkToTargetMethod(java.lang.Object, java.lang.Object, java.lang.Object, java.lang.Object, java.lang.Object, java.lang.Object, java.lang.Object, java.lang.Object, java.lang.Object)'> (0x00000000c3793ce8) 
thrown [s\src\hotspot\share\interpreter\linkResolver.cpp, line 759]
Event: 3.346 Thread 0x000002d816b78130 Exception <a 'java/lang/NoSuchMethodError'{0x00000000c279d3a0}: 'void java.lang.invoke.DirectMethodHandle$Holder.invokeVirtual(java.lang.Object, java.lang.Object, int)'> (0x00000000c279d3a0) 
thrown [s\src\hotspot\share\interpreter\linkResolver.cpp, line 759]
Event: 3.373 Thread 0x000002d86c1b9f50 Exception <a 'java/lang/reflect/InvocationTargetException'{0x00000000c4cce788}> (0x00000000c4cce788) 
thrown [s\src\hotspot\share\runtime\reflection.cpp, line 1128]
Event: 3.442 Thread 0x000002d816b78130 Exception <a 'java/lang/NoSuchMethodError'{0x00000000c3d5c980}: 'java.lang.Object java.lang.invoke.DirectMethodHandle$Holder.invokeInterface(java.lang.Object, java.lang.Object, java.lang.Object)'> (0x00000000c3d5c980) 
thrown [s\src\hotspot\share\interpreter\linkResolver.cpp, line 759]
Event: 3.442 Thread 0x000002d816b78130 Exception <a 'java/lang/IncompatibleClassChangeError'{0x00000000c3d60048}: Found class java.lang.Object, but interface was expected> (0x00000000c3d60048) 
thrown [s\src\hotspot\share\interpreter\linkResolver.cpp, line 826]
Event: 3.460 Thread 0x000002d816b78130 Exception <a 'java/lang/NoSuchMethodError'{0x00000000c3cbf108}: 'int java.lang.invoke.DirectMethodHandle$Holder.invokeStaticInit(java.lang.Object, java.lang.Object, java.lang.Object, java.lang.Object)'> (0x00000000c3cbf108) 
thrown [s\src\hotspot\share\interpreter\linkResolver.cpp, line 759]
Event: 3.539 Thread 0x000002d816b78130 Exception <a 'java/lang/NoSuchMethodError'{0x00000000c3632998}: 'java.lang.Object java.lang.invoke.DirectMethodHandle$Holder.newInvokeSpecial(java.lang.Object, java.lang.Object, int, java.lang.Object, java.lang.Object)'> (0x00000000c3632998) 
thrown [s\src\hotspot\share\interpreter\linkResolver.cpp, line 759]

VM Operations (20 events):
Event: 12.367 Executing VM operation: G1PauseCleanup done
Event: 12.369 Executing VM operation: G1CollectForAllocation
Event: 12.372 Executing VM operation: G1CollectForAllocation done
Event: 12.375 Executing VM operation: G1CollectForAllocation
Event: 12.377 Executing VM operation: G1CollectForAllocation done
Event: 12.389 Executing VM operation: G1CollectForAllocation
Event: 12.393 Executing VM operation: G1CollectForAllocation done
Event: 12.433 Executing VM operation: G1PauseRemark
Event: 12.450 Executing VM operation: G1PauseRemark done
Event: 12.474 Executing VM operation: G1PauseCleanup
Event: 12.474 Executing VM operation: G1PauseCleanup done
Event: 12.935 Executing VM operation: G1CollectForAllocation
Event: 13.005 Executing VM operation: G1CollectForAllocation done
Event: 13.007 Executing VM operation: G1CollectForAllocation
Event: 13.068 Executing VM operation: G1CollectForAllocation done
Event: 13.128 Executing VM operation: G1CollectForAllocation
Event: 13.142 Executing VM operation: G1CollectForAllocation done
Event: 13.189 Executing VM operation: G1CollectForAllocation
Event: 13.207 Executing VM operation: G1CollectForAllocation done
Event: 13.244 Executing VM operation: G1CollectForAllocation

Memory protections (0 events):
No events

Nmethod flushes (0 events):
No events

Events (20 events):
Event: 3.886 Thread 0x000002d86d740d60 Thread added: 0x000002d86d73f410
Event: 3.890 Thread 0x000002d86d73f410 Thread exited: 0x000002d86d73f410
Event: 3.891 Thread 0x000002d86d73dfd0 Thread exited: 0x000002d86d73dfd0
Event: 3.892 Thread 0x000002d86d740d60 Thread added: 0x000002d86d744510
Event: 3.892 Thread 0x000002d86c520010 Thread added: 0x000002d86d73e9f0
Event: 3.892 Thread 0x000002d86c1b9f50 Thread added: 0x000002d86d73dac0
Event: 3.900 Thread 0x000002d86c520010 Thread added: 0x000002d86d741270
Event: 3.901 Thread 0x000002d86d740d60 Thread added: 0x000002d86d7426b0
Event: 3.902 Thread 0x000002d86c1b9f50 Thread added: 0x000002d86d743af0
Event: 3.905 Thread 0x000002d86c128f60 Thread added: 0x000002d86d73f920
Event: 3.906 Thread 0x000002d86d744510 Thread exited: 0x000002d86d744510
Event: 3.907 Thread 0x000002d86d73dac0 Thread exited: 0x000002d86d73dac0
Event: 3.909 Thread 0x000002d86d73f920 Thread added: 0x000002d86d73f410
Event: 3.909 Thread 0x000002d86d73e9f0 Thread exited: 0x000002d86d73e9f0
Event: 3.914 Thread 0x000002d86d73f410 Thread exited: 0x000002d86d73f410
Event: 3.915 Thread 0x000002d86d73f920 Thread added: 0x000002d86d73fe30
Event: 3.929 Thread 0x000002d86d73fe30 Thread exited: 0x000002d86d73fe30
Event: 3.976 Thread 0x000002d86d7426b0 Thread exited: 0x000002d86d7426b0
Event: 3.979 Thread 0x000002d86d741270 Thread exited: 0x000002d86d741270
Event: 3.981 Thread 0x000002d86d743af0 Thread exited: 0x000002d86d743af0


Dynamic libraries:
0x00007ff6e9110000 - 0x00007ff6e911e000 	C:\Users\vboxuser\.jdks\corretto-17.0.14\bin\java.exe
0x00007fff38750000 - 0x00007fff38948000 	C:\Windows\SYSTEM32\ntdll.dll
0x00007fff37760000 - 0x00007fff3781f000 	C:\Windows\System32\KERNEL32.DLL
0x00007fff35e30000 - 0x00007fff36126000 	C:\Windows\System32\KERNELBASE.dll
0x00007fff36130000 - 0x00007fff36230000 	C:\Windows\System32\ucrtbase.dll
0x00007fff24e20000 - 0x00007fff24e37000 	C:\Users\vboxuser\.jdks\corretto-17.0.14\bin\jli.dll
0x00007fff31820000 - 0x00007fff3183b000 	C:\Users\vboxuser\.jdks\corretto-17.0.14\bin\VCRUNTIME140.dll
0x00007fff36f40000 - 0x00007fff370dd000 	C:\Windows\System32\USER32.dll
0x00007fff36530000 - 0x00007fff36552000 	C:\Windows\System32\win32u.dll
0x00007fff26630000 - 0x00007fff268ca000 	C:\Windows\WinSxS\amd64_microsoft.windows.common-controls_6595b64144ccf1df_6.0.19041.1110_none_60b5254171f9507e\COMCTL32.dll
0x00007fff37700000 - 0x00007fff3772c000 	C:\Windows\System32\GDI32.dll
0x00007fff37950000 - 0x00007fff379ee000 	C:\Windows\System32\msvcrt.dll
0x00007fff36660000 - 0x00007fff36775000 	C:\Windows\System32\gdi32full.dll
0x00007fff36230000 - 0x00007fff362cd000 	C:\Windows\System32\msvcp_win.dll
0x00007fff37140000 - 0x00007fff37170000 	C:\Windows\System32\IMM32.DLL
0x00007fff31920000 - 0x00007fff3192c000 	C:\Users\vboxuser\.jdks\corretto-17.0.14\bin\vcruntime140_1.dll
0x00007fff24d90000 - 0x00007fff24e1d000 	C:\Users\vboxuser\.jdks\corretto-17.0.14\bin\msvcp140.dll
0x00007ffefbe70000 - 0x00007ffefcadc000 	C:\Users\vboxuser\.jdks\corretto-17.0.14\bin\server\jvm.dll
0x00007fff385f0000 - 0x00007fff3869f000 	C:\Windows\System32\ADVAPI32.dll
0x00007fff37cc0000 - 0x00007fff37d5c000 	C:\Windows\System32\sechost.dll
0x00007fff367c0000 - 0x00007fff368e6000 	C:\Windows\System32\RPCRT4.dll
0x00007fff37ba0000 - 0x00007fff37c0b000 	C:\Windows\System32\WS2_32.dll
0x00007fff22950000 - 0x00007fff22977000 	C:\Windows\SYSTEM32\WINMM.dll
0x00007fff35ca0000 - 0x00007fff35ceb000 	C:\Windows\SYSTEM32\POWRPROF.dll
0x00007fff2c4c0000 - 0x00007fff2c4ca000 	C:\Windows\SYSTEM32\VERSION.dll
0x00007fff35c80000 - 0x00007fff35c92000 	C:\Windows\SYSTEM32\UMPDC.dll
0x00007fff33cf0000 - 0x00007fff33d02000 	C:\Windows\SYSTEM32\kernel.appcore.dll
0x00007fff2aa70000 - 0x00007fff2aa7a000 	C:\Users\vboxuser\.jdks\corretto-17.0.14\bin\jimage.dll
0x00007fff29c50000 - 0x00007fff29e34000 	C:\Windows\SYSTEM32\DBGHELP.DLL
0x00007fff29c10000 - 0x00007fff29c44000 	C:\Windows\SYSTEM32\dbgcore.DLL
0x00007fff362d0000 - 0x00007fff36352000 	C:\Windows\System32\bcryptPrimitives.dll
0x00007fff2aaa0000 - 0x00007fff2aaae000 	C:\Users\vboxuser\.jdks\corretto-17.0.14\bin\instrument.dll
0x00007fff24d60000 - 0x00007fff24d85000 	C:\Users\vboxuser\.jdks\corretto-17.0.14\bin\java.dll
0x00007fff249d0000 - 0x00007fff24aa7000 	C:\Users\vboxuser\.jdks\corretto-17.0.14\bin\jsvml.dll
0x00007fff37ea0000 - 0x00007fff385e4000 	C:\Windows\System32\SHELL32.dll
0x00007fff33ef0000 - 0x00007fff34683000 	C:\Windows\SYSTEM32\windows.storage.dll
0x00007fff373a0000 - 0x00007fff376f4000 	C:\Windows\System32\combase.dll
0x00007fff357b0000 - 0x00007fff357de000 	C:\Windows\SYSTEM32\Wldp.dll
0x00007fff37d60000 - 0x00007fff37e0d000 	C:\Windows\System32\SHCORE.dll
0x00007fff368f0000 - 0x00007fff36945000 	C:\Windows\System32\shlwapi.dll
0x00007fff35d70000 - 0x00007fff35d8f000 	C:\Windows\SYSTEM32\profapi.dll
0x00007fff24d00000 - 0x00007fff24d18000 	C:\Users\vboxuser\.jdks\corretto-17.0.14\bin\zip.dll
0x00007fff24d40000 - 0x00007fff24d59000 	C:\Users\vboxuser\.jdks\corretto-17.0.14\bin\net.dll
0x00007fff2e6b0000 - 0x00007fff2e7ba000 	C:\Windows\SYSTEM32\WINHTTP.dll
0x00007fff35510000 - 0x00007fff3557a000 	C:\Windows\system32\mswsock.dll
0x00007fff24d20000 - 0x00007fff24d36000 	C:\Users\vboxuser\.jdks\corretto-17.0.14\bin\nio.dll
0x00007fff2a9d0000 - 0x00007fff2a9ea000 	C:\Program Files\JetBrains\IntelliJ IDEA 2024.3.3\bin\breakgen64.dll
0x00007fff35240000 - 0x00007fff3530b000 	C:\Windows\SYSTEM32\DNSAPI.dll
0x00007fff35200000 - 0x00007fff3523c000 	C:\Windows\SYSTEM32\IPHLPAPI.DLL
0x00007fff386a0000 - 0x00007fff386a8000 	C:\Windows\System32\NSI.dll
0x00007fff24fa0000 - 0x00007fff24fa9000 	C:\Users\vboxuser\.jdks\corretto-17.0.14\bin\extnet.dll
0x00007fff2ddd0000 - 0x00007fff2ddda000 	C:\Windows\System32\rasadhlp.dll
0x00007fff2dab0000 - 0x00007fff2db32000 	C:\Windows\System32\fwpuclnt.dll
0x00007fff36780000 - 0x00007fff367a7000 	C:\Windows\System32\bcrypt.dll
0x00007fff26d10000 - 0x00007fff26d19000 	C:\Users\vboxuser\.jdks\corretto-17.0.14\bin\management.dll
0x00007fff254e0000 - 0x00007fff254eb000 	C:\Users\vboxuser\.jdks\corretto-17.0.14\bin\management_ext.dll
0x00007fff367b0000 - 0x00007fff367b8000 	C:\Windows\System32\PSAPI.DLL
0x00007fff35700000 - 0x00007fff35718000 	C:\Windows\SYSTEM32\CRYPTSP.dll
0x00007fff34e30000 - 0x00007fff34e64000 	C:\Windows\system32\rsaenh.dll
0x00007fff35cf0000 - 0x00007fff35d1e000 	C:\Windows\SYSTEM32\USERENV.dll
0x00007fff35720000 - 0x00007fff3572c000 	C:\Windows\SYSTEM32\CRYPTBASE.dll
0x00007fff2f100000 - 0x00007fff2f117000 	C:\Windows\SYSTEM32\dhcpcsvc6.DLL
0x00007fff2f0e0000 - 0x00007fff2f0fd000 	C:\Windows\SYSTEM32\dhcpcsvc.DLL
0x00007ffefd540000 - 0x00007ffefd557000 	C:\Windows\system32\napinsp.dll
0x00007ffefd520000 - 0x00007ffefd53b000 	C:\Windows\system32\pnrpnsp.dll
0x00007fff216d0000 - 0x00007fff216e5000 	C:\Windows\system32\wshbth.dll
0x00007fff31770000 - 0x00007fff3178d000 	C:\Windows\system32\NLAapi.dll
0x00007ffefd4e0000 - 0x00007ffefd4f2000 	C:\Windows\System32\winrnr.dll
0x00007fff290f0000 - 0x00007fff29100000 	C:\Users\vboxuser\.jdks\corretto-17.0.14\bin\verify.dll
0x00007fff2b980000 - 0x00007fff2b9c9000 	C:\Windows\SYSTEM32\pdh.dll
0x00007fff249c0000 - 0x00007fff249ce000 	C:\Users\vboxuser\.jdks\corretto-17.0.14\bin\sunmscapi.dll
0x00007fff36360000 - 0x00007fff364be000 	C:\Windows\System32\CRYPT32.dll
0x00007fff35820000 - 0x00007fff35848000 	C:\Windows\SYSTEM32\ncrypt.dll
0x00007fff357e0000 - 0x00007fff3581b000 	C:\Windows\SYSTEM32\NTASN1.dll
0x00007fff31ac0000 - 0x00007fff31acf000 	C:\Windows\System32\perfproc.dll
0x00007fff2b490000 - 0x00007fff2b49f000 	C:\Windows\System32\perfos.dll
0x00007fff25ce0000 - 0x00007fff25ce7000 	C:\Windows\system32\wshunix.dll

dbghelp: loaded successfully - version: 4.0.5 - missing functions: none
symbol engine: initialized successfully - sym options: 0x614 - pdb path: .;C:\Users\vboxuser\.jdks\corretto-17.0.14\bin;C:\Windows\SYSTEM32;C:\Windows\WinSxS\amd64_microsoft.windows.common-controls_6595b64144ccf1df_6.0.19041.1110_none_60b5254171f9507e;C:\Users\vboxuser\.jdks\corretto-17.0.14\bin\server;C:\Program Files\JetBrains\IntelliJ IDEA 2024.3.3\bin

VM Arguments:
jvm_args: -XX:TieredStopAtLevel=1 -Dspring.output.ansi.enabled=always -Dcom.sun.management.jmxremote -Dspring.jmx.enabled=true -Dspring.liveBeansView.mbeanDomain -Dspring.application.admin.enabled=true -Dmanagement.endpoints.jmx.exposure.include=* -javaagent:C:\Program Files\JetBrains\IntelliJ IDEA 2024.3.3\lib\idea_rt.jar=54754:C:\Program Files\JetBrains\IntelliJ IDEA 2024.3.3\bin -Dfile.encoding=UTF-8 
java_command: mariia.budiak.practices.PracticesApp
java_class_path (initial): C:\Users\vboxuser\hw-3\build\classes\java\main;C:\Users\vboxuser\hw-3\build\resources\main;C:\Users\vboxuser\.gradle\caches\modules-2\files-2.1\org.projectlombok\lombok\1.18.28\a2ff5da8bcd8b1b26f36b806ced63213362c6dcc\lombok-1.18.28.jar;C:\Users\vboxuser\.gradle\caches\modules-2\files-2.1\org.springframework.boot\spring-boot-configuration-processor\2.3.2.RELEASE\15631495314ae7aabfc82266094ee5c173d86f71\spring-boot-configuration-processor-2.3.2.RELEASE.jar;C:\Users\vboxuser\.gradle\caches\modules-2\files-2.1\org.springframework.boot\spring-boot-starter-web\2.3.2.RELEASE\85f79121fdaabcbcac085d0d4aad34af9f8dbba2\spring-boot-starter-web-2.3.2.RELEASE.jar;C:\Users\vboxuser\.gradle\caches\modules-2\files-2.1\io.springfox\springfox-swagger2\2.9.2\362676bc7f4c6f9f1d568741becab0dfc198c898\springfox-swagger2-2.9.2.jar;C:\Users\vboxuser\.gradle\caches\modules-2\files-2.1\io.springfox\springfox-swagger-ui\2.9.2\d542382a88ff3ea8d4032c28b2b0325797fada7d\springfox-swagger-ui-2.9.2.jar;C:\Users\vboxuser\.gradle\caches\modules-2\files-2.1\org.bouncycastle\bcpkix-jdk15on\1.60\d0c46320fbc07be3a24eb13a56cee4e3d38e0c75\bcpkix-jdk15on-1.60.jar;C:\Users\vboxuser\.gradle\caches\modules-2\files-2.1\org.bouncycastle\bcprov-jdk15on\1.60\bd47ad3bd14b8e82595c7adaa143501e60842a84\bcprov-jdk15on-1.60.jar;C:\Users\vboxuser\.gradle\caches\modules-2\files-2.1\org.springframework.boot\spring-boot-starter-actuator\2.3.2.RELEASE\409a5067acedbd59f00dce3ea2e7fccf4eeadf40\spring-boot-starter-actuator-2.3.2.RELEASE.jar;C:\Users\vboxuser\.gradle\caches\modules-2\files-2.1\io.micrometer\micrometer-registry-prometheus\1.5.3\8a41ee8cdca3c9497827d1d557f930da841213f5\micrometer-registry-prometheus-1.5.3.jar;C:\Users\vboxuser\.gradle\caches\modules-2\files-2.1\com.fasterxml.jackson.core\jackson-core\2.17.0\a6e5058ef9720623c517252d17162f845306ff3a\jackson-core-2.17.0.jar;C:\Users\vboxuser\.gradle\caches\modules-2\files-2.1\org.json\json\20240303\ebb88e8fb5122b7506d5cf1d69f1ccdb790d22a\
Launcher Type: SUN_STANDARD

[Global flags]
     intx CICompilerCount                          = 3                                         {product} {ergonomic}
     uint ConcGCThreads                            = 1                                         {product} {ergonomic}
     uint G1ConcRefinementThreads                  = 4                                         {product} {ergonomic}
   size_t G1HeapRegionSize                         = 1048576                                   {product} {ergonomic}
    uintx GCDrainStackTargetSize                   = 64                                        {product} {ergonomic}
   size_t InitialHeapSize                          = 67108864                                  {product} {ergonomic}
     bool ManagementServer                         = true                                      {product} {command line}
   size_t MarkStackSize                            = 4194304                                   {product} {ergonomic}
   size_t MaxHeapSize                              = 1073741824                                {product} {ergonomic}
   size_t MaxNewSize                               = 643825664                                 {product} {ergonomic}
   size_t MinHeapDeltaBytes                        = 1048576                                   {product} {ergonomic}
   size_t MinHeapSize                              = 8388608                                   {product} {ergonomic}
    uintx NonProfiledCodeHeapSize                  = 0                                      {pd product} {ergonomic}
     bool ProfileInterpreter                       = false                                  {pd product} {command line}
    uintx ProfiledCodeHeapSize                     = 0                                      {pd product} {ergonomic}
   size_t SoftMaxHeapSize                          = 1073741824                             {manageable} {ergonomic}
     intx TieredStopAtLevel                        = 1                                         {product} {command line}
     bool UseCompressedClassPointers               = true                           {product lp64_product} {ergonomic}
     bool UseCompressedOops                        = true                           {product lp64_product} {ergonomic}
     bool UseG1GC                                  = true                                      {product} {ergonomic}
     bool UseLargePagesIndividualAllocation        = false                                  {pd product} {ergonomic}

Logging:
Log output configuration:
 #0: stdout all=warning uptime,level,tags
 #1: stderr all=off uptime,level,tags

Environment Variables:
PATH=C:\Windows\system32;C:\Windows;C:\Windows\System32\Wbem;C:\Windows\System32\WindowsPowerShell\v1.0\;C:\Windows\System32\OpenSSH\;C:\Program Files\Git\cmd;C:\Users\vboxuser\AppData\Local\Microsoft\WindowsApps;
USERNAME=vboxuser
OS=Windows_NT
PROCESSOR_IDENTIFIER=Intel64 Family 6 Model 140 Stepping 2, GenuineIntel
TMP=C:\Users\vboxuser\AppData\Local\Temp
TEMP=C:\Users\vboxuser\AppData\Local\Temp



Periodic native trim disabled


---------------  S Y S T E M  ---------------

OS:
 Windows 10 , 64 bit Build 19041 (10.0.19041.2913)
OS uptime: 0 days 8:26 hours

CPU: total 4 (initial active 4) (4 cores per cpu, 1 threads per core) family 6 model 140 stepping 2 microcode 0x0, cx8, cmov, fxsr, mmx, 3dnowpref, sse, sse2, sse3, ssse3, sse4.1, sse4.2, popcnt, lzcnt, tsc, tscinvbit, avx, avx2, aes, clmul, bmi1, bmi2, vzeroupper, clflush, clflushopt, hv
Processor Information for all 4 processors :
  Max Mhz: 3418, Current Mhz: 3418, Mhz Limit: 3418

Memory: 4k page, system-wide physical 4095M (180M free)
TotalPageFile size 10495M (AvailPageFile size 96M)
current process WorkingSet (physical memory assigned to process): 205M, peak: 208M
current process commit charge ("private bytes"): 440M, peak: 703M

vm_info: OpenJDK 64-Bit Server VM (17.0.14+7-LTS) for windows-amd64 JRE (17.0.14+7-LTS), built on Jan  7 2025 20:14:24 by "Administrator" with MS VC++ 16.10 / 16.11 (VS2019)

END.
