#
# There is insufficient memory for the Java Runtime Environment to continue.
# Native memory allocation (mmap) failed to map 5242880 bytes. Error detail: G1 virtual space
# Possible reasons:
#   The system is out of physical RAM or swap space
#   This process is running with CompressedOops enabled, and the Java Heap may be blocking the growth of the native heap
# Possible solutions:
#   Reduce memory load on the system
#   Increase physical memory or swap space
#   Check if swap backing store is full
#   Decrease Java heap size (-Xmx/-Xms)
#   Decrease number of Java threads
#   Decrease Java thread stack sizes (-Xss)
#   Set larger code cache with -XX:ReservedCodeCacheSize=
#   JVM is running with Unscaled Compressed Oops mode in which the Java heap is
#     placed in the first 4GB address space. The Java Heap base address is the
#     maximum limit for the native heap growth. Please use -XX:HeapBaseMinAddress
#     to set the Java Heap base and to place the Java Heap above 4GB virtual address.
# This output file may be truncated or incomplete.
#
#  Out of Memory Error (os_windows.cpp:3618), pid=11208, tid=12068
#
# JRE version: OpenJDK Runtime Environment Corretto-17.0.14.7.1 (17.0.14+7) (build 17.0.14+7-LTS)
# Java VM: OpenJDK 64-Bit Server VM Corretto-17.0.14.7.1 (17.0.14+7-LTS, mixed mode, emulated-client, sharing, tiered, compressed oops, compressed class ptrs, g1 gc, windows-amd64)
# No core dump will be written. Minidumps are not enabled by default on client versions of Windows
#

---------------  S U M M A R Y ------------

Command Line: -agentlib:jdwp=transport=dt_socket,address=127.0.0.1:54175,suspend=y,server=n -agentpath:C:\Users\vboxuser\AppData\Local\Temp\idea_libasyncProfiler_dll_temp_folder\libasyncProfiler.dll=version,jfr,event=wall,interval=10ms,cstack=no,file=C:\Users\vboxuser\IdeaSnapshots\PracticesApp_2025_03_03_192327.jfr,dbghelppath=C:\Users\vboxuser\AppData\Local\Temp\idea_dbghelp_dll_temp_folder\dbghelp.dll,log=C:\Users\vboxuser\AppData\Local\Temp\PracticesApp_2025_03_03_192327.jfr.log.txt,logLevel=DEBUG -XX:TieredStopAtLevel=1 -Dspring.output.ansi.enabled=always -Dcom.sun.management.jmxremote -Dspring.jmx.enabled=true -Dspring.liveBeansView.mbeanDomain -Dspring.application.admin.enabled=true -Dmanagement.endpoints.jmx.exposure.include=* -javaagent:C:\Users\vboxuser\AppData\Local\JetBrains\IntelliJIdea2024.3\captureAgent\debugger-agent.jar -Dkotlinx.coroutines.debug.enable.creation.stack.trace=false -Ddebugger.agent.enable.coroutines=true -Dkotlinx.coroutines.debug.enable.flows.stack.trace=true -Dkotlinx.coroutines.debug.enable.mutable.state.flows.stack.trace=true -Dfile.encoding=UTF-8 mariia.budiak.practices.PracticesApp

Host: 11th Gen Intel(R) Core(TM) i7-11390H @ 3.40GHz, 4 cores, 3G,  Windows 10 , 64 bit Build 19041 (10.0.19041.2913)
Time: Mon Mar  3 19:23:31 2025 SE Asia Standard Time elapsed time: 3.132044 seconds (0d 0h 0m 3s)

---------------  T H R E A D  ---------------

Current thread (0x000001796096b3b0):  VMThread "VM Thread" [stack: 0x00000016fb100000,0x00000016fb200000] [id=12068]

Stack: [0x00000016fb100000,0x00000016fb200000]
Native frames: (J=compiled Java code, j=interpreted, Vv=VM code, C=native code)
V  [jvm.dll+0x681069]
V  [jvm.dll+0x838cca]
V  [jvm.dll+0x83a78e]
V  [jvm.dll+0x83adf3]
V  [jvm.dll+0x24826f]
V  [jvm.dll+0x67dd99]
V  [jvm.dll+0x67286a]
V  [jvm.dll+0x30826b]
V  [jvm.dll+0x30f756]
V  [jvm.dll+0x35face]
V  [jvm.dll+0x35fd0f]
V  [jvm.dll+0x2df21c]
V  [jvm.dll+0x2dd5df]
V  [jvm.dll+0x2dcd0c]
V  [jvm.dll+0x3204ab]
V  [jvm.dll+0x83f2ed]
V  [jvm.dll+0x840032]
V  [jvm.dll+0x84055f]
V  [jvm.dll+0x840944]
V  [jvm.dll+0x840a10]
V  [jvm.dll+0x7e7f6c]
V  [jvm.dll+0x67ff37]
C  [ucrtbase.dll+0x21bb2]
C  [KERNEL32.DLL+0x17614]
C  [ntdll.dll+0x526a1]

VM_Operation (0x00000016fabfcf90): G1CollectForAllocation, mode: safepoint, requested by thread 0x00000179607f8e30


---------------  P R O C E S S  ---------------

Threads class SMR info:
_java_thread_list=0x000001796f1945e0, length=15, elements={
0x00000179607f8e30, 0x0000017960973960, 0x00000179609746f0, 0x000001796098b360,
0x000001796098cfa0, 0x000001796098f880, 0x0000017960990150, 0x0000017960990ad0,
0x00000179609a0900, 0x00000179688f0420, 0x0000017968a382a0, 0x0000017968a39340,
0x0000017968a3c860, 0x0000017968a929e0, 0x000001796dc1db00
}

Java Threads: ( => current thread )
  0x00000179607f8e30 JavaThread "main" [_thread_blocked, id=5468, stack(0x00000016fab00000,0x00000016fac00000)]
  0x0000017960973960 JavaThread "Reference Handler" daemon [_thread_blocked, id=5720, stack(0x00000016fb200000,0x00000016fb300000)]
  0x00000179609746f0 JavaThread "Finalizer" daemon [_thread_blocked, id=9496, stack(0x00000016fb300000,0x00000016fb400000)]
  0x000001796098b360 JavaThread "Signal Dispatcher" daemon [_thread_blocked, id=7280, stack(0x00000016fb400000,0x00000016fb500000)]
  0x000001796098cfa0 JavaThread "Attach Listener" daemon [_thread_blocked, id=6412, stack(0x00000016fb500000,0x00000016fb600000)]
  0x000001796098f880 JavaThread "Service Thread" daemon [_thread_blocked, id=4704, stack(0x00000016fb600000,0x00000016fb700000)]
  0x0000017960990150 JavaThread "Monitor Deflation Thread" daemon [_thread_blocked, id=1092, stack(0x00000016fb700000,0x00000016fb800000)]
  0x0000017960990ad0 JavaThread "C1 CompilerThread0" daemon [_thread_blocked, id=11164, stack(0x00000016fb800000,0x00000016fb900000)]
  0x00000179609a0900 JavaThread "Sweeper thread" daemon [_thread_blocked, id=6364, stack(0x00000016fb900000,0x00000016fba00000)]
  0x00000179688f0420 JavaThread "Common-Cleaner" daemon [_thread_blocked, id=9420, stack(0x00000016fba00000,0x00000016fbb00000)]
  0x0000017968a382a0 JavaThread "JDWP Transport Listener: dt_socket" daemon [_thread_blocked, id=10508, stack(0x00000016fbb00000,0x00000016fbc00000)]
  0x0000017968a39340 JavaThread "JDWP Event Helper Thread" daemon [_thread_blocked, id=12256, stack(0x00000016fbc00000,0x00000016fbd00000)]
  0x0000017968a3c860 JavaThread "JDWP Command Reader" daemon [_thread_in_native, id=3076, stack(0x00000016fbd00000,0x00000016fbe00000)]
  0x0000017968a929e0 JavaThread "Notification Thread" daemon [_thread_blocked, id=9160, stack(0x00000016fbe00000,0x00000016fbf00000)]
  0x000001796dc1db00 JavaThread "RMI TCP Accept-0" daemon [_thread_in_native, id=2204, stack(0x00000016fc300000,0x00000016fc400000)]

Other Threads:
=>0x000001796096b3b0 VMThread "VM Thread" [stack: 0x00000016fb100000,0x00000016fb200000] [id=12068]
  0x000001796dc0ef10 WatcherThread [stack: 0x00000016fc400000,0x00000016fc500000] [id=2888]
  0x0000017960845fd0 GCTaskThread "GC Thread#0" [stack: 0x00000016fac00000,0x00000016fad00000] [id=6336]
  0x000001796d5debf0 GCTaskThread "GC Thread#1" [stack: 0x00000016fbf00000,0x00000016fc000000] [id=6720]
  0x000001796d625f80 GCTaskThread "GC Thread#2" [stack: 0x00000016fc000000,0x00000016fc100000] [id=8112]
  0x000001796d625200 GCTaskThread "GC Thread#3" [stack: 0x00000016fc100000,0x00000016fc200000] [id=6148]
  0x0000017960850e40 ConcurrentGCThread "G1 Main Marker" [stack: 0x00000016fad00000,0x00000016fae00000] [id=4332]
  0x0000017960852500 ConcurrentGCThread "G1 Conc#0" [stack: 0x00000016fae00000,0x00000016faf00000] [id=8488]
  0x00000179608a6140 ConcurrentGCThread "G1 Refine#0" [stack: 0x00000016faf00000,0x00000016fb000000] [id=11780]
  0x000001796d5f0ce0 ConcurrentGCThread "G1 Refine#1" [stack: 0x00000016fc200000,0x00000016fc300000] [id=9784]
  0x00000179608a6a80 ConcurrentGCThread "G1 Service" [stack: 0x00000016fb000000,0x00000016fb100000] [id=4484]

Threads with active compile tasks:

VM state: at safepoint (normal execution)

VM Mutex/Monitor currently owned by a thread:  ([mutex/lock_event])
[0x0000017958a73400] Threads_lock - owner thread: 0x000001796096b3b0
[0x00000179607f7650] Heap_lock - owner thread: 0x00000179607f8e30

Heap address: 0x00000000c0000000, size: 1024 MB, Compressed Oops mode: 32-bit

CDS archive(s) mapped at: [0x0000017900000000-0x0000017900bb0000-0x0000017900bb0000), size 12255232, SharedBaseAddress: 0x0000017900000000, ArchiveRelocationMode: 1.
Compressed class space mapped at: 0x0000017901000000-0x0000017941000000, reserved size: 1073741824
Narrow klass base: 0x0000017900000000, Narrow klass shift: 0, Narrow klass range: 0x100000000

GC Precious Log:
 CPUs: 4 total, 4 available
 Memory: 4095M
 Large Page Support: Disabled
 NUMA Support: Disabled
 Compressed Oops: Enabled (32-bit)
 Heap Region Size: 1M
 Heap Min Capacity: 8M
 Heap Initial Capacity: 64M
 Heap Max Capacity: 1G
 Pre-touch: Disabled
 Parallel Workers: 4
 Concurrent Workers: 1
 Concurrent Refinement Workers: 4
 Periodic GC: Disabled

Heap:
 garbage-first heap   total 60416K, used 17580K [0x00000000c0000000, 0x0000000100000000)
  region size 1024K, 3 young (3072K), 3 survivors (3072K)
 Metaspace       used 24633K, committed 24896K, reserved 1114112K
  class space    used 3073K, committed 3200K, reserved 1048576K

Heap Regions: E=young(eden), S=young(survivor), O=old, HS=humongous(starts), HC=humongous(continues), CS=collection set, F=free, OA=open archive, CA=closed archive, TAMS=top-at-mark-start (previous, next)
|   0|0x00000000c0000000, 0x00000000c0100000, 0x00000000c0100000|100%| O|  |TAMS 0x00000000c0100000, 0x00000000c0000000| Untracked 
|   1|0x00000000c0100000, 0x00000000c0200000, 0x00000000c0200000|100%| O|  |TAMS 0x00000000c0200000, 0x00000000c0100000| Untracked 
|   2|0x00000000c0200000, 0x00000000c0300000, 0x00000000c0300000|100%| O|  |TAMS 0x00000000c0300000, 0x00000000c0200000| Untracked 
|   3|0x00000000c0300000, 0x00000000c0400000, 0x00000000c0400000|100%| O|  |TAMS 0x00000000c0400000, 0x00000000c0300000| Untracked 
|   4|0x00000000c0400000, 0x00000000c0500000, 0x00000000c0500000|100%| O|  |TAMS 0x00000000c0500000, 0x00000000c0400000| Untracked 
|   5|0x00000000c0500000, 0x00000000c0500000, 0x00000000c0600000|  0%| F|  |TAMS 0x00000000c0500000, 0x00000000c0500000| Untracked 
|   6|0x00000000c0600000, 0x00000000c0600000, 0x00000000c0700000|  0%| F|  |TAMS 0x00000000c0600000, 0x00000000c0600000| Untracked 
|   7|0x00000000c0700000, 0x00000000c0800000, 0x00000000c0800000|100%| O|  |TAMS 0x00000000c0800000, 0x00000000c0700000| Untracked 
|   8|0x00000000c0800000, 0x00000000c0900000, 0x00000000c0900000|100%| O|  |TAMS 0x00000000c0900000, 0x00000000c0800000| Untracked 
|   9|0x00000000c0900000, 0x00000000c0a00000, 0x00000000c0a00000|100%| O|  |TAMS 0x00000000c0a00000, 0x00000000c0900000| Untracked 
|  10|0x00000000c0a00000, 0x00000000c0b00000, 0x00000000c0b00000|100%| O|  |TAMS 0x00000000c0b00000, 0x00000000c0a00000| Untracked 
|  11|0x00000000c0b00000, 0x00000000c0c00000, 0x00000000c0c00000|100%| O|  |TAMS 0x00000000c0c00000, 0x00000000c0b00000| Untracked 
|  12|0x00000000c0c00000, 0x00000000c0d00000, 0x00000000c0d00000|100%| O|  |TAMS 0x00000000c0d00000, 0x00000000c0c00000| Untracked 
|  13|0x00000000c0d00000, 0x00000000c0e00000, 0x00000000c0e00000|100%| O|  |TAMS 0x00000000c0e00000, 0x00000000c0d00000| Untracked 
|  14|0x00000000c0e00000, 0x00000000c0f00000, 0x00000000c0f00000|100%| O|  |TAMS 0x00000000c0e00000, 0x00000000c0e00000| Untracked 
|  15|0x00000000c0f00000, 0x00000000c1000000, 0x00000000c1000000|100%| O|  |TAMS 0x00000000c0f00000, 0x00000000c0f00000| Untracked 
|  16|0x00000000c1000000, 0x00000000c1100000, 0x00000000c1100000|100%| O|  |TAMS 0x00000000c1000000, 0x00000000c1000000| Untracked 
|  17|0x00000000c1100000, 0x00000000c111a200, 0x00000000c1200000| 10%| O|  |TAMS 0x00000000c1100000, 0x00000000c1100000| Untracked 
|  18|0x00000000c1200000, 0x00000000c1200000, 0x00000000c1300000|  0%| F|  |TAMS 0x00000000c1200000, 0x00000000c1200000| Untracked 
|  19|0x00000000c1300000, 0x00000000c1300000, 0x00000000c1400000|  0%| F|  |TAMS 0x00000000c1300000, 0x00000000c1300000| Untracked 
|  20|0x00000000c1400000, 0x00000000c1400000, 0x00000000c1500000|  0%| F|  |TAMS 0x00000000c1400000, 0x00000000c1400000| Untracked 
|  21|0x00000000c1500000, 0x00000000c1500000, 0x00000000c1600000|  0%| F|  |TAMS 0x00000000c1500000, 0x00000000c1500000| Untracked 
|  22|0x00000000c1600000, 0x00000000c1600000, 0x00000000c1700000|  0%| F|  |TAMS 0x00000000c1600000, 0x00000000c1600000| Untracked 
|  23|0x00000000c1700000, 0x00000000c1700000, 0x00000000c1800000|  0%| F|  |TAMS 0x00000000c1700000, 0x00000000c1700000| Untracked 
|  24|0x00000000c1800000, 0x00000000c1800000, 0x00000000c1900000|  0%| F|  |TAMS 0x00000000c1800000, 0x00000000c1800000| Untracked 
|  25|0x00000000c1900000, 0x00000000c1900000, 0x00000000c1a00000|  0%| F|  |TAMS 0x00000000c1900000, 0x00000000c1900000| Untracked 
|  26|0x00000000c1a00000, 0x00000000c1a00000, 0x00000000c1b00000|  0%| F|  |TAMS 0x00000000c1a00000, 0x00000000c1a00000| Untracked 
|  27|0x00000000c1b00000, 0x00000000c1b00000, 0x00000000c1c00000|  0%| F|  |TAMS 0x00000000c1b00000, 0x00000000c1b00000| Untracked 
|  28|0x00000000c1c00000, 0x00000000c1c00000, 0x00000000c1d00000|  0%| F|  |TAMS 0x00000000c1c00000, 0x00000000c1c00000| Untracked 
|  29|0x00000000c1d00000, 0x00000000c1d10e08, 0x00000000c1e00000|  6%| S|CS|TAMS 0x00000000c1d00000, 0x00000000c1d00000| Complete 
|  30|0x00000000c1e00000, 0x00000000c1f00000, 0x00000000c1f00000|100%| S|CS|TAMS 0x00000000c1e00000, 0x00000000c1e00000| Complete 
|  31|0x00000000c1f00000, 0x00000000c2000000, 0x00000000c2000000|100%| S|CS|TAMS 0x00000000c1f00000, 0x00000000c1f00000| Complete 
|  32|0x00000000c2000000, 0x00000000c2000000, 0x00000000c2100000|  0%| F|  |TAMS 0x00000000c2000000, 0x00000000c2000000| Untracked 
|  33|0x00000000c2100000, 0x00000000c2100000, 0x00000000c2200000|  0%| F|  |TAMS 0x00000000c2100000, 0x00000000c2100000| Untracked 
|  34|0x00000000c2200000, 0x00000000c2200000, 0x00000000c2300000|  0%| F|  |TAMS 0x00000000c2200000, 0x00000000c2200000| Untracked 
|  35|0x00000000c2300000, 0x00000000c2300000, 0x00000000c2400000|  0%| F|  |TAMS 0x00000000c2300000, 0x00000000c2300000| Untracked 
|  36|0x00000000c2400000, 0x00000000c2400000, 0x00000000c2500000|  0%| F|  |TAMS 0x00000000c2400000, 0x00000000c2400000| Untracked 
|  37|0x00000000c2500000, 0x00000000c2500000, 0x00000000c2600000|  0%| F|  |TAMS 0x00000000c2500000, 0x00000000c2500000| Untracked 
|  38|0x00000000c2600000, 0x00000000c2600000, 0x00000000c2700000|  0%| F|  |TAMS 0x00000000c2600000, 0x00000000c2600000| Untracked 
|  39|0x00000000c2700000, 0x00000000c2700000, 0x00000000c2800000|  0%| F|  |TAMS 0x00000000c2700000, 0x00000000c2700000| Untracked 
|  40|0x00000000c2800000, 0x00000000c2800000, 0x00000000c2900000|  0%| F|  |TAMS 0x00000000c2800000, 0x00000000c2800000| Untracked 
|  41|0x00000000c2900000, 0x00000000c2900000, 0x00000000c2a00000|  0%| F|  |TAMS 0x00000000c2900000, 0x00000000c2900000| Untracked 
|  42|0x00000000c2a00000, 0x00000000c2a00000, 0x00000000c2b00000|  0%| F|  |TAMS 0x00000000c2a00000, 0x00000000c2a00000| Untracked 
|  43|0x00000000c2b00000, 0x00000000c2b00000, 0x00000000c2c00000|  0%| F|  |TAMS 0x00000000c2b00000, 0x00000000c2b00000| Untracked 
|  44|0x00000000c2c00000, 0x00000000c2c00000, 0x00000000c2d00000|  0%| F|  |TAMS 0x00000000c2c00000, 0x00000000c2c00000| Untracked 
|  45|0x00000000c2d00000, 0x00000000c2d00000, 0x00000000c2e00000|  0%| F|  |TAMS 0x00000000c2d00000, 0x00000000c2d00000| Untracked 
|  46|0x00000000c2e00000, 0x00000000c2e00000, 0x00000000c2f00000|  0%| F|  |TAMS 0x00000000c2e00000, 0x00000000c2e00000| Untracked 
|  47|0x00000000c2f00000, 0x00000000c2f00000, 0x00000000c3000000|  0%| F|  |TAMS 0x00000000c2f00000, 0x00000000c2f00000| Untracked 
|  48|0x00000000c3000000, 0x00000000c3000000, 0x00000000c3100000|  0%| F|  |TAMS 0x00000000c3000000, 0x00000000c3000000| Untracked 
|  49|0x00000000c3100000, 0x00000000c3100000, 0x00000000c3200000|  0%| F|  |TAMS 0x00000000c3100000, 0x00000000c3100000| Untracked 
|  50|0x00000000c3200000, 0x00000000c3200000, 0x00000000c3300000|  0%| F|  |TAMS 0x00000000c3200000, 0x00000000c3200000| Untracked 
|  51|0x00000000c3300000, 0x00000000c3300000, 0x00000000c3400000|  0%| F|  |TAMS 0x00000000c3300000, 0x00000000c3300000| Untracked 
|  52|0x00000000c3400000, 0x00000000c3400000, 0x00000000c3500000|  0%| F|  |TAMS 0x00000000c3400000, 0x00000000c3400000| Untracked 
|  53|0x00000000c3500000, 0x00000000c3500000, 0x00000000c3600000|  0%| F|  |TAMS 0x00000000c3500000, 0x00000000c3500000| Untracked 
|  54|0x00000000c3600000, 0x00000000c3600000, 0x00000000c3700000|  0%| F|  |TAMS 0x00000000c3600000, 0x00000000c3600000| Untracked 
|  55|0x00000000c3700000, 0x00000000c3700000, 0x00000000c3800000|  0%| F|  |TAMS 0x00000000c3700000, 0x00000000c3700000| Untracked 
|  56|0x00000000c3800000, 0x00000000c3800000, 0x00000000c3900000|  0%| F|  |TAMS 0x00000000c3800000, 0x00000000c3800000| Untracked 
|  57|0x00000000c3900000, 0x00000000c3900000, 0x00000000c3a00000|  0%| F|  |TAMS 0x00000000c3900000, 0x00000000c3900000| Untracked 
|  63|0x00000000c3f00000, 0x00000000c3f00000, 0x00000000c4000000|  0%| F|  |TAMS 0x00000000c3f00000, 0x00000000c3f00000| Untracked 

Card table byte_map: [0x0000017964000000,0x0000017964200000] _byte_map_base: 0x0000017963a00000

Marking Bits (Prev, Next): (CMBitMap*) 0x0000017960848550, (CMBitMap*) 0x0000017960848510
 Prev Bits: [0x0000017965400000, 0x0000017966400000)
 Next Bits: [0x0000017964400000, 0x0000017965400000)

Polling page: 0x00000179569c0000

Metaspace:

Usage:
  Non-class:     21.06 MB used.
      Class:      3.00 MB used.
       Both:     24.06 MB used.

Virtual space:
  Non-class space:       64.00 MB reserved,      21.19 MB ( 33%) committed,  1 nodes.
      Class space:        1.00 GB reserved,       3.12 MB ( <1%) committed,  1 nodes.
             Both:        1.06 GB reserved,      24.31 MB (  2%) committed. 

Chunk freelists:
   Non-Class:  10.62 MB
       Class:  12.89 MB
        Both:  23.51 MB

MaxMetaspaceSize: unlimited
CompressedClassSpaceSize: 1.00 GB
Initial GC threshold: 21.00 MB
Current GC threshold: 35.12 MB
CDS: on
MetaspaceReclaimPolicy: balanced
 - commit_granule_bytes: 65536.
 - commit_granule_words: 8192.
 - virtual_space_node_default_size: 8388608.
 - enlarge_chunks_in_place: 1.
 - new_chunks_are_fully_committed: 0.
 - uncommit_free_chunks: 1.
 - use_allocation_guard: 0.
 - handle_deallocations: 1.


Internal statistics:

num_allocs_failed_limit: 3.
num_arena_births: 246.
num_arena_deaths: 0.
num_vsnodes_births: 2.
num_vsnodes_deaths: 0.
num_space_committed: 389.
num_space_uncommitted: 0.
num_chunks_returned_to_freelist: 3.
num_chunks_taken_from_freelist: 843.
num_chunk_merges: 3.
num_chunk_splits: 562.
num_chunks_enlarged: 422.
num_inconsistent_stats: 0.

CodeCache: size=49152Kb used=7278Kb max_used=7278Kb free=41873Kb
 bounds [0x00000179609b0000, 0x00000179610d0000, 0x00000179639b0000]
 total_blobs=3489 nmethods=3005 adapters=411
 compilation: enabled
              stopped_count=0, restarted_count=0
 full_count=0

Compilation events (20 events):
Event: 3.120 Thread 0x0000017960990ad0 2999       1       org.springframework.core.annotation.MergedAnnotationCollectors::toMultiValueMap (42 bytes)
Event: 3.121 Thread 0x0000017960990ad0 nmethod 2999 0x00000179610c6e10 code [0x00000179610c6fc0, 0x00000179610c7198]
Event: 3.121 Thread 0x0000017960990ad0 3000       1       org.springframework.core.annotation.MergedAnnotationCollectors::isSameInstance (11 bytes)
Event: 3.121 Thread 0x0000017960990ad0 nmethod 3000 0x00000179610c7410 code [0x00000179610c75a0, 0x00000179610c7658]
Event: 3.121 Thread 0x0000017960990ad0 2998       1       org.springframework.core.annotation.MergedAnnotationPredicates$UniquePredicate::<init> (27 bytes)
Event: 3.121 Thread 0x0000017960990ad0 nmethod 2998 0x00000179610c7710 code [0x00000179610c78c0, 0x00000179610c7c28]
Event: 3.121 Thread 0x0000017960990ad0 3001       1       org.springframework.core.annotation.MergedAnnotationsCollection::stream (10 bytes)
Event: 3.121 Thread 0x0000017960990ad0 nmethod 3001 0x00000179610c7e90 code [0x00000179610c8040, 0x00000179610c8418]
Event: 3.121 Thread 0x0000017960990ad0 3002   !   1       org.springframework.beans.BeanUtils::instantiateClass (84 bytes)
Event: 3.122 Thread 0x0000017960990ad0 nmethod 3002 0x00000179610c8710 code [0x00000179610c89a0, 0x00000179610c9268]
Event: 3.122 Thread 0x0000017960990ad0 3003       1       org.springframework.core.type.classreading.MergedAnnotationReadingVisitor$$Lambda$315/0x00000179012cf800::accept (16 bytes)
Event: 3.123 Thread 0x0000017960990ad0 nmethod 3003 0x00000179610c9d10 code [0x00000179610c9ea0, 0x00000179610ca008]
Event: 3.123 Thread 0x0000017960990ad0 3004       1       org.springframework.core.type.classreading.MergedAnnotationReadingVisitor::lambda$visitArray$2 (13 bytes)
Event: 3.123 Thread 0x0000017960990ad0 nmethod 3004 0x00000179610ca190 code [0x00000179610ca320, 0x00000179610ca428]
Event: 3.123 Thread 0x0000017960990ad0 3005       1       org.springframework.boot.autoconfigure.condition.ConditionMessage$Style$2::applyToItem (6 bytes)
Event: 3.123 Thread 0x0000017960990ad0 nmethod 3005 0x00000179610ca510 code [0x00000179610ca700, 0x00000179610ca978]
Event: 3.123 Thread 0x0000017960990ad0 3006       1       org.springframework.boot.autoconfigure.condition.ConditionMessage$Style$2::applyToItem (33 bytes)
Event: 3.123 Thread 0x0000017960990ad0 nmethod 3006 0x00000179610cac90 code [0x00000179610cae80, 0x00000179610cb248]
Event: 3.124 Thread 0x0000017960990ad0 3007       1       org.springframework.core.annotation.MergedAnnotationSelectors$FirstDirectlyDeclared::isBestCandidate (15 bytes)
Event: 3.124 Thread 0x0000017960990ad0 nmethod 3007 0x00000179610cb710 code [0x00000179610cb8a0, 0x00000179610cb9a8]

GC Heap History (17 events):
Event: 0.736 GC heap before
{Heap before GC invocations=0 (full 0):
 garbage-first heap   total 65536K, used 12288K [0x00000000c0000000, 0x0000000100000000)
  region size 1024K, 13 young (13312K), 0 survivors (0K)
 Metaspace       used 5552K, committed 5760K, reserved 1114112K
  class space    used 577K, committed 704K, reserved 1048576K
}
Event: 0.741 GC heap after
{Heap after GC invocations=1 (full 0):
 garbage-first heap   total 65536K, used 4711K [0x00000000c0000000, 0x0000000100000000)
  region size 1024K, 2 young (2048K), 2 survivors (2048K)
 Metaspace       used 5552K, committed 5760K, reserved 1114112K
  class space    used 577K, committed 704K, reserved 1048576K
}
Event: 1.037 GC heap before
{Heap before GC invocations=1 (full 0):
 garbage-first heap   total 65536K, used 15975K [0x00000000c0000000, 0x0000000100000000)
  region size 1024K, 14 young (14336K), 2 survivors (2048K)
 Metaspace       used 9280K, committed 9408K, reserved 1114112K
  class space    used 967K, committed 1024K, reserved 1048576K
}
Event: 1.043 GC heap after
{Heap after GC invocations=2 (full 0):
 garbage-first heap   total 65536K, used 10044K [0x00000000c0000000, 0x0000000100000000)
  region size 1024K, 2 young (2048K), 2 survivors (2048K)
 Metaspace       used 9280K, committed 9408K, reserved 1114112K
  class space    used 967K, committed 1024K, reserved 1048576K
}
Event: 1.633 GC heap before
{Heap before GC invocations=2 (full 0):
 garbage-first heap   total 65536K, used 29500K [0x00000000c0000000, 0x0000000100000000)
  region size 1024K, 21 young (21504K), 2 survivors (2048K)
 Metaspace       used 13002K, committed 13120K, reserved 1114112K
  class space    used 1426K, committed 1472K, reserved 1048576K
}
Event: 1.641 GC heap after
{Heap after GC invocations=3 (full 0):
 garbage-first heap   total 65536K, used 14736K [0x00000000c0000000, 0x0000000100000000)
  region size 1024K, 3 young (3072K), 3 survivors (3072K)
 Metaspace       used 13002K, committed 13120K, reserved 1114112K
  class space    used 1426K, committed 1472K, reserved 1048576K
}
Event: 2.012 GC heap before
{Heap before GC invocations=3 (full 0):
 garbage-first heap   total 65536K, used 32144K [0x00000000c0000000, 0x0000000100000000)
  region size 1024K, 21 young (21504K), 3 survivors (3072K)
 Metaspace       used 16561K, committed 16832K, reserved 1114112K
  class space    used 1903K, committed 2048K, reserved 1048576K
}
Event: 2.016 GC heap after
{Heap after GC invocations=4 (full 0):
 garbage-first heap   total 65536K, used 16030K [0x00000000c0000000, 0x0000000100000000)
  region size 1024K, 2 young (2048K), 2 survivors (2048K)
 Metaspace       used 16561K, committed 16832K, reserved 1114112K
  class space    used 1903K, committed 2048K, reserved 1048576K
}
Event: 2.194 GC heap before
{Heap before GC invocations=4 (full 0):
 garbage-first heap   total 65536K, used 35486K [0x00000000c0000000, 0x0000000100000000)
  region size 1024K, 22 young (22528K), 2 survivors (2048K)
 Metaspace       used 20414K, committed 20608K, reserved 1114112K
  class space    used 2445K, committed 2560K, reserved 1048576K
}
Event: 2.195 GC heap after
{Heap after GC invocations=5 (full 0):
 garbage-first heap   total 65536K, used 16623K [0x00000000c0000000, 0x0000000100000000)
  region size 1024K, 2 young (2048K), 2 survivors (2048K)
 Metaspace       used 20414K, committed 20608K, reserved 1114112K
  class space    used 2445K, committed 2560K, reserved 1048576K
}
Event: 2.281 GC heap before
{Heap before GC invocations=5 (full 0):
 garbage-first heap   total 65536K, used 21743K [0x00000000c0000000, 0x0000000100000000)
  region size 1024K, 8 young (8192K), 2 survivors (2048K)
 Metaspace       used 21302K, committed 21504K, reserved 1114112K
  class space    used 2580K, committed 2688K, reserved 1048576K
}
Event: 2.283 GC heap after
{Heap after GC invocations=6 (full 0):
 garbage-first heap   total 65536K, used 16714K [0x00000000c0000000, 0x0000000100000000)
  region size 1024K, 2 young (2048K), 2 survivors (2048K)
 Metaspace       used 21302K, committed 21504K, reserved 1114112K
  class space    used 2580K, committed 2688K, reserved 1048576K
}
Event: 2.735 GC heap before
{Heap before GC invocations=7 (full 0):
 garbage-first heap   total 58368K, used 46900K [0x00000000c0000000, 0x0000000100000000)
  region size 1024K, 32 young (32768K), 2 survivors (2048K)
 Metaspace       used 23125K, committed 23424K, reserved 1114112K
  class space    used 2861K, committed 3008K, reserved 1048576K
}
Event: 2.741 GC heap after
{Heap after GC invocations=8 (full 0):
 garbage-first heap   total 58368K, used 17750K [0x00000000c0000000, 0x0000000100000000)
  region size 1024K, 4 young (4096K), 4 survivors (4096K)
 Metaspace       used 23125K, committed 23424K, reserved 1114112K
  class space    used 2861K, committed 3008K, reserved 1048576K
}
Event: 2.761 GC heap before
{Heap before GC invocations=8 (full 0):
 garbage-first heap   total 58368K, used 17750K [0x00000000c0000000, 0x0000000100000000)
  region size 1024K, 5 young (5120K), 4 survivors (4096K)
 Metaspace       used 23178K, committed 23488K, reserved 1114112K
  class space    used 2869K, committed 3008K, reserved 1048576K
}
Event: 2.765 GC heap after
{Heap after GC invocations=9 (full 0):
 garbage-first heap   total 58368K, used 16325K [0x00000000c0000000, 0x0000000100000000)
  region size 1024K, 1 young (1024K), 1 survivors (1024K)
 Metaspace       used 23178K, committed 23488K, reserved 1114112K
  class space    used 2869K, committed 3008K, reserved 1048576K
}
Event: 3.125 GC heap before
{Heap before GC invocations=9 (full 0):
 garbage-first heap   total 58368K, used 40901K [0x00000000c0000000, 0x0000000100000000)
  region size 1024K, 25 young (25600K), 1 survivors (1024K)
 Metaspace       used 24633K, committed 24896K, reserved 1114112K
  class space    used 3073K, committed 3200K, reserved 1048576K
}

Dll operation events (13 events):
Event: 0.050 Loaded shared library C:\Users\vboxuser\.jdks\corretto-17.0.14\bin\java.dll
Event: 0.052 Loaded shared library C:\Users\vboxuser\.jdks\corretto-17.0.14\bin\zip.dll
Event: 0.100 Loaded shared library C:\Users\vboxuser\.jdks\corretto-17.0.14\bin\jsvml.dll
Event: 0.254 Loaded shared library C:\Users\vboxuser\.jdks\corretto-17.0.14\bin\instrument.dll
Event: 0.336 Loaded shared library C:\Users\vboxuser\.jdks\corretto-17.0.14\bin\jimage.dll
Event: 0.363 Loaded shared library C:\Users\vboxuser\.jdks\corretto-17.0.14\bin\net.dll
Event: 0.366 Loaded shared library C:\Users\vboxuser\.jdks\corretto-17.0.14\bin\nio.dll
Event: 0.383 Loaded shared library C:\Users\vboxuser\.jdks\corretto-17.0.14\bin\zip.dll
Event: 0.532 Loaded shared library C:\Users\vboxuser\.jdks\corretto-17.0.14\bin\management.dll
Event: 0.563 Loaded shared library C:\Users\vboxuser\.jdks\corretto-17.0.14\bin\management_ext.dll
Event: 0.937 Loaded shared library C:\Users\vboxuser\.jdks\corretto-17.0.14\bin\extnet.dll
Event: 1.164 Loaded shared library C:\Users\vboxuser\.jdks\corretto-17.0.14\bin\verify.dll
Event: 1.382 Loaded shared library C:\Users\vboxuser\.jdks\corretto-17.0.14\bin\sunmscapi.dll

Deoptimization events (20 events):
Event: 3.122 Thread 0x00000179607f8e30 DEOPT PACKING pc=0x0000017960d494d4 sp=0x00000016fabfd930
Event: 3.122 Thread 0x00000179607f8e30 DEOPT UNPACKING pc=0x0000017960a07143 sp=0x00000016fabfce08 mode 1
Event: 3.122 Thread 0x00000179607f8e30 DEOPT PACKING pc=0x00000179610394d4 sp=0x00000016fabfd9d0
Event: 3.122 Thread 0x00000179607f8e30 DEOPT UNPACKING pc=0x0000017960a07143 sp=0x00000016fabfce28 mode 1
Event: 3.122 Thread 0x00000179607f8e30 DEOPT PACKING pc=0x0000017960d0a75c sp=0x00000016fabfce80
Event: 3.122 Thread 0x00000179607f8e30 DEOPT UNPACKING pc=0x0000017960a07143 sp=0x00000016fabfc318 mode 1
Event: 3.122 Thread 0x00000179607f8e30 DEOPT PACKING pc=0x0000017960d0767c sp=0x00000016fabfcf50
Event: 3.122 Thread 0x00000179607f8e30 DEOPT UNPACKING pc=0x0000017960a07143 sp=0x00000016fabfc408 mode 1
Event: 3.122 Thread 0x00000179607f8e30 DEOPT PACKING pc=0x0000017960d494d4 sp=0x00000016fabfd930
Event: 3.122 Thread 0x00000179607f8e30 DEOPT UNPACKING pc=0x0000017960a07143 sp=0x00000016fabfce08 mode 1
Event: 3.122 Thread 0x00000179607f8e30 DEOPT PACKING pc=0x00000179610394d4 sp=0x00000016fabfd9d0
Event: 3.122 Thread 0x00000179607f8e30 DEOPT UNPACKING pc=0x0000017960a07143 sp=0x00000016fabfce28 mode 1
Event: 3.123 Thread 0x00000179607f8e30 DEOPT PACKING pc=0x0000017960d0a75c sp=0x00000016fabfce80
Event: 3.123 Thread 0x00000179607f8e30 DEOPT UNPACKING pc=0x0000017960a07143 sp=0x00000016fabfc318 mode 1
Event: 3.123 Thread 0x00000179607f8e30 DEOPT PACKING pc=0x0000017960d0767c sp=0x00000016fabfcf50
Event: 3.123 Thread 0x00000179607f8e30 DEOPT UNPACKING pc=0x0000017960a07143 sp=0x00000016fabfc408 mode 1
Event: 3.123 Thread 0x00000179607f8e30 DEOPT PACKING pc=0x0000017960d494d4 sp=0x00000016fabfd930
Event: 3.123 Thread 0x00000179607f8e30 DEOPT UNPACKING pc=0x0000017960a07143 sp=0x00000016fabfce08 mode 1
Event: 3.123 Thread 0x00000179607f8e30 DEOPT PACKING pc=0x00000179610394d4 sp=0x00000016fabfd9d0
Event: 3.123 Thread 0x00000179607f8e30 DEOPT UNPACKING pc=0x0000017960a07143 sp=0x00000016fabfce28 mode 1

Classes loaded (20 events):
Event: 3.116 Loading class org/springframework/web/servlet/config/annotation/EnableWebMvc
Event: 3.116 Loading class org/springframework/web/servlet/config/annotation/EnableWebMvc done
Event: 3.116 Loading class org/springframework/web/servlet/config/annotation/DelegatingWebMvcConfiguration
Event: 3.116 Loading class org/springframework/web/servlet/config/annotation/DelegatingWebMvcConfiguration done
Event: 3.117 Loading class org/springframework/web/servlet/config/annotation/WebMvcConfigurationSupport
Event: 3.117 Loading class org/springframework/web/servlet/config/annotation/WebMvcConfigurationSupport done
Event: 3.119 Loading class org/glassfish/jersey/server/ResourceConfig
Event: 3.119 Loading class org/glassfish/jersey/server/ResourceConfig done
Event: 3.120 Loading class org/springframework/web/reactive/DispatcherHandler
Event: 3.120 Loading class org/springframework/web/reactive/DispatcherHandler done
Event: 3.121 Loading class org/glassfish/jersey/server/ResourceConfig
Event: 3.121 Loading class org/glassfish/jersey/server/ResourceConfig done
Event: 3.122 Loading class org/springframework/security/web/util/matcher/RequestMatcher
Event: 3.122 Loading class org/springframework/security/web/util/matcher/RequestMatcher done
Event: 3.123 Loading class org/glassfish/jersey/server/ResourceConfig
Event: 3.123 Loading class org/glassfish/jersey/server/ResourceConfig done
Event: 3.124 Loading class org/springframework/context/annotation/ConfigurationClassBeanDefinitionReader$TrackedConditionEvaluator
Event: 3.124 Loading class org/springframework/context/annotation/ConfigurationClassBeanDefinitionReader$TrackedConditionEvaluator done
Event: 3.125 Loading class org/springframework/context/annotation/ConfigurationClassBeanDefinitionReader$ConfigurationClassBeanDefinition
Event: 3.125 Loading class org/springframework/context/annotation/ConfigurationClassBeanDefinitionReader$ConfigurationClassBeanDefinition done

Classes unloaded (0 events):
No events

Classes redefined (1 events):
Event: 0.299 Thread 0x000001796096b3b0 redefined class name=java.lang.Throwable, count=1

Internal exceptions (20 events):
Event: 2.231 Thread 0x00000179607f8e30 Exception <a 'java/lang/NoClassDefFoundError'{0x00000000c3de77b0}: org/springframework/jdbc/CannotGetJdbcConnectionException> (0x00000000c3de77b0) 
thrown [s\src\hotspot\share\classfile\systemDictionary.cpp, line 245]
Event: 2.242 Thread 0x00000179607f8e30 Exception <a 'java/lang/NoClassDefFoundError'{0x00000000c3c8d668}: javax/validation/ValidationException> (0x00000000c3c8d668) 
thrown [s\src\hotspot\share\classfile\systemDictionary.cpp, line 245]
Event: 2.262 Thread 0x00000179607f8e30 Exception <a 'java/lang/NoSuchMethodError'{0x00000000c3b4b1e0}: 'org.slf4j.impl.StaticMDCBinder org.slf4j.impl.StaticMDCBinder.getSingleton()'> (0x00000000c3b4b1e0) 
thrown [s\src\hotspot\share\interpreter\linkResolver.cpp, line 759]
Event: 2.396 Thread 0x00000179607f8e30 Exception <a 'java/lang/ClassNotFoundException'{0x00000000c327b640}: java/lang/ObjectCustomizer> (0x00000000c327b640) 
thrown [s\src\hotspot\share\classfile\systemDictionary.cpp, line 256]
Event: 2.403 Thread 0x00000179607f8e30 Exception <a 'java/lang/NoSuchMethodError'{0x00000000c328bbc8}: 'java.lang.Object java.lang.invoke.DirectMethodHandle$Holder.invokeInterface(java.lang.Object, java.lang.Object)'> (0x00000000c328bbc8) 
thrown [s\src\hotspot\share\interpreter\linkResolver.cpp, line 759]
Event: 2.404 Thread 0x00000179607f8e30 Exception <a 'java/lang/IncompatibleClassChangeError'{0x00000000c328f3e0}: Found class java.lang.Object, but interface was expected> (0x00000000c328f3e0) 
thrown [s\src\hotspot\share\interpreter\linkResolver.cpp, line 826]
Event: 2.409 Thread 0x00000179607f8e30 Exception <a 'java/lang/ClassNotFoundException'{0x00000000c32ac438}: org/springframework/context/annotation/ConfigurationClassPostProcessorCustomizer> (0x00000000c32ac438) 
thrown [s\src\hotspot\share\classfile\systemDictionary.cpp, line 256]
Event: 2.418 Thread 0x00000179607f8e30 Exception <a 'java/lang/ClassNotFoundException'{0x00000000c310a238}: org/springframework/beans/factory/support/BeanDefinitionRegistryPostProcessorCustomizer> (0x00000000c310a238) 
thrown [s\src\hotspot\share\classfile\systemDictionary.cpp, line 256]
Event: 2.418 Thread 0x00000179607f8e30 Exception <a 'java/lang/ClassNotFoundException'{0x00000000c310fde0}: org/springframework/beans/factory/config/BeanFactoryPostProcessorCustomizer> (0x00000000c310fde0) 
thrown [s\src\hotspot\share\classfile\systemDictionary.cpp, line 256]
Event: 2.419 Thread 0x00000179607f8e30 Exception <a 'java/lang/ClassNotFoundException'{0x00000000c3115578}: org/springframework/core/PriorityOrderedCustomizer> (0x00000000c3115578) 
thrown [s\src\hotspot\share\classfile\systemDictionary.cpp, line 256]
Event: 2.419 Thread 0x00000179607f8e30 Exception <a 'java/lang/ClassNotFoundException'{0x00000000c3119980}: org/springframework/core/OrderedCustomizer> (0x00000000c3119980) 
thrown [s\src\hotspot\share\classfile\systemDictionary.cpp, line 256]
Event: 2.420 Thread 0x00000179607f8e30 Exception <a 'java/lang/ClassNotFoundException'{0x00000000c311f008}: org/springframework/context/ResourceLoaderAwareCustomizer> (0x00000000c311f008) 
thrown [s\src\hotspot\share\classfile\systemDictionary.cpp, line 256]
Event: 2.420 Thread 0x00000179607f8e30 Exception <a 'java/lang/ClassNotFoundException'{0x00000000c3124780}: org/springframework/beans/factory/AwareCustomizer> (0x00000000c3124780) 
thrown [s\src\hotspot\share\classfile\systemDictionary.cpp, line 256]
Event: 2.421 Thread 0x00000179607f8e30 Exception <a 'java/lang/ClassNotFoundException'{0x00000000c31290d0}: org/springframework/beans/factory/BeanClassLoaderAwareCustomizer> (0x00000000c31290d0) 
thrown [s\src\hotspot\share\classfile\systemDictionary.cpp, line 256]
Event: 2.422 Thread 0x00000179607f8e30 Exception <a 'java/lang/ClassNotFoundException'{0x00000000c312e830}: org/springframework/beans/factory/AwareCustomizer> (0x00000000c312e830) 
thrown [s\src\hotspot\share\classfile\systemDictionary.cpp, line 256]
Event: 2.422 Thread 0x00000179607f8e30 Exception <a 'java/lang/ClassNotFoundException'{0x00000000c3132dc0}: org/springframework/context/EnvironmentAwareCustomizer> (0x00000000c3132dc0) 
thrown [s\src\hotspot\share\classfile\systemDictionary.cpp, line 256]
Event: 2.423 Thread 0x00000179607f8e30 Exception <a 'java/lang/ClassNotFoundException'{0x00000000c3138490}: org/springframework/beans/factory/AwareCustomizer> (0x00000000c3138490) 
thrown [s\src\hotspot\share\classfile\systemDictionary.cpp, line 256]
Event: 2.517 Thread 0x00000179607f8e30 Exception <a 'java/lang/NoSuchMethodError'{0x00000000c2c170c0}: 'void java.lang.invoke.DirectMethodHandle$Holder.invokeInterface(java.lang.Object, java.lang.Object, java.lang.Object, java.lang.Object)'> (0x00000000c2c170c0) 
thrown [s\src\hotspot\share\interpreter\linkResolver.cpp, line 759]
Event: 2.729 Thread 0x00000179607f8e30 Exception <a 'java/lang/NoSuchMethodError'{0x00000000c19a00f8}: 'int java.lang.invoke.DirectMethodHandle$Holder.invokeSpecialIFC(java.lang.Object, java.lang.Object, java.lang.Object, java.lang.Object)'> (0x00000000c19a00f8) 
thrown [s\src\hotspot\share\interpreter\linkResolver.cpp, line 759]
Event: 2.832 Thread 0x00000179607f8e30 Exception <a 'java/lang/IncompatibleClassChangeError'{0x00000000c34c5b70}: Found class java.lang.Object, but interface was expected> (0x00000000c34c5b70) 
thrown [s\src\hotspot\share\interpreter\linkResolver.cpp, line 826]

VM Operations (20 events):
Event: 2.195 Executing VM operation: G1CollectForAllocation done
Event: 2.281 Executing VM operation: CollectForMetadataAllocation
Event: 2.283 Executing VM operation: CollectForMetadataAllocation done
Event: 2.295 Executing VM operation: G1PauseRemark
Event: 2.297 Executing VM operation: G1PauseRemark done
Event: 2.303 Executing VM operation: G1PauseCleanup
Event: 2.303 Executing VM operation: G1PauseCleanup done
Event: 2.365 Executing VM operation: HandshakeAllThreads
Event: 2.365 Executing VM operation: HandshakeAllThreads done
Event: 2.406 Executing VM operation: HandshakeAllThreads
Event: 2.406 Executing VM operation: HandshakeAllThreads done
Event: 2.437 Executing VM operation: HandshakeAllThreads
Event: 2.437 Executing VM operation: HandshakeAllThreads done
Event: 2.735 Executing VM operation: G1CollectForAllocation
Event: 2.741 Executing VM operation: G1CollectForAllocation done
Event: 2.761 Executing VM operation: G1CollectForAllocation
Event: 2.765 Executing VM operation: G1CollectForAllocation done
Event: 3.051 Executing VM operation: HandshakeAllThreads
Event: 3.051 Executing VM operation: HandshakeAllThreads done
Event: 3.125 Executing VM operation: G1CollectForAllocation

Memory protections (0 events):
No events

Nmethod flushes (0 events):
No events

Events (19 events):
Event: 0.101 Thread 0x00000179607f8e30 Thread added: 0x00000179607f8e30
Event: 0.108 Thread 0x00000179607f8e30 Thread added: 0x0000017960973960
Event: 0.108 Thread 0x00000179607f8e30 Thread added: 0x00000179609746f0
Event: 0.121 Thread 0x00000179607f8e30 Thread added: 0x000001796098b360
Event: 0.121 Thread 0x00000179607f8e30 Thread added: 0x000001796098cfa0
Event: 0.121 Thread 0x00000179607f8e30 Thread added: 0x000001796098f880
Event: 0.121 Thread 0x00000179607f8e30 Thread added: 0x0000017960990150
Event: 0.121 Thread 0x00000179607f8e30 Thread added: 0x0000017960990ad0
Event: 0.121 Thread 0x00000179607f8e30 Thread added: 0x00000179609a0900
Event: 0.184 Thread 0x00000179607f8e30 Thread added: 0x00000179688f0420
Event: 0.209 Thread 0x00000179607f8e30 Thread added: 0x0000017968a382a0
Event: 0.209 Thread 0x00000179607f8e30 Thread added: 0x0000017968a39340
Event: 0.209 Thread 0x0000017968a382a0 Thread added: 0x0000017968a3c860
Event: 0.312 Thread 0x00000179607f8e30 Thread added: 0x0000017968a929e0
Event: 0.941 Thread 0x00000179607f8e30 Thread added: 0x000001796dc1db00
Event: 1.819 Thread 0x00000179607f8e30 Thread added: 0x000001796e10cde0
Event: 2.217 Thread 0x000001796e10cde0 Thread exited: 0x000001796e10cde0
Event: 2.758 Thread 0x00000179607f8e30 Thread added: 0x000001796ef92660
Event: 2.800 Thread 0x000001796ef92660 Thread exited: 0x000001796ef92660


Dynamic libraries:
0x00007ff6e9110000 - 0x00007ff6e911e000 	C:\Users\vboxuser\.jdks\corretto-17.0.14\bin\java.exe
0x00007fff38750000 - 0x00007fff38948000 	C:\Windows\SYSTEM32\ntdll.dll
0x00007fff37760000 - 0x00007fff3781f000 	C:\Windows\System32\KERNEL32.DLL
0x00007fff35e30000 - 0x00007fff36126000 	C:\Windows\System32\KERNELBASE.dll
0x00007fff36130000 - 0x00007fff36230000 	C:\Windows\System32\ucrtbase.dll
0x00007fff24e00000 - 0x00007fff24e1b000 	C:\Users\vboxuser\.jdks\corretto-17.0.14\bin\VCRUNTIME140.dll
0x00007fff24e20000 - 0x00007fff24e37000 	C:\Users\vboxuser\.jdks\corretto-17.0.14\bin\jli.dll
0x00007fff26630000 - 0x00007fff268ca000 	C:\Windows\WinSxS\amd64_microsoft.windows.common-controls_6595b64144ccf1df_6.0.19041.1110_none_60b5254171f9507e\COMCTL32.dll
0x00007fff37950000 - 0x00007fff379ee000 	C:\Windows\System32\msvcrt.dll
0x00007fff36f40000 - 0x00007fff370dd000 	C:\Windows\System32\USER32.dll
0x00007fff37700000 - 0x00007fff3772c000 	C:\Windows\System32\GDI32.dll
0x00007fff36530000 - 0x00007fff36552000 	C:\Windows\System32\win32u.dll
0x00007fff36660000 - 0x00007fff36775000 	C:\Windows\System32\gdi32full.dll
0x00007fff36230000 - 0x00007fff362cd000 	C:\Windows\System32\msvcp_win.dll
0x00007fff37140000 - 0x00007fff37170000 	C:\Windows\System32\IMM32.DLL
0x00007fff24fa0000 - 0x00007fff24fac000 	C:\Users\vboxuser\.jdks\corretto-17.0.14\bin\vcruntime140_1.dll
0x00007fff24d70000 - 0x00007fff24dfd000 	C:\Users\vboxuser\.jdks\corretto-17.0.14\bin\msvcp140.dll
0x00007ffefbe70000 - 0x00007ffefcadc000 	C:\Users\vboxuser\.jdks\corretto-17.0.14\bin\server\jvm.dll
0x00007fff385f0000 - 0x00007fff3869f000 	C:\Windows\System32\ADVAPI32.dll
0x00007fff37cc0000 - 0x00007fff37d5c000 	C:\Windows\System32\sechost.dll
0x00007fff367c0000 - 0x00007fff368e6000 	C:\Windows\System32\RPCRT4.dll
0x00007fff37ba0000 - 0x00007fff37c0b000 	C:\Windows\System32\WS2_32.dll
0x00007fff35ca0000 - 0x00007fff35ceb000 	C:\Windows\SYSTEM32\POWRPROF.dll
0x00007fff22950000 - 0x00007fff22977000 	C:\Windows\SYSTEM32\WINMM.dll
0x00007fff2c4c0000 - 0x00007fff2c4ca000 	C:\Windows\SYSTEM32\VERSION.dll
0x00007fff35c80000 - 0x00007fff35c92000 	C:\Windows\SYSTEM32\UMPDC.dll
0x00007fff33cf0000 - 0x00007fff33d02000 	C:\Windows\SYSTEM32\kernel.appcore.dll
0x00007fff24d60000 - 0x00007fff24d6a000 	C:\Users\vboxuser\.jdks\corretto-17.0.14\bin\jimage.dll
0x00007fff29c50000 - 0x00007fff29e34000 	C:\Windows\SYSTEM32\DBGHELP.DLL
0x00007fff29c10000 - 0x00007fff29c44000 	C:\Windows\SYSTEM32\dbgcore.DLL
0x00007fff362d0000 - 0x00007fff36352000 	C:\Windows\System32\bcryptPrimitives.dll
0x00007fff17430000 - 0x00007fff1746b000 	C:\Users\vboxuser\.jdks\corretto-17.0.14\bin\jdwp.dll
0x00007fff162d0000 - 0x00007fff164de000 	C:\Users\vboxuser\AppData\Local\Temp\idea_libasyncProfiler_dll_temp_folder\libasyncProfiler.dll
0x00007fff31920000 - 0x00007fff3192e000 	C:\Users\vboxuser\.jdks\corretto-17.0.14\bin\instrument.dll
0x00007fff24d30000 - 0x00007fff24d55000 	C:\Users\vboxuser\.jdks\corretto-17.0.14\bin\java.dll
0x00007fff24990000 - 0x00007fff249a8000 	C:\Users\vboxuser\.jdks\corretto-17.0.14\bin\zip.dll
0x00007fff249d0000 - 0x00007fff24aa7000 	C:\Users\vboxuser\.jdks\corretto-17.0.14\bin\jsvml.dll
0x00007fff37ea0000 - 0x00007fff385e4000 	C:\Windows\System32\SHELL32.dll
0x00007fff33ef0000 - 0x00007fff34683000 	C:\Windows\SYSTEM32\windows.storage.dll
0x00007fff373a0000 - 0x00007fff376f4000 	C:\Windows\System32\combase.dll
0x00007fff357b0000 - 0x00007fff357de000 	C:\Windows\SYSTEM32\Wldp.dll
0x00007fff37d60000 - 0x00007fff37e0d000 	C:\Windows\System32\SHCORE.dll
0x00007fff368f0000 - 0x00007fff36945000 	C:\Windows\System32\shlwapi.dll
0x00007fff35d70000 - 0x00007fff35d8f000 	C:\Windows\SYSTEM32\profapi.dll
0x00007fff31830000 - 0x00007fff3183c000 	C:\Users\vboxuser\.jdks\corretto-17.0.14\bin\dt_socket.dll
0x00007fff35200000 - 0x00007fff3523c000 	C:\Windows\SYSTEM32\IPHLPAPI.DLL
0x00007fff35510000 - 0x00007fff3557a000 	C:\Windows\system32\mswsock.dll
0x00007fff24d10000 - 0x00007fff24d29000 	C:\Users\vboxuser\.jdks\corretto-17.0.14\bin\net.dll
0x00007fff2e6b0000 - 0x00007fff2e7ba000 	C:\Windows\SYSTEM32\WINHTTP.dll
0x00007fff249b0000 - 0x00007fff249c6000 	C:\Users\vboxuser\.jdks\corretto-17.0.14\bin\nio.dll
0x00007fff35240000 - 0x00007fff3530b000 	C:\Windows\SYSTEM32\DNSAPI.dll
0x00007fff386a0000 - 0x00007fff386a8000 	C:\Windows\System32\NSI.dll
0x00007fff2ddd0000 - 0x00007fff2ddda000 	C:\Windows\System32\rasadhlp.dll
0x00007fff2dab0000 - 0x00007fff2db32000 	C:\Windows\System32\fwpuclnt.dll
0x00007fff36780000 - 0x00007fff367a7000 	C:\Windows\System32\bcrypt.dll
0x00007fff14080000 - 0x00007fff14089000 	C:\Users\vboxuser\.jdks\corretto-17.0.14\bin\management.dll
0x00007ffefce40000 - 0x00007ffefce4b000 	C:\Users\vboxuser\.jdks\corretto-17.0.14\bin\management_ext.dll
0x00007fff367b0000 - 0x00007fff367b8000 	C:\Windows\System32\PSAPI.DLL
0x00007fff35700000 - 0x00007fff35718000 	C:\Windows\SYSTEM32\CRYPTSP.dll
0x00007fff34e30000 - 0x00007fff34e64000 	C:\Windows\system32\rsaenh.dll
0x00007fff35cf0000 - 0x00007fff35d1e000 	C:\Windows\SYSTEM32\USERENV.dll
0x00007fff35720000 - 0x00007fff3572c000 	C:\Windows\SYSTEM32\CRYPTBASE.dll
0x00007fff2f100000 - 0x00007fff2f117000 	C:\Windows\SYSTEM32\dhcpcsvc6.DLL
0x00007fff2f0e0000 - 0x00007fff2f0fd000 	C:\Windows\SYSTEM32\dhcpcsvc.DLL
0x00007ffefd540000 - 0x00007ffefd557000 	C:\Windows\system32\napinsp.dll
0x00007ffefd520000 - 0x00007ffefd53b000 	C:\Windows\system32\pnrpnsp.dll
0x00007fff216d0000 - 0x00007fff216e5000 	C:\Windows\system32\wshbth.dll
0x00007fff31770000 - 0x00007fff3178d000 	C:\Windows\system32\NLAapi.dll
0x00007ffefd4e0000 - 0x00007ffefd4f2000 	C:\Windows\System32\winrnr.dll
0x00007ffefce30000 - 0x00007ffefce39000 	C:\Users\vboxuser\.jdks\corretto-17.0.14\bin\extnet.dll
0x00007fff24900000 - 0x00007fff24910000 	C:\Users\vboxuser\.jdks\corretto-17.0.14\bin\verify.dll
0x00007ffefa680000 - 0x00007ffefa68e000 	C:\Users\vboxuser\.jdks\corretto-17.0.14\bin\sunmscapi.dll
0x00007fff36360000 - 0x00007fff364be000 	C:\Windows\System32\CRYPT32.dll
0x00007fff35820000 - 0x00007fff35848000 	C:\Windows\SYSTEM32\ncrypt.dll
0x00007fff357e0000 - 0x00007fff3581b000 	C:\Windows\SYSTEM32\NTASN1.dll

dbghelp: loaded successfully - version: 4.0.5 - missing functions: none
symbol engine: initialized successfully - sym options: 0x614 - pdb path: .;C:\Users\vboxuser\.jdks\corretto-17.0.14\bin;C:\Windows\SYSTEM32;C:\Windows\WinSxS\amd64_microsoft.windows.common-controls_6595b64144ccf1df_6.0.19041.1110_none_60b5254171f9507e;C:\Users\vboxuser\.jdks\corretto-17.0.14\bin\server;C:\Users\vboxuser\AppData\Local\Temp\idea_libasyncProfiler_dll_temp_folder

VM Arguments:
jvm_args: -agentlib:jdwp=transport=dt_socket,address=127.0.0.1:54175,suspend=y,server=n -agentpath:C:\Users\vboxuser\AppData\Local\Temp\idea_libasyncProfiler_dll_temp_folder\libasyncProfiler.dll=version,jfr,event=wall,interval=10ms,cstack=no,file=C:\Users\vboxuser\IdeaSnapshots\PracticesApp_2025_03_03_192327.jfr,dbghelppath=C:\Users\vboxuser\AppData\Local\Temp\idea_dbghelp_dll_temp_folder\dbghelp.dll,log=C:\Users\vboxuser\AppData\Local\Temp\PracticesApp_2025_03_03_192327.jfr.log.txt,logLevel=DEBUG -XX:TieredStopAtLevel=1 -Dspring.output.ansi.enabled=always -Dcom.sun.management.jmxremote -Dspring.jmx.enabled=true -Dspring.liveBeansView.mbeanDomain -Dspring.application.admin.enabled=true -Dmanagement.endpoints.jmx.exposure.include=* -javaagent:C:\Users\vboxuser\AppData\Local\JetBrains\IntelliJIdea2024.3\captureAgent\debugger-agent.jar -Dkotlinx.coroutines.debug.enable.creation.stack.trace=false -Ddebugger.agent.enable.coroutines=true -Dkotlinx.coroutines.debug.enable.flows.stack.trace=true -Dkotlinx.coroutines.debug.enable.mutable.state.flows.stack.trace=true -Dfile.encoding=UTF-8 
java_command: mariia.budiak.practices.PracticesApp
java_class_path (initial): C:\Users\vboxuser\hw-3\build\classes\java\main;C:\Users\vboxuser\hw-3\build\resources\main;C:\Users\vboxuser\.gradle\caches\modules-2\files-2.1\org.projectlombok\lombok\1.18.28\a2ff5da8bcd8b1b26f36b806ced63213362c6dcc\lombok-1.18.28.jar;C:\Users\vboxuser\.gradle\caches\modules-2\files-2.1\org.springframework.boot\spring-boot-configuration-processor\2.3.2.RELEASE\15631495314ae7aabfc82266094ee5c173d86f71\spring-boot-configuration-processor-2.3.2.RELEASE.jar;C:\Users\vboxuser\.gradle\caches\modules-2\files-2.1\org.springframework.boot\spring-boot-starter-web\2.3.2.RELEASE\85f79121fdaabcbcac085d0d4aad34af9f8dbba2\spring-boot-starter-web-2.3.2.RELEASE.jar;C:\Users\vboxuser\.gradle\caches\modules-2\files-2.1\io.springfox\springfox-swagger2\2.9.2\362676bc7f4c6f9f1d568741becab0dfc198c898\springfox-swagger2-2.9.2.jar;C:\Users\vboxuser\.gradle\caches\modules-2\files-2.1\io.springfox\springfox-swagger-ui\2.9.2\d542382a88ff3ea8d4032c28b2b0325797fada7d\springfox-swagger-ui-2.9.2.jar;C:\Users\vboxuser\.gradle\caches\modules-2\files-2.1\org.bouncycastle\bcpkix-jdk15on\1.60\d0c46320fbc07be3a24eb13a56cee4e3d38e0c75\bcpkix-jdk15on-1.60.jar;C:\Users\vboxuser\.gradle\caches\modules-2\files-2.1\org.bouncycastle\bcprov-jdk15on\1.60\bd47ad3bd14b8e82595c7adaa143501e60842a84\bcprov-jdk15on-1.60.jar;C:\Users\vboxuser\.gradle\caches\modules-2\files-2.1\org.springframework.boot\spring-boot-starter-actuator\2.3.2.RELEASE\409a5067acedbd59f00dce3ea2e7fccf4eeadf40\spring-boot-starter-actuator-2.3.2.RELEASE.jar;C:\Users\vboxuser\.gradle\caches\modules-2\files-2.1\io.micrometer\micrometer-registry-prometheus\1.5.3\8a41ee8cdca3c9497827d1d557f930da841213f5\micrometer-registry-prometheus-1.5.3.jar;C:\Users\vboxuser\.gradle\caches\modules-2\files-2.1\com.fasterxml.jackson.core\jackson-core\2.17.0\a6e5058ef9720623c517252d17162f845306ff3a\jackson-core-2.17.0.jar;C:\Users\vboxuser\.gradle\caches\modules-2\files-2.1\org.json\json\20240303\ebb88e8fb5122b7506d5cf1d69f1ccdb790d22a\
Launcher Type: SUN_STANDARD

[Global flags]
     intx CICompilerCount                          = 3                                         {product} {ergonomic}
     uint ConcGCThreads                            = 1                                         {product} {ergonomic}
     uint G1ConcRefinementThreads                  = 4                                         {product} {ergonomic}
   size_t G1HeapRegionSize                         = 1048576                                   {product} {ergonomic}
    uintx GCDrainStackTargetSize                   = 64                                        {product} {ergonomic}
   size_t InitialHeapSize                          = 67108864                                  {product} {ergonomic}
     bool ManagementServer                         = true                                      {product} {command line}
   size_t MarkStackSize                            = 4194304                                   {product} {ergonomic}
   size_t MaxHeapSize                              = 1073741824                                {product} {ergonomic}
   size_t MaxNewSize                               = 643825664                                 {product} {ergonomic}
   size_t MinHeapDeltaBytes                        = 1048576                                   {product} {ergonomic}
   size_t MinHeapSize                              = 8388608                                   {product} {ergonomic}
    uintx NonProfiledCodeHeapSize                  = 0                                      {pd product} {ergonomic}
     bool ProfileInterpreter                       = false                                  {pd product} {command line}
    uintx ProfiledCodeHeapSize                     = 0                                      {pd product} {ergonomic}
   size_t SoftMaxHeapSize                          = 1073741824                             {manageable} {ergonomic}
     intx TieredStopAtLevel                        = 1                                         {product} {command line}
     bool UseCompressedClassPointers               = true                           {product lp64_product} {ergonomic}
     bool UseCompressedOops                        = true                           {product lp64_product} {ergonomic}
     bool UseG1GC                                  = true                                      {product} {ergonomic}
     bool UseLargePagesIndividualAllocation        = false                                  {pd product} {ergonomic}

Logging:
Log output configuration:
 #0: stdout all=warning uptime,level,tags
 #1: stderr all=off uptime,level,tags

Environment Variables:
PATH=C:\Windows\system32;C:\Windows;C:\Windows\System32\Wbem;C:\Windows\System32\WindowsPowerShell\v1.0\;C:\Windows\System32\OpenSSH\;C:\Program Files\Git\cmd;C:\Users\vboxuser\AppData\Local\Microsoft\WindowsApps;
USERNAME=vboxuser
OS=Windows_NT
PROCESSOR_IDENTIFIER=Intel64 Family 6 Model 140 Stepping 2, GenuineIntel
TMP=C:\Users\vboxuser\AppData\Local\Temp
TEMP=C:\Users\vboxuser\AppData\Local\Temp



Periodic native trim disabled


---------------  S Y S T E M  ---------------

OS:
 Windows 10 , 64 bit Build 19041 (10.0.19041.2913)
OS uptime: 0 days 7:46 hours

CPU: total 4 (initial active 4) (4 cores per cpu, 1 threads per core) family 6 model 140 stepping 2 microcode 0x0, cx8, cmov, fxsr, mmx, 3dnowpref, sse, sse2, sse3, ssse3, sse4.1, sse4.2, popcnt, lzcnt, tsc, tscinvbit, avx, avx2, aes, clmul, bmi1, bmi2, vzeroupper, clflush, clflushopt, hv
Processor Information for all 4 processors :
  Max Mhz: 3418, Current Mhz: 3418, Mhz Limit: 3418

Memory: 4k page, system-wide physical 4095M (117M free)
TotalPageFile size 10495M (AvailPageFile size 8M)
current process WorkingSet (physical memory assigned to process): 155M, peak: 155M
current process commit charge ("private bytes"): 203M, peak: 208M

vm_info: OpenJDK 64-Bit Server VM (17.0.14+7-LTS) for windows-amd64 JRE (17.0.14+7-LTS), built on Jan  7 2025 20:14:24 by "Administrator" with MS VC++ 16.10 / 16.11 (VS2019)

END.
