#
# There is insufficient memory for the Java Runtime Environment to continue.
# Native memory allocation (mmap) failed to map 24117248 bytes. Error detail: G1 virtual space
# Possible reasons:
#   The system is out of physical RAM or swap space
#   This process is running with CompressedOops enabled, and the Java Heap may be blocking the growth of the native heap
# Possible solutions:
#   Reduce memory load on the system
#   Increase physical memory or swap space
#   Check if swap backing store is full
#   Decrease Java heap size (-Xmx/-Xms)
#   Decrease number of Java threads
#   Decrease Java thread stack sizes (-Xss)
#   Set larger code cache with -XX:ReservedCodeCacheSize=
#   JVM is running with Unscaled Compressed Oops mode in which the Java heap is
#     placed in the first 4GB address space. The Java Heap base address is the
#     maximum limit for the native heap growth. Please use -XX:HeapBaseMinAddress
#     to set the Java Heap base and to place the Java Heap above 4GB virtual address.
# This output file may be truncated or incomplete.
#
#  Out of Memory Error (os_windows.cpp:3618), pid=5752, tid=3448
#
# JRE version: OpenJDK Runtime Environment Corretto-17.0.14.7.1 (17.0.14+7) (build 17.0.14+7-LTS)
# Java VM: OpenJDK 64-Bit Server VM Corretto-17.0.14.7.1 (17.0.14+7-LTS, mixed mode, emulated-client, sharing, tiered, compressed oops, compressed class ptrs, g1 gc, windows-amd64)
# No core dump will be written. Minidumps are not enabled by default on client versions of Windows
#

---------------  S U M M A R Y ------------

Command Line: -agentlib:jdwp=transport=dt_socket,address=127.0.0.1:54188,suspend=y,server=n -agentpath:C:\Users\vboxuser\AppData\Local\Temp\idea_libasyncProfiler_dll_temp_folder\libasyncProfiler.dll=version,jfr,event=wall,interval=10ms,cstack=no,file=C:\Users\vboxuser\IdeaSnapshots\PracticesApp_2025_03_03_192401.jfr,dbghelppath=C:\Users\vboxuser\AppData\Local\Temp\idea_dbghelp_dll_temp_folder\dbghelp.dll,log=C:\Users\vboxuser\AppData\Local\Temp\PracticesApp_2025_03_03_192401.jfr.log.txt,logLevel=DEBUG -XX:TieredStopAtLevel=1 -Dspring.output.ansi.enabled=always -Dcom.sun.management.jmxremote -Dspring.jmx.enabled=true -Dspring.liveBeansView.mbeanDomain -Dspring.application.admin.enabled=true -Dmanagement.endpoints.jmx.exposure.include=* -javaagent:C:\Users\vboxuser\AppData\Local\JetBrains\IntelliJIdea2024.3\captureAgent\debugger-agent.jar -Dkotlinx.coroutines.debug.enable.creation.stack.trace=false -Ddebugger.agent.enable.coroutines=true -Dkotlinx.coroutines.debug.enable.flows.stack.trace=true -Dkotlinx.coroutines.debug.enable.mutable.state.flows.stack.trace=true -Dfile.encoding=UTF-8 mariia.budiak.practices.PracticesApp

Host: 11th Gen Intel(R) Core(TM) i7-11390H @ 3.40GHz, 4 cores, 3G,  Windows 10 , 64 bit Build 19041 (10.0.19041.2913)
Time: Mon Mar  3 19:24:06 2025 SE Asia Standard Time elapsed time: 4.230409 seconds (0d 0h 0m 4s)

---------------  T H R E A D  ---------------

Current thread (0x0000012cfeb36020):  VMThread "VM Thread" [stack: 0x00000001f1b00000,0x00000001f1c00000] [id=3448]

Stack: [0x00000001f1b00000,0x00000001f1c00000]
Native frames: (J=compiled Java code, j=interpreted, Vv=VM code, C=native code)
V  [jvm.dll+0x681069]
V  [jvm.dll+0x838cca]
V  [jvm.dll+0x83a78e]
V  [jvm.dll+0x83adf3]
V  [jvm.dll+0x24826f]
V  [jvm.dll+0x67dd99]
V  [jvm.dll+0x67286a]
V  [jvm.dll+0x30826b]
V  [jvm.dll+0x30f756]
V  [jvm.dll+0x35face]
V  [jvm.dll+0x35fd0f]
V  [jvm.dll+0x2df21c]
V  [jvm.dll+0x2dd5df]
V  [jvm.dll+0x2dcd0c]
V  [jvm.dll+0x3204ab]
V  [jvm.dll+0x83f2ed]
V  [jvm.dll+0x840032]
V  [jvm.dll+0x84055f]
V  [jvm.dll+0x840944]
V  [jvm.dll+0x840a10]
V  [jvm.dll+0x7e7f6c]
V  [jvm.dll+0x67ff37]
C  [ucrtbase.dll+0x21bb2]
C  [KERNEL32.DLL+0x17614]
C  [ntdll.dll+0x526a1]

VM_Operation (0x00000001f15fd920): G1CollectForAllocation, mode: safepoint, requested by thread 0x0000012cf6c3eaa0


---------------  P R O C E S S  ---------------

Threads class SMR info:
_java_thread_list=0x0000012ccf371650, length=22, elements={
0x0000012cf6c3eaa0, 0x0000012cfeb3f710, 0x0000012cfeb406c0, 0x0000012cfeb583e0,
0x0000012cfeb5a020, 0x0000012cfeb5aaf0, 0x0000012cfeb5d3d0, 0x0000012cfeb5dd50,
0x0000012cfeb60ef0, 0x0000012cffb30130, 0x0000012cffc0f1d0, 0x0000012cffc14710,
0x0000012cffc5dc90, 0x0000012cffc7ae50, 0x0000012cffc7f670, 0x0000012cffcdee60,
0x0000012ccc7f6920, 0x0000012cccb9c780, 0x0000012cccb9f000, 0x0000012ccf341ae0,
0x0000012ccf342500, 0x0000012ccf343430
}

Java Threads: ( => current thread )
  0x0000012cf6c3eaa0 JavaThread "main" [_thread_blocked, id=9808, stack(0x00000001f1500000,0x00000001f1600000)]
  0x0000012cfeb3f710 JavaThread "Reference Handler" daemon [_thread_blocked, id=11408, stack(0x00000001f1c00000,0x00000001f1d00000)]
  0x0000012cfeb406c0 JavaThread "Finalizer" daemon [_thread_blocked, id=7472, stack(0x00000001f1d00000,0x00000001f1e00000)]
  0x0000012cfeb583e0 JavaThread "Signal Dispatcher" daemon [_thread_blocked, id=68, stack(0x00000001f1e00000,0x00000001f1f00000)]
  0x0000012cfeb5a020 JavaThread "Attach Listener" daemon [_thread_blocked, id=5320, stack(0x00000001f1f00000,0x00000001f2000000)]
  0x0000012cfeb5aaf0 JavaThread "Service Thread" daemon [_thread_blocked, id=11268, stack(0x00000001f2000000,0x00000001f2100000)]
  0x0000012cfeb5d3d0 JavaThread "Monitor Deflation Thread" daemon [_thread_blocked, id=6236, stack(0x00000001f2100000,0x00000001f2200000)]
  0x0000012cfeb5dd50 JavaThread "C1 CompilerThread0" daemon [_thread_blocked, id=11932, stack(0x00000001f2200000,0x00000001f2300000)]
  0x0000012cfeb60ef0 JavaThread "Sweeper thread" daemon [_thread_blocked, id=4460, stack(0x00000001f2300000,0x00000001f2400000)]
  0x0000012cffb30130 JavaThread "Common-Cleaner" daemon [_thread_blocked, id=3720, stack(0x00000001f2400000,0x00000001f2500000)]
  0x0000012cffc0f1d0 JavaThread "C1 CompilerThread1" daemon [_thread_blocked, id=3328, stack(0x00000001f2500000,0x00000001f2600000)]
  0x0000012cffc14710 JavaThread "C1 CompilerThread2" daemon [_thread_blocked, id=10956, stack(0x00000001f2600000,0x00000001f2700000)]
  0x0000012cffc5dc90 JavaThread "JDWP Transport Listener: dt_socket" daemon [_thread_blocked, id=9940, stack(0x00000001f2700000,0x00000001f2800000)]
  0x0000012cffc7ae50 JavaThread "JDWP Event Helper Thread" daemon [_thread_blocked, id=2896, stack(0x00000001f2800000,0x00000001f2900000)]
  0x0000012cffc7f670 JavaThread "JDWP Command Reader" daemon [_thread_in_native, id=12128, stack(0x00000001f2900000,0x00000001f2a00000)]
  0x0000012cffcdee60 JavaThread "Notification Thread" daemon [_thread_blocked, id=2572, stack(0x00000001f2a00000,0x00000001f2b00000)]
  0x0000012ccc7f6920 JavaThread "RMI TCP Accept-0" daemon [_thread_in_native, id=11508, stack(0x00000001f2e00000,0x00000001f2f00000)]
  0x0000012cccb9c780 JavaThread "RMI TCP Connection(1)-10.0.2.15" daemon [_thread_in_native, id=7760, stack(0x00000001f3000000,0x00000001f3100000)]
  0x0000012cccb9f000 JavaThread "RMI Scheduler(0)" daemon [_thread_blocked, id=2824, stack(0x00000001f3100000,0x00000001f3200000)]
  0x0000012ccf341ae0 JavaThread "Catalina-utility-1" [_thread_blocked, id=6412, stack(0x00000001f3200000,0x00000001f3300000)]
  0x0000012ccf342500 JavaThread "Catalina-utility-2" [_thread_blocked, id=4704, stack(0x00000001f3300000,0x00000001f3400000)]
  0x0000012ccf343430 JavaThread "container-0" [_thread_blocked, id=1092, stack(0x00000001f3400000,0x00000001f3500000)]

Other Threads:
=>0x0000012cfeb36020 VMThread "VM Thread" [stack: 0x00000001f1b00000,0x00000001f1c00000] [id=3448]
  0x0000012cccb9aac0 WatcherThread [stack: 0x00000001f2f00000,0x00000001f3000000] [id=8056]
  0x0000012cfea184b0 GCTaskThread "GC Thread#0" [stack: 0x00000001f1600000,0x00000001f1700000] [id=6524]
  0x0000012ccc6127f0 GCTaskThread "GC Thread#1" [stack: 0x00000001f2b00000,0x00000001f2c00000] [id=9884]
  0x0000012ccc5dafe0 GCTaskThread "GC Thread#2" [stack: 0x00000001f2c00000,0x00000001f2d00000] [id=11120]
  0x0000012ccc5f99d0 GCTaskThread "GC Thread#3" [stack: 0x00000001f2d00000,0x00000001f2e00000] [id=10860]
  0x0000012cfea23320 ConcurrentGCThread "G1 Main Marker" [stack: 0x00000001f1700000,0x00000001f1800000] [id=6528]
  0x0000012cfea23c50 ConcurrentGCThread "G1 Conc#0" [stack: 0x00000001f1800000,0x00000001f1900000] [id=696]
  0x0000012cfea760f0 ConcurrentGCThread "G1 Refine#0" [stack: 0x00000001f1900000,0x00000001f1a00000] [id=9928]
  0x0000012cfea76a30 ConcurrentGCThread "G1 Service" [stack: 0x00000001f1a00000,0x00000001f1b00000] [id=2092]

Threads with active compile tasks:
C1 CompilerThread2     4250 4269       1       org.springframework.asm.ClassReader::readMethod (1055 bytes)

VM state: at safepoint (normal execution)

VM Mutex/Monitor currently owned by a thread:  ([mutex/lock_event])
[0x0000012cf6c42b50] Threads_lock - owner thread: 0x0000012cfeb36020
[0x0000012cfe9c99c0] Heap_lock - owner thread: 0x0000012cf6c3eaa0

Heap address: 0x00000000c0000000, size: 1024 MB, Compressed Oops mode: 32-bit

CDS archive(s) mapped at: [0x0000012c87000000-0x0000012c87bb0000-0x0000012c87bb0000), size 12255232, SharedBaseAddress: 0x0000012c87000000, ArchiveRelocationMode: 1.
Compressed class space mapped at: 0x0000012c88000000-0x0000012cc8000000, reserved size: 1073741824
Narrow klass base: 0x0000012c87000000, Narrow klass shift: 0, Narrow klass range: 0x100000000

GC Precious Log:
 CPUs: 4 total, 4 available
 Memory: 4095M
 Large Page Support: Disabled
 NUMA Support: Disabled
 Compressed Oops: Enabled (32-bit)
 Heap Region Size: 1M
 Heap Min Capacity: 8M
 Heap Initial Capacity: 64M
 Heap Max Capacity: 1G
 Pre-touch: Disabled
 Parallel Workers: 4
 Concurrent Workers: 1
 Concurrent Refinement Workers: 4
 Periodic GC: Disabled

Heap:
 garbage-first heap   total 55296K, used 23138K [0x00000000c0000000, 0x0000000100000000)
  region size 1024K, 3 young (3072K), 3 survivors (3072K)
 Metaspace       used 34217K, committed 34560K, reserved 1114112K
  class space    used 4471K, committed 4608K, reserved 1048576K

Heap Regions: E=young(eden), S=young(survivor), O=old, HS=humongous(starts), HC=humongous(continues), CS=collection set, F=free, OA=open archive, CA=closed archive, TAMS=top-at-mark-start (previous, next)
|   0|0x00000000c0000000, 0x00000000c0100000, 0x00000000c0100000|100%| O|  |TAMS 0x00000000c0100000, 0x00000000c0000000| Untracked 
|   1|0x00000000c0100000, 0x00000000c0200000, 0x00000000c0200000|100%| O|  |TAMS 0x00000000c0200000, 0x00000000c0100000| Untracked 
|   2|0x00000000c0200000, 0x00000000c0300000, 0x00000000c0300000|100%| O|  |TAMS 0x00000000c0300000, 0x00000000c0200000| Untracked 
|   3|0x00000000c0300000, 0x00000000c0400000, 0x00000000c0400000|100%| O|  |TAMS 0x00000000c0400000, 0x00000000c0300000| Untracked 
|   4|0x00000000c0400000, 0x00000000c0500000, 0x00000000c0500000|100%| O|  |TAMS 0x00000000c0500000, 0x00000000c0400000| Untracked 
|   5|0x00000000c0500000, 0x00000000c0600000, 0x00000000c0600000|100%| O|  |TAMS 0x00000000c0600000, 0x00000000c0500000| Untracked 
|   6|0x00000000c0600000, 0x00000000c0700000, 0x00000000c0700000|100%| O|  |TAMS 0x00000000c0700000, 0x00000000c0600000| Untracked 
|   7|0x00000000c0700000, 0x00000000c0800000, 0x00000000c0800000|100%| O|  |TAMS 0x00000000c0800000, 0x00000000c0700000| Untracked 
|   8|0x00000000c0800000, 0x00000000c0900000, 0x00000000c0900000|100%| O|  |TAMS 0x00000000c0900000, 0x00000000c0800000| Untracked 
|   9|0x00000000c0900000, 0x00000000c0a00000, 0x00000000c0a00000|100%| O|  |TAMS 0x00000000c0a00000, 0x00000000c0900000| Untracked 
|  10|0x00000000c0a00000, 0x00000000c0b00000, 0x00000000c0b00000|100%| O|  |TAMS 0x00000000c0b00000, 0x00000000c0a00000| Untracked 
|  11|0x00000000c0b00000, 0x00000000c0c00000, 0x00000000c0c00000|100%| O|  |TAMS 0x00000000c0c00000, 0x00000000c0b00000| Untracked 
|  12|0x00000000c0c00000, 0x00000000c0d00000, 0x00000000c0d00000|100%| O|  |TAMS 0x00000000c0c00000, 0x00000000c0c00000| Untracked 
|  13|0x00000000c0d00000, 0x00000000c0e00000, 0x00000000c0e00000|100%| O|  |TAMS 0x00000000c0d00000, 0x00000000c0d00000| Untracked 
|  14|0x00000000c0e00000, 0x00000000c0f00000, 0x00000000c0f00000|100%| O|  |TAMS 0x00000000c0e00000, 0x00000000c0e00000| Untracked 
|  15|0x00000000c0f00000, 0x00000000c1000000, 0x00000000c1000000|100%| O|  |TAMS 0x00000000c0f00000, 0x00000000c0f00000| Untracked 
|  16|0x00000000c1000000, 0x00000000c1100000, 0x00000000c1100000|100%| O|  |TAMS 0x00000000c1000000, 0x00000000c1000000| Untracked 
|  17|0x00000000c1100000, 0x00000000c1200000, 0x00000000c1200000|100%| O|  |TAMS 0x00000000c1100000, 0x00000000c1100000| Untracked 
|  18|0x00000000c1200000, 0x00000000c1300000, 0x00000000c1300000|100%| O|  |TAMS 0x00000000c1200000, 0x00000000c1200000| Untracked 
|  19|0x00000000c1300000, 0x00000000c1400000, 0x00000000c1400000|100%| O|  |TAMS 0x00000000c1300000, 0x00000000c1300000| Untracked 
|  20|0x00000000c1400000, 0x00000000c141d400, 0x00000000c1500000| 11%| O|  |TAMS 0x00000000c1400000, 0x00000000c1400000| Untracked 
|  21|0x00000000c1500000, 0x00000000c1500000, 0x00000000c1600000|  0%| F|  |TAMS 0x00000000c1500000, 0x00000000c1500000| Untracked 
|  22|0x00000000c1600000, 0x00000000c1600000, 0x00000000c1700000|  0%| F|  |TAMS 0x00000000c1600000, 0x00000000c1600000| Untracked 
|  23|0x00000000c1700000, 0x00000000c1700000, 0x00000000c1800000|  0%| F|  |TAMS 0x00000000c1700000, 0x00000000c1700000| Untracked 
|  24|0x00000000c1800000, 0x00000000c1800000, 0x00000000c1900000|  0%| F|  |TAMS 0x00000000c1800000, 0x00000000c1800000| Untracked 
|  25|0x00000000c1900000, 0x00000000c1900000, 0x00000000c1a00000|  0%| F|  |TAMS 0x00000000c1900000, 0x00000000c1900000| Untracked 
|  26|0x00000000c1a00000, 0x00000000c1a00000, 0x00000000c1b00000|  0%| F|  |TAMS 0x00000000c1a00000, 0x00000000c1a00000| Untracked 
|  27|0x00000000c1b00000, 0x00000000c1b00000, 0x00000000c1c00000|  0%| F|  |TAMS 0x00000000c1b00000, 0x00000000c1b00000| Untracked 
|  28|0x00000000c1c00000, 0x00000000c1c00000, 0x00000000c1d00000|  0%| F|  |TAMS 0x00000000c1c00000, 0x00000000c1c00000| Untracked 
|  29|0x00000000c1d00000, 0x00000000c1d00000, 0x00000000c1e00000|  0%| F|  |TAMS 0x00000000c1d00000, 0x00000000c1d00000| Untracked 
|  30|0x00000000c1e00000, 0x00000000c1e7b4e8, 0x00000000c1f00000| 48%| S|CS|TAMS 0x00000000c1e00000, 0x00000000c1e00000| Complete 
|  31|0x00000000c1f00000, 0x00000000c2000000, 0x00000000c2000000|100%| S|CS|TAMS 0x00000000c1f00000, 0x00000000c1f00000| Complete 
|  32|0x00000000c2000000, 0x00000000c2000000, 0x00000000c2100000|  0%| F|  |TAMS 0x00000000c2000000, 0x00000000c2000000| Untracked 
|  33|0x00000000c2100000, 0x00000000c2100000, 0x00000000c2200000|  0%| F|  |TAMS 0x00000000c2100000, 0x00000000c2100000| Untracked 
|  34|0x00000000c2200000, 0x00000000c2300000, 0x00000000c2300000|100%| S|CS|TAMS 0x00000000c2200000, 0x00000000c2200000| Complete 
|  35|0x00000000c2300000, 0x00000000c2300000, 0x00000000c2400000|  0%| F|  |TAMS 0x00000000c2300000, 0x00000000c2300000| Untracked 
|  36|0x00000000c2400000, 0x00000000c2400000, 0x00000000c2500000|  0%| F|  |TAMS 0x00000000c2400000, 0x00000000c2400000| Untracked 
|  37|0x00000000c2500000, 0x00000000c2500000, 0x00000000c2600000|  0%| F|  |TAMS 0x00000000c2500000, 0x00000000c2500000| Untracked 
|  38|0x00000000c2600000, 0x00000000c2600000, 0x00000000c2700000|  0%| F|  |TAMS 0x00000000c2600000, 0x00000000c2600000| Untracked 
|  39|0x00000000c2700000, 0x00000000c2700000, 0x00000000c2800000|  0%| F|  |TAMS 0x00000000c2700000, 0x00000000c2700000| Untracked 
|  40|0x00000000c2800000, 0x00000000c2800000, 0x00000000c2900000|  0%| F|  |TAMS 0x00000000c2800000, 0x00000000c2800000| Untracked 
|  41|0x00000000c2900000, 0x00000000c2900000, 0x00000000c2a00000|  0%| F|  |TAMS 0x00000000c2900000, 0x00000000c2900000| Untracked 
|  42|0x00000000c2a00000, 0x00000000c2a00000, 0x00000000c2b00000|  0%| F|  |TAMS 0x00000000c2a00000, 0x00000000c2a00000| Untracked 
|  43|0x00000000c2b00000, 0x00000000c2b00000, 0x00000000c2c00000|  0%| F|  |TAMS 0x00000000c2b00000, 0x00000000c2b00000| Untracked 
|  44|0x00000000c2c00000, 0x00000000c2c00000, 0x00000000c2d00000|  0%| F|  |TAMS 0x00000000c2c00000, 0x00000000c2c00000| Untracked 
|  45|0x00000000c2d00000, 0x00000000c2d00000, 0x00000000c2e00000|  0%| F|  |TAMS 0x00000000c2d00000, 0x00000000c2d00000| Untracked 
|  46|0x00000000c2e00000, 0x00000000c2e00000, 0x00000000c2f00000|  0%| F|  |TAMS 0x00000000c2e00000, 0x00000000c2e00000| Untracked 
|  47|0x00000000c2f00000, 0x00000000c2f00000, 0x00000000c3000000|  0%| F|  |TAMS 0x00000000c2f00000, 0x00000000c2f00000| Untracked 
|  48|0x00000000c3000000, 0x00000000c3000000, 0x00000000c3100000|  0%| F|  |TAMS 0x00000000c3000000, 0x00000000c3000000| Untracked 
|  49|0x00000000c3100000, 0x00000000c3100000, 0x00000000c3200000|  0%| F|  |TAMS 0x00000000c3100000, 0x00000000c3100000| Untracked 
|  50|0x00000000c3200000, 0x00000000c3200000, 0x00000000c3300000|  0%| F|  |TAMS 0x00000000c3200000, 0x00000000c3200000| Untracked 
|  51|0x00000000c3300000, 0x00000000c3300000, 0x00000000c3400000|  0%| F|  |TAMS 0x00000000c3300000, 0x00000000c3300000| Untracked 
|  52|0x00000000c3400000, 0x00000000c3400000, 0x00000000c3500000|  0%| F|  |TAMS 0x00000000c3400000, 0x00000000c3400000| Untracked 
|  76|0x00000000c4c00000, 0x00000000c4c00000, 0x00000000c4d00000|  0%| F|  |TAMS 0x00000000c4c00000, 0x00000000c4c00000| Untracked 

Card table byte_map: [0x0000012cff230000,0x0000012cff430000] _byte_map_base: 0x0000012cfec30000

Marking Bits (Prev, Next): (CMBitMap*) 0x0000012cfea1aa30, (CMBitMap*) 0x0000012cfea1a9f0
 Prev Bits: [0x0000012c84000000, 0x0000012c85000000)
 Next Bits: [0x0000012c83000000, 0x0000012c84000000)

Polling page: 0x0000012cf4c10000

Metaspace:

Usage:
  Non-class:     29.05 MB used.
      Class:      4.37 MB used.
       Both:     33.42 MB used.

Virtual space:
  Non-class space:       64.00 MB reserved,      29.25 MB ( 46%) committed,  1 nodes.
      Class space:        1.00 GB reserved,       4.50 MB ( <1%) committed,  1 nodes.
             Both:        1.06 GB reserved,      33.75 MB (  3%) committed. 

Chunk freelists:
   Non-Class:  2.69 MB
       Class:  11.50 MB
        Both:  14.19 MB

MaxMetaspaceSize: unlimited
CompressedClassSpaceSize: 1.00 GB
Initial GC threshold: 21.00 MB
Current GC threshold: 35.31 MB
CDS: on
MetaspaceReclaimPolicy: balanced
 - commit_granule_bytes: 65536.
 - commit_granule_words: 8192.
 - virtual_space_node_default_size: 8388608.
 - enlarge_chunks_in_place: 1.
 - new_chunks_are_fully_committed: 0.
 - uncommit_free_chunks: 1.
 - use_allocation_guard: 0.
 - handle_deallocations: 1.


Internal statistics:

num_allocs_failed_limit: 5.
num_arena_births: 442.
num_arena_deaths: 0.
num_vsnodes_births: 2.
num_vsnodes_deaths: 0.
num_space_committed: 540.
num_space_uncommitted: 0.
num_chunks_returned_to_freelist: 5.
num_chunks_taken_from_freelist: 1513.
num_chunk_merges: 5.
num_chunk_splits: 959.
num_chunks_enlarged: 660.
num_inconsistent_stats: 0.

CodeCache: size=49152Kb used=11157Kb max_used=11157Kb free=37994Kb
 bounds [0x0000012c80000000, 0x0000012c80af0000, 0x0000012c83000000]
 total_blobs=4785 nmethods=4269 adapters=441
 compilation: enabled
              stopped_count=0, restarted_count=0
 full_count=0

Compilation events (20 events):
Event: 4.219 Thread 0x0000012cffc0f1d0 4261       1       org.springframework.aop.framework.autoproxy.AutoProxyUtils::isOriginalInstance (55 bytes)
Event: 4.219 Thread 0x0000012cfeb5dd50 nmethod 4260 0x0000012c80ae0690 code [0x0000012c80ae0820, 0x0000012c80ae0928]
Event: 4.219 Thread 0x0000012cffc0f1d0 nmethod 4261 0x0000012c80ae0a10 code [0x0000012c80ae0be0, 0x0000012c80ae0e98]
Event: 4.219 Thread 0x0000012cfeb5dd50 4262       1       org.springframework.beans.factory.support.AbstractAutowireCapableBeanFactory::getInstantiationStrategy (5 bytes)
Event: 4.219 Thread 0x0000012cfeb5dd50 nmethod 4262 0x0000012c80ae1410 code [0x0000012c80ae15a0, 0x0000012c80ae1678]
Event: 4.220 Thread 0x0000012cffc0f1d0 4263       1       org.springframework.util.ClassUtils::isAssignableValue (34 bytes)
Event: 4.220 Thread 0x0000012cffc0f1d0 nmethod 4263 0x0000012c80ae1710 code [0x0000012c80ae18c0, 0x0000012c80ae1a98]
Event: 4.220 Thread 0x0000012cfeb5dd50 4264       1       org.springframework.aop.framework.autoproxy.ProxyCreationContext::setCurrentProxiedBeanName (21 bytes)
Event: 4.220 Thread 0x0000012cfeb5dd50 nmethod 4264 0x0000012c80ae1d10 code [0x0000012c80ae1ee0, 0x0000012c80ae21a8]
Event: 4.220 Thread 0x0000012cffc0f1d0 4266       1       org.springframework.aop.support.AopUtils::canApply (206 bytes)
Event: 4.220 Thread 0x0000012cfeb5dd50 4265       1       org.springframework.cache.interceptor.BeanFactoryCacheOperationSourceAdvisor::getPointcut (5 bytes)
Event: 4.220 Thread 0x0000012cffc14710 4267       1       org.springframework.aop.support.StaticMethodMatcherPointcut::getClassFilter (5 bytes)
Event: 4.220 Thread 0x0000012cfeb5dd50 nmethod 4265 0x0000012c80ae2510 code [0x0000012c80ae26a0, 0x0000012c80ae2778]
Event: 4.220 Thread 0x0000012cffc14710 nmethod 4267 0x0000012c80ae2810 code [0x0000012c80ae29a0, 0x0000012c80ae2a78]
Event: 4.221 Thread 0x0000012cffc14710 4268       1       org.springframework.beans.factory.support.AbstractBeanFactory::hasDestructionAwareBeanPostProcessors (5 bytes)
Event: 4.221 Thread 0x0000012cffc14710 nmethod 4268 0x0000012c80ae2b10 code [0x0000012c80ae2ca0, 0x0000012c80ae2d78]
Event: 4.221 Thread 0x0000012cffc0f1d0 nmethod 4266 0x0000012c80ae2e10 code [0x0000012c80ae3180, 0x0000012c80ae3f68]
Event: 4.222 Thread 0x0000012cffc14710 4269       1       org.springframework.asm.ClassReader::readMethod (1055 bytes)
Event: 4.222 Thread 0x0000012cfeb5dd50 4270       1       org.springframework.asm.MethodVisitor::visitTypeInsn (17 bytes)
Event: 4.222 Thread 0x0000012cfeb5dd50 nmethod 4270 0x0000012c80ae5210 code [0x0000012c80ae53a0, 0x0000012c80ae54a8]

GC Heap History (20 events):
Event: 0.890 GC heap after
{Heap after GC invocations=2 (full 0):
 garbage-first heap   total 65536K, used 10126K [0x00000000c0000000, 0x0000000100000000)
  region size 1024K, 2 young (2048K), 2 survivors (2048K)
 Metaspace       used 8877K, committed 9088K, reserved 1114112K
  class space    used 938K, committed 1024K, reserved 1048576K
}
Event: 1.277 GC heap before
{Heap before GC invocations=2 (full 0):
 garbage-first heap   total 65536K, used 28558K [0x00000000c0000000, 0x0000000100000000)
  region size 1024K, 21 young (21504K), 2 survivors (2048K)
 Metaspace       used 13001K, committed 13184K, reserved 1114112K
  class space    used 1455K, committed 1536K, reserved 1048576K
}
Event: 1.284 GC heap after
{Heap after GC invocations=3 (full 0):
 garbage-first heap   total 65536K, used 12612K [0x00000000c0000000, 0x0000000100000000)
  region size 1024K, 3 young (3072K), 3 survivors (3072K)
 Metaspace       used 13001K, committed 13184K, reserved 1114112K
  class space    used 1455K, committed 1536K, reserved 1048576K
}
Event: 1.643 GC heap before
{Heap before GC invocations=3 (full 0):
 garbage-first heap   total 65536K, used 36164K [0x00000000c0000000, 0x0000000100000000)
  region size 1024K, 27 young (27648K), 3 survivors (3072K)
 Metaspace       used 17865K, committed 18112K, reserved 1114112K
  class space    used 2078K, committed 2176K, reserved 1048576K
}
Event: 1.648 GC heap after
{Heap after GC invocations=4 (full 0):
 garbage-first heap   total 65536K, used 14295K [0x00000000c0000000, 0x0000000100000000)
  region size 1024K, 2 young (2048K), 2 survivors (2048K)
 Metaspace       used 17865K, committed 18112K, reserved 1114112K
  class space    used 2078K, committed 2176K, reserved 1048576K
}
Event: 1.892 GC heap before
{Heap before GC invocations=4 (full 0):
 garbage-first heap   total 65536K, used 30679K [0x00000000c0000000, 0x0000000100000000)
  region size 1024K, 20 young (20480K), 2 survivors (2048K)
 Metaspace       used 21264K, committed 21504K, reserved 1114112K
  class space    used 2573K, committed 2688K, reserved 1048576K
}
Event: 1.894 GC heap after
{Heap after GC invocations=5 (full 0):
 garbage-first heap   total 78848K, used 14725K [0x00000000c0000000, 0x0000000100000000)
  region size 1024K, 2 young (2048K), 2 survivors (2048K)
 Metaspace       used 21264K, committed 21504K, reserved 1114112K
  class space    used 2573K, committed 2688K, reserved 1048576K
}
Event: 2.381 GC heap before
{Heap before GC invocations=6 (full 0):
 garbage-first heap   total 55296K, used 44421K [0x00000000c0000000, 0x0000000100000000)
  region size 1024K, 33 young (33792K), 2 survivors (2048K)
 Metaspace       used 23628K, committed 23936K, reserved 1114112K
  class space    used 2940K, committed 3072K, reserved 1048576K
}
Event: 2.385 GC heap after
{Heap after GC invocations=7 (full 0):
 garbage-first heap   total 55296K, used 16080K [0x00000000c0000000, 0x0000000100000000)
  region size 1024K, 4 young (4096K), 4 survivors (4096K)
 Metaspace       used 23628K, committed 23936K, reserved 1114112K
  class space    used 2940K, committed 3072K, reserved 1048576K
}
Event: 2.395 GC heap before
{Heap before GC invocations=7 (full 0):
 garbage-first heap   total 55296K, used 17104K [0x00000000c0000000, 0x0000000100000000)
  region size 1024K, 5 young (5120K), 4 survivors (4096K)
 Metaspace       used 23646K, committed 23936K, reserved 1114112K
  class space    used 2945K, committed 3072K, reserved 1048576K
}
Event: 2.399 GC heap after
{Heap after GC invocations=8 (full 0):
 garbage-first heap   total 55296K, used 16293K [0x00000000c0000000, 0x0000000100000000)
  region size 1024K, 1 young (1024K), 1 survivors (1024K)
 Metaspace       used 23646K, committed 23936K, reserved 1114112K
  class space    used 2945K, committed 3072K, reserved 1048576K
}
Event: 2.732 GC heap before
{Heap before GC invocations=8 (full 0):
 garbage-first heap   total 55296K, used 38821K [0x00000000c0000000, 0x0000000100000000)
  region size 1024K, 23 young (23552K), 1 survivors (1024K)
 Metaspace       used 25077K, committed 25408K, reserved 1114112K
  class space    used 3149K, committed 3328K, reserved 1048576K
}
Event: 2.735 GC heap after
{Heap after GC invocations=9 (full 0):
 garbage-first heap   total 55296K, used 17598K [0x00000000c0000000, 0x0000000100000000)
  region size 1024K, 2 young (2048K), 2 survivors (2048K)
 Metaspace       used 25077K, committed 25408K, reserved 1114112K
  class space    used 3149K, committed 3328K, reserved 1048576K
}
Event: 3.040 GC heap before
{Heap before GC invocations=9 (full 0):
 garbage-first heap   total 55296K, used 40126K [0x00000000c0000000, 0x0000000100000000)
  region size 1024K, 24 young (24576K), 2 survivors (2048K)
 Metaspace       used 26741K, committed 27072K, reserved 1114112K
  class space    used 3419K, committed 3584K, reserved 1048576K
}
Event: 3.044 GC heap after
{Heap after GC invocations=10 (full 0):
 garbage-first heap   total 55296K, used 18983K [0x00000000c0000000, 0x0000000100000000)
  region size 1024K, 2 young (2048K), 2 survivors (2048K)
 Metaspace       used 26741K, committed 27072K, reserved 1114112K
  class space    used 3419K, committed 3584K, reserved 1048576K
}
Event: 3.413 GC heap before
{Heap before GC invocations=10 (full 0):
 garbage-first heap   total 55296K, used 41511K [0x00000000c0000000, 0x0000000100000000)
  region size 1024K, 24 young (24576K), 2 survivors (2048K)
 Metaspace       used 29658K, committed 30080K, reserved 1114112K
  class space    used 3887K, committed 4096K, reserved 1048576K
}
Event: 3.418 GC heap after
{Heap after GC invocations=11 (full 0):
 garbage-first heap   total 55296K, used 20607K [0x00000000c0000000, 0x0000000100000000)
  region size 1024K, 3 young (3072K), 3 survivors (3072K)
 Metaspace       used 29658K, committed 30080K, reserved 1114112K
  class space    used 3887K, committed 4096K, reserved 1048576K
}
Event: 3.729 GC heap before
{Heap before GC invocations=11 (full 0):
 garbage-first heap   total 55296K, used 41087K [0x00000000c0000000, 0x0000000100000000)
  region size 1024K, 23 young (23552K), 3 survivors (3072K)
 Metaspace       used 32176K, committed 32512K, reserved 1114112K
  class space    used 4167K, committed 4352K, reserved 1048576K
}
Event: 3.736 GC heap after
{Heap after GC invocations=12 (full 0):
 garbage-first heap   total 55296K, used 21884K [0x00000000c0000000, 0x0000000100000000)
  region size 1024K, 2 young (2048K), 2 survivors (2048K)
 Metaspace       used 32176K, committed 32512K, reserved 1114112K
  class space    used 4167K, committed 4352K, reserved 1048576K
}
Event: 4.222 GC heap before
{Heap before GC invocations=12 (full 0):
 garbage-first heap   total 55296K, used 41340K [0x00000000c0000000, 0x0000000100000000)
  region size 1024K, 21 young (21504K), 2 survivors (2048K)
 Metaspace       used 34217K, committed 34560K, reserved 1114112K
  class space    used 4471K, committed 4608K, reserved 1048576K
}

Dll operation events (13 events):
Event: 0.032 Loaded shared library C:\Users\vboxuser\.jdks\corretto-17.0.14\bin\java.dll
Event: 0.033 Loaded shared library C:\Users\vboxuser\.jdks\corretto-17.0.14\bin\zip.dll
Event: 0.052 Loaded shared library C:\Users\vboxuser\.jdks\corretto-17.0.14\bin\jsvml.dll
Event: 0.218 Loaded shared library C:\Users\vboxuser\.jdks\corretto-17.0.14\bin\instrument.dll
Event: 0.275 Loaded shared library C:\Users\vboxuser\.jdks\corretto-17.0.14\bin\jimage.dll
Event: 0.301 Loaded shared library C:\Users\vboxuser\.jdks\corretto-17.0.14\bin\net.dll
Event: 0.302 Loaded shared library C:\Users\vboxuser\.jdks\corretto-17.0.14\bin\nio.dll
Event: 0.318 Loaded shared library C:\Users\vboxuser\.jdks\corretto-17.0.14\bin\zip.dll
Event: 0.406 Loaded shared library C:\Users\vboxuser\.jdks\corretto-17.0.14\bin\management.dll
Event: 0.421 Loaded shared library C:\Users\vboxuser\.jdks\corretto-17.0.14\bin\management_ext.dll
Event: 0.778 Loaded shared library C:\Users\vboxuser\.jdks\corretto-17.0.14\bin\extnet.dll
Event: 0.971 Loaded shared library C:\Users\vboxuser\.jdks\corretto-17.0.14\bin\verify.dll
Event: 1.150 Loaded shared library C:\Users\vboxuser\.jdks\corretto-17.0.14\bin\sunmscapi.dll

Deoptimization events (20 events):
Event: 4.099 Thread 0x0000012cf6c3eaa0 DEOPT PACKING pc=0x0000012c804847fc sp=0x00000001f15f8370
Event: 4.099 Thread 0x0000012cf6c3eaa0 DEOPT UNPACKING pc=0x0000012c80057143 sp=0x00000001f15f7828 mode 1
Event: 4.099 Thread 0x0000012cf6c3eaa0 DEOPT PACKING pc=0x0000012c80507dd4 sp=0x00000001f15f8d50
Event: 4.099 Thread 0x0000012cf6c3eaa0 DEOPT UNPACKING pc=0x0000012c80057143 sp=0x00000001f15f8240 mode 1
Event: 4.099 Thread 0x0000012cf6c3eaa0 DEOPT PACKING pc=0x0000012c804856dc sp=0x00000001f15f8240
Event: 4.099 Thread 0x0000012cf6c3eaa0 DEOPT UNPACKING pc=0x0000012c80057143 sp=0x00000001f15f76d8 mode 1
Event: 4.099 Thread 0x0000012cf6c3eaa0 DEOPT PACKING pc=0x0000012c804847fc sp=0x00000001f15f8310
Event: 4.099 Thread 0x0000012cf6c3eaa0 DEOPT UNPACKING pc=0x0000012c80057143 sp=0x00000001f15f77c8 mode 1
Event: 4.099 Thread 0x0000012cf6c3eaa0 DEOPT PACKING pc=0x0000012c80507dd4 sp=0x00000001f15f8cf0
Event: 4.099 Thread 0x0000012cf6c3eaa0 DEOPT UNPACKING pc=0x0000012c80057143 sp=0x00000001f15f81e0 mode 1
Event: 4.099 Thread 0x0000012cf6c3eaa0 DEOPT PACKING pc=0x0000012c806a621c sp=0x00000001f15f8d30
Event: 4.099 Thread 0x0000012cf6c3eaa0 DEOPT UNPACKING pc=0x0000012c80057143 sp=0x00000001f15f8200 mode 1
Event: 4.184 Thread 0x0000012cf6c3eaa0 DEOPT PACKING pc=0x0000012c806c62cc sp=0x00000001f15f8f40
Event: 4.184 Thread 0x0000012cf6c3eaa0 DEOPT UNPACKING pc=0x0000012c80057143 sp=0x00000001f15f84a0 mode 1
Event: 4.184 Thread 0x0000012cf6c3eaa0 DEOPT PACKING pc=0x0000012c809cf064 sp=0x00000001f15f9060
Event: 4.184 Thread 0x0000012cf6c3eaa0 DEOPT UNPACKING pc=0x0000012c80057143 sp=0x00000001f15f8520 mode 1
Event: 4.194 Thread 0x0000012cf6c3eaa0 DEOPT PACKING pc=0x0000012c806c62cc sp=0x00000001f15f9ea0
Event: 4.194 Thread 0x0000012cf6c3eaa0 DEOPT UNPACKING pc=0x0000012c80057143 sp=0x00000001f15f9418 mode 1
Event: 4.194 Thread 0x0000012cf6c3eaa0 DEOPT PACKING pc=0x0000012c806c62cc sp=0x00000001f15f9ea0
Event: 4.194 Thread 0x0000012cf6c3eaa0 DEOPT UNPACKING pc=0x0000012c80057143 sp=0x00000001f15f9418 mode 1

Classes loaded (20 events):
Event: 4.196 Loading class com/fasterxml/classmate/members/ResolvedParameterizedMember
Event: 4.196 Loading class com/fasterxml/classmate/members/ResolvedParameterizedMember done
Event: 4.197 Loading class com/fasterxml/classmate/members/ResolvedMember
Event: 4.197 Loading class com/fasterxml/classmate/members/ResolvedMember done
Event: 4.197 Loading class com/fasterxml/classmate/members/ResolvedField
Event: 4.197 Loading class com/fasterxml/classmate/members/ResolvedField done
Event: 4.197 Loading class com/fasterxml/classmate/members/ResolvedMethod
Event: 4.197 Loading class com/fasterxml/classmate/members/ResolvedMethod done
Event: 4.203 Loading class com/fasterxml/classmate/MemberResolver
Event: 4.203 Loading class com/fasterxml/classmate/MemberResolver done
Event: 4.205 Loading class springfox/documentation/spi/schema/contexts/ModelPropertyContext
Event: 4.205 Loading class springfox/documentation/spi/schema/contexts/ModelPropertyContext done
Event: 4.207 Loading class sun/reflect/generics/scope/ConstructorScope
Event: 4.207 Loading class sun/reflect/generics/scope/ConstructorScope done
Event: 4.211 Loading class springfox/documentation/schema/ModelNameContext
Event: 4.211 Loading class springfox/documentation/schema/ModelNameContext done
Event: 4.215 Loading class springfox/documentation/schema/CachingModelDependencyProvider$1
Event: 4.215 Loading class springfox/documentation/schema/CachingModelDependencyProvider$1 done
Event: 4.216 Loading class com/google/common/collect/FluentIterable
Event: 4.216 Loading class com/google/common/collect/FluentIterable done

Classes unloaded (0 events):
No events

Classes redefined (1 events):
Event: 0.244 Thread 0x0000012cfeb36020 redefined class name=java.lang.Throwable, count=1

Internal exceptions (20 events):
Event: 3.710 Thread 0x0000012cf6c3eaa0 Exception <a 'java/lang/NoSuchMethodError'{0x00000000c23ef3f8}: 'java.lang.Object java.lang.invoke.DirectMethodHandle$Holder.invokeSpecialIFC(java.lang.Object, java.lang.Object, java.lang.Object, java.lang.Object)'> (0x00000000c23ef3f8) 
thrown [s\src\hotspot\share\interpreter\linkResolver.cpp, line 759]
Event: 3.710 Thread 0x0000012cf6c3eaa0 Exception <a 'java/lang/IncompatibleClassChangeError'{0x00000000c23f5ba0}: Found class java.lang.Object, but interface was expected> (0x00000000c23f5ba0) 
thrown [s\src\hotspot\share\interpreter\linkResolver.cpp, line 826]
Event: 3.716 Thread 0x0000012cf6c3eaa0 Exception <a 'java/lang/IncompatibleClassChangeError'{0x00000000c22356e8}: Found class java.lang.Object, but interface was expected> (0x00000000c22356e8) 
thrown [s\src\hotspot\share\interpreter\linkResolver.cpp, line 826]
Event: 3.758 Thread 0x0000012cccb9c780 Exception <a 'java/lang/reflect/InvocationTargetException'{0x00000000c4c695e8}> (0x00000000c4c695e8) 
thrown [s\src\hotspot\share\runtime\reflection.cpp, line 1128]
Event: 3.812 Thread 0x0000012cf6c3eaa0 Exception <a 'java/lang/NoSuchMethodError'{0x00000000c34ca7b0}: 'long java.lang.invoke.DirectMethodHandle$Holder.invokeVirtual(java.lang.Object, java.lang.Object)'> (0x00000000c34ca7b0) 
thrown [s\src\hotspot\share\interpreter\linkResolver.cpp, line 759]
Event: 3.824 Thread 0x0000012cf6c3eaa0 Exception <a 'java/lang/NoSuchMethodError'{0x00000000c33127d0}: 'java.lang.Object java.lang.invoke.DirectMethodHandle$Holder.newInvokeSpecial(java.lang.Object, java.lang.Object, java.lang.Object, java.lang.Object, java.lang.Object, java.lang.Object, java.lang.Object, java.lang.Object)'> (0x00000000c33127d0) 
thrown [s\src\hotspot\share\interpreter\linkResolver.cpp, line 759]
Event: 3.825 Thread 0x0000012cf6c3eaa0 Exception <a 'java/lang/NoSuchMethodError'{0x00000000c33180f0}: 'java.lang.Object java.lang.invoke.DirectMethodHandle$Holder.invokeSpecial(java.lang.Object, java.lang.Object, java.lang.Object, java.lang.Object, java.lang.Object, java.lang.Object, java.lang.Object, java.lang.Object, java.lang.Object)'> (0x00000000c33180f0) 
thrown [s\src\hotspot\share\interpreter\linkResolver.cpp, line 759]
Event: 3.826 Thread 0x0000012cf6c3eaa0 Exception <a 'java/lang/NoSuchMethodError'{0x00000000c331d328}: 'java.lang.Object java.lang.invoke.Invokers$Holder.linkToTargetMethod(java.lang.Object, java.lang.Object, java.lang.Object, java.lang.Object, java.lang.Object, java.lang.Object, java.lang.Object, java.lang.Object)'> (0x00000000c331d328) 
thrown [s\src\hotspot\share\interpreter\linkResolver.cpp, line 759]
Event: 3.828 Thread 0x0000012cf6c3eaa0 Exception <a 'java/lang/NoSuchMethodError'{0x00000000c3330a88}: 'double java.lang.invoke.DirectMethodHandle$Holder.invokeStatic(java.lang.Object, java.lang.Object)'> (0x00000000c3330a88) 
thrown [s\src\hotspot\share\interpreter\linkResolver.cpp, line 759]
Event: 3.836 Thread 0x0000012cf6c3eaa0 Exception <a 'java/lang/NoSuchMethodError'{0x00000000c33813e8}: 'double java.lang.invoke.DirectMethodHandle$Holder.invokeSpecial(java.lang.Object, java.lang.Object, java.lang.Object)'> (0x00000000c33813e8) 
thrown [s\src\hotspot\share\interpreter\linkResolver.cpp, line 759]
Event: 3.953 Thread 0x0000012cf6c3eaa0 Exception <a 'java/io/FileNotFoundException'{0x00000000c2d24c70}> (0x00000000c2d24c70) 
thrown [s\src\hotspot\share\prims\jni.cpp, line 516]
Event: 4.091 Thread 0x0000012cf6c3eaa0 Exception <a 'java/lang/ClassNotFoundException'{0x00000000c29a9a00}: java/lang/ObjectCustomizer> (0x00000000c29a9a00) 
thrown [s\src\hotspot\share\classfile\systemDictionary.cpp, line 256]
Event: 4.091 Thread 0x0000012cf6c3eaa0 Exception <a 'java/lang/ClassNotFoundException'{0x00000000c29b2860}: org/springframework/plugin/core/support/AbstractTypeAwareSupportCustomizer> (0x00000000c29b2860) 
thrown [s\src\hotspot\share\classfile\systemDictionary.cpp, line 256]
Event: 4.093 Thread 0x0000012cf6c3eaa0 Exception <a 'java/lang/ClassNotFoundException'{0x00000000c29bf748}: org/springframework/plugin/core/support/PluginRegistryFactoryBeanCustomizer> (0x00000000c29bf748) 
thrown [s\src\hotspot\share\classfile\systemDictionary.cpp, line 256]
Event: 4.096 Thread 0x0000012cf6c3eaa0 Exception <a 'java/lang/ClassNotFoundException'{0x00000000c29e0c18}: org/springframework/beans/factory/FactoryBeanCustomizer> (0x00000000c29e0c18) 
thrown [s\src\hotspot\share\classfile\systemDictionary.cpp, line 256]
Event: 4.098 Thread 0x0000012cf6c3eaa0 Exception <a 'java/lang/ClassNotFoundException'{0x00000000c29ea590}: org/springframework/context/ApplicationContextAwareCustomizer> (0x00000000c29ea590) 
thrown [s\src\hotspot\share\classfile\systemDictionary.cpp, line 256]
Event: 4.098 Thread 0x0000012cf6c3eaa0 Exception <a 'java/lang/ClassNotFoundException'{0x00000000c29f1350}: org/springframework/beans/factory/AwareCustomizer> (0x00000000c29f1350) 
thrown [s\src\hotspot\share\classfile\systemDictionary.cpp, line 256]
Event: 4.099 Thread 0x0000012cf6c3eaa0 Exception <a 'java/lang/ClassNotFoundException'{0x00000000c29f69e0}: org/springframework/context/ApplicationListenerCustomizer> (0x00000000c29f69e0) 
thrown [s\src\hotspot\share\classfile\systemDictionary.cpp, line 256]
Event: 4.099 Thread 0x0000012cf6c3eaa0 Exception <a 'java/lang/ClassNotFoundException'{0x00000000c29f9380}: java/util/EventListenerCustomizer> (0x00000000c29f9380) 
thrown [s\src\hotspot\share\classfile\systemDictionary.cpp, line 256]
Event: 4.099 Thread 0x0000012cf6c3eaa0 Exception <a 'java/lang/ClassNotFoundException'{0x00000000c29feb18}: org/springframework/beans/factory/InitializingBeanCustomizer> (0x00000000c29feb18) 
thrown [s\src\hotspot\share\classfile\systemDictionary.cpp, line 256]

VM Operations (20 events):
Event: 3.921 Executing VM operation: HandshakeAllThreads done
Event: 3.922 Executing VM operation: HandshakeAllThreads
Event: 3.922 Executing VM operation: HandshakeAllThreads done
Event: 3.957 Executing VM operation: HandshakeAllThreads
Event: 3.957 Executing VM operation: HandshakeAllThreads done
Event: 3.982 Executing VM operation: ChangeBreakpoints
Event: 3.983 Executing VM operation: ChangeBreakpoints done
Event: 3.984 Executing VM operation: ChangeBreakpoints
Event: 3.985 Executing VM operation: ChangeBreakpoints done
Event: 3.986 Executing VM operation: ChangeBreakpoints
Event: 3.988 Executing VM operation: ChangeBreakpoints done
Event: 3.989 Executing VM operation: ChangeBreakpoints
Event: 3.991 Executing VM operation: ChangeBreakpoints done
Event: 3.992 Executing VM operation: ChangeBreakpoints
Event: 3.993 Executing VM operation: ChangeBreakpoints done
Event: 4.001 Executing VM operation: ChangeBreakpoints
Event: 4.002 Executing VM operation: ChangeBreakpoints done
Event: 4.095 Executing VM operation: HandshakeAllThreads
Event: 4.095 Executing VM operation: HandshakeAllThreads done
Event: 4.222 Executing VM operation: G1CollectForAllocation

Memory protections (0 events):
No events

Nmethod flushes (0 events):
No events

Events (20 events):
Event: 1.184 Thread 0x0000012cccb9c780 Thread added: 0x0000012cccb9f000
Event: 1.197 Thread 0x0000012cccb9c780 Thread added: 0x0000012cccb9f510
Event: 1.226 Thread 0x0000012cccb9f510 Thread exited: 0x0000012cccb9f510
Event: 1.429 Thread 0x0000012cf6c3eaa0 Thread added: 0x0000012cccb9f510
Event: 1.729 Thread 0x0000012cccb9c780 Thread added: 0x0000012ccd6374a0
Event: 1.744 Thread 0x0000012ccd6374a0 Thread exited: 0x0000012ccd6374a0
Event: 1.912 Thread 0x0000012cccb9f510 Thread exited: 0x0000012cccb9f510
Event: 2.235 Thread 0x0000012cccb9c780 Thread added: 0x0000012ccd631e90
Event: 2.240 Thread 0x0000012ccd631e90 Thread exited: 0x0000012ccd631e90
Event: 2.434 Thread 0x0000012cf6c3eaa0 Thread added: 0x0000012ccd634c20
Event: 2.464 Thread 0x0000012ccd634c20 Thread exited: 0x0000012ccd634c20
Event: 2.742 Thread 0x0000012cccb9c780 Thread added: 0x0000012ccd634200
Event: 2.745 Thread 0x0000012ccd634200 Thread exited: 0x0000012ccd634200
Event: 3.247 Thread 0x0000012cccb9c780 Thread added: 0x0000012ccecb9570
Event: 3.250 Thread 0x0000012ccecb9570 Thread exited: 0x0000012ccecb9570
Event: 3.753 Thread 0x0000012cccb9c780 Thread added: 0x0000012ccecbc810
Event: 3.764 Thread 0x0000012ccecbc810 Thread exited: 0x0000012ccecbc810
Event: 3.961 Thread 0x0000012cf6c3eaa0 Thread added: 0x0000012ccf341ae0
Event: 3.963 Thread 0x0000012cf6c3eaa0 Thread added: 0x0000012ccf342500
Event: 3.967 Thread 0x0000012cf6c3eaa0 Thread added: 0x0000012ccf343430


Dynamic libraries:
0x00007ff6e9110000 - 0x00007ff6e911e000 	C:\Users\vboxuser\.jdks\corretto-17.0.14\bin\java.exe
0x00007fff38750000 - 0x00007fff38948000 	C:\Windows\SYSTEM32\ntdll.dll
0x00007fff37760000 - 0x00007fff3781f000 	C:\Windows\System32\KERNEL32.DLL
0x00007fff35e30000 - 0x00007fff36126000 	C:\Windows\System32\KERNELBASE.dll
0x00007fff36130000 - 0x00007fff36230000 	C:\Windows\System32\ucrtbase.dll
0x00007fff24e20000 - 0x00007fff24e37000 	C:\Users\vboxuser\.jdks\corretto-17.0.14\bin\jli.dll
0x00007fff24e00000 - 0x00007fff24e1b000 	C:\Users\vboxuser\.jdks\corretto-17.0.14\bin\VCRUNTIME140.dll
0x00007fff26630000 - 0x00007fff268ca000 	C:\Windows\WinSxS\amd64_microsoft.windows.common-controls_6595b64144ccf1df_6.0.19041.1110_none_60b5254171f9507e\COMCTL32.dll
0x00007fff37950000 - 0x00007fff379ee000 	C:\Windows\System32\msvcrt.dll
0x00007fff37700000 - 0x00007fff3772c000 	C:\Windows\System32\GDI32.dll
0x00007fff36f40000 - 0x00007fff370dd000 	C:\Windows\System32\USER32.dll
0x00007fff36530000 - 0x00007fff36552000 	C:\Windows\System32\win32u.dll
0x00007fff36660000 - 0x00007fff36775000 	C:\Windows\System32\gdi32full.dll
0x00007fff36230000 - 0x00007fff362cd000 	C:\Windows\System32\msvcp_win.dll
0x00007fff37140000 - 0x00007fff37170000 	C:\Windows\System32\IMM32.DLL
0x00007fff24fa0000 - 0x00007fff24fac000 	C:\Users\vboxuser\.jdks\corretto-17.0.14\bin\vcruntime140_1.dll
0x00007fff24d70000 - 0x00007fff24dfd000 	C:\Users\vboxuser\.jdks\corretto-17.0.14\bin\msvcp140.dll
0x00007ffefbe70000 - 0x00007ffefcadc000 	C:\Users\vboxuser\.jdks\corretto-17.0.14\bin\server\jvm.dll
0x00007fff385f0000 - 0x00007fff3869f000 	C:\Windows\System32\ADVAPI32.dll
0x00007fff37cc0000 - 0x00007fff37d5c000 	C:\Windows\System32\sechost.dll
0x00007fff367c0000 - 0x00007fff368e6000 	C:\Windows\System32\RPCRT4.dll
0x00007fff37ba0000 - 0x00007fff37c0b000 	C:\Windows\System32\WS2_32.dll
0x00007fff35ca0000 - 0x00007fff35ceb000 	C:\Windows\SYSTEM32\POWRPROF.dll
0x00007fff22950000 - 0x00007fff22977000 	C:\Windows\SYSTEM32\WINMM.dll
0x00007fff2c4c0000 - 0x00007fff2c4ca000 	C:\Windows\SYSTEM32\VERSION.dll
0x00007fff35c80000 - 0x00007fff35c92000 	C:\Windows\SYSTEM32\UMPDC.dll
0x00007fff33cf0000 - 0x00007fff33d02000 	C:\Windows\SYSTEM32\kernel.appcore.dll
0x00007fff24d60000 - 0x00007fff24d6a000 	C:\Users\vboxuser\.jdks\corretto-17.0.14\bin\jimage.dll
0x00007fff29c50000 - 0x00007fff29e34000 	C:\Windows\SYSTEM32\DBGHELP.DLL
0x00007fff29c10000 - 0x00007fff29c44000 	C:\Windows\SYSTEM32\dbgcore.DLL
0x00007fff362d0000 - 0x00007fff36352000 	C:\Windows\System32\bcryptPrimitives.dll
0x00007fff178d0000 - 0x00007fff1790b000 	C:\Users\vboxuser\.jdks\corretto-17.0.14\bin\jdwp.dll
0x00007fff162d0000 - 0x00007fff164de000 	C:\Users\vboxuser\AppData\Local\Temp\idea_libasyncProfiler_dll_temp_folder\libasyncProfiler.dll
0x00007fff31920000 - 0x00007fff3192e000 	C:\Users\vboxuser\.jdks\corretto-17.0.14\bin\instrument.dll
0x00007fff24d30000 - 0x00007fff24d55000 	C:\Users\vboxuser\.jdks\corretto-17.0.14\bin\java.dll
0x00007fff24990000 - 0x00007fff249a8000 	C:\Users\vboxuser\.jdks\corretto-17.0.14\bin\zip.dll
0x00007fff249d0000 - 0x00007fff24aa7000 	C:\Users\vboxuser\.jdks\corretto-17.0.14\bin\jsvml.dll
0x00007fff37ea0000 - 0x00007fff385e4000 	C:\Windows\System32\SHELL32.dll
0x00007fff33ef0000 - 0x00007fff34683000 	C:\Windows\SYSTEM32\windows.storage.dll
0x00007fff373a0000 - 0x00007fff376f4000 	C:\Windows\System32\combase.dll
0x00007fff357b0000 - 0x00007fff357de000 	C:\Windows\SYSTEM32\Wldp.dll
0x00007fff37d60000 - 0x00007fff37e0d000 	C:\Windows\System32\SHCORE.dll
0x00007fff368f0000 - 0x00007fff36945000 	C:\Windows\System32\shlwapi.dll
0x00007fff35d70000 - 0x00007fff35d8f000 	C:\Windows\SYSTEM32\profapi.dll
0x00007fff31830000 - 0x00007fff3183c000 	C:\Users\vboxuser\.jdks\corretto-17.0.14\bin\dt_socket.dll
0x00007fff35200000 - 0x00007fff3523c000 	C:\Windows\SYSTEM32\IPHLPAPI.DLL
0x00007fff35510000 - 0x00007fff3557a000 	C:\Windows\system32\mswsock.dll
0x00007fff24d10000 - 0x00007fff24d29000 	C:\Users\vboxuser\.jdks\corretto-17.0.14\bin\net.dll
0x00007fff2e6b0000 - 0x00007fff2e7ba000 	C:\Windows\SYSTEM32\WINHTTP.dll
0x00007fff249b0000 - 0x00007fff249c6000 	C:\Users\vboxuser\.jdks\corretto-17.0.14\bin\nio.dll
0x00007fff35240000 - 0x00007fff3530b000 	C:\Windows\SYSTEM32\DNSAPI.dll
0x00007fff386a0000 - 0x00007fff386a8000 	C:\Windows\System32\NSI.dll
0x00007fff2ddd0000 - 0x00007fff2ddda000 	C:\Windows\System32\rasadhlp.dll
0x00007fff2dab0000 - 0x00007fff2db32000 	C:\Windows\System32\fwpuclnt.dll
0x00007fff36780000 - 0x00007fff367a7000 	C:\Windows\System32\bcrypt.dll
0x00007fff14080000 - 0x00007fff14089000 	C:\Users\vboxuser\.jdks\corretto-17.0.14\bin\management.dll
0x00007ffefce40000 - 0x00007ffefce4b000 	C:\Users\vboxuser\.jdks\corretto-17.0.14\bin\management_ext.dll
0x00007fff367b0000 - 0x00007fff367b8000 	C:\Windows\System32\PSAPI.DLL
0x00007fff35700000 - 0x00007fff35718000 	C:\Windows\SYSTEM32\CRYPTSP.dll
0x00007fff34e30000 - 0x00007fff34e64000 	C:\Windows\system32\rsaenh.dll
0x00007fff35cf0000 - 0x00007fff35d1e000 	C:\Windows\SYSTEM32\USERENV.dll
0x00007fff35720000 - 0x00007fff3572c000 	C:\Windows\SYSTEM32\CRYPTBASE.dll
0x00007fff2f100000 - 0x00007fff2f117000 	C:\Windows\SYSTEM32\dhcpcsvc6.DLL
0x00007fff2f0e0000 - 0x00007fff2f0fd000 	C:\Windows\SYSTEM32\dhcpcsvc.DLL
0x00007ffefd540000 - 0x00007ffefd557000 	C:\Windows\system32\napinsp.dll
0x00007ffefd520000 - 0x00007ffefd53b000 	C:\Windows\system32\pnrpnsp.dll
0x00007fff216d0000 - 0x00007fff216e5000 	C:\Windows\system32\wshbth.dll
0x00007fff31770000 - 0x00007fff3178d000 	C:\Windows\system32\NLAapi.dll
0x00007ffefd4e0000 - 0x00007ffefd4f2000 	C:\Windows\System32\winrnr.dll
0x00007ffefce30000 - 0x00007ffefce39000 	C:\Users\vboxuser\.jdks\corretto-17.0.14\bin\extnet.dll
0x00007fff24900000 - 0x00007fff24910000 	C:\Users\vboxuser\.jdks\corretto-17.0.14\bin\verify.dll
0x00007ffefa680000 - 0x00007ffefa68e000 	C:\Users\vboxuser\.jdks\corretto-17.0.14\bin\sunmscapi.dll
0x00007fff36360000 - 0x00007fff364be000 	C:\Windows\System32\CRYPT32.dll
0x00007fff35820000 - 0x00007fff35848000 	C:\Windows\SYSTEM32\ncrypt.dll
0x00007fff357e0000 - 0x00007fff3581b000 	C:\Windows\SYSTEM32\NTASN1.dll

dbghelp: loaded successfully - version: 4.0.5 - missing functions: none
symbol engine: initialized successfully - sym options: 0x614 - pdb path: .;C:\Users\vboxuser\.jdks\corretto-17.0.14\bin;C:\Windows\SYSTEM32;C:\Windows\WinSxS\amd64_microsoft.windows.common-controls_6595b64144ccf1df_6.0.19041.1110_none_60b5254171f9507e;C:\Users\vboxuser\.jdks\corretto-17.0.14\bin\server;C:\Users\vboxuser\AppData\Local\Temp\idea_libasyncProfiler_dll_temp_folder

VM Arguments:
jvm_args: -agentlib:jdwp=transport=dt_socket,address=127.0.0.1:54188,suspend=y,server=n -agentpath:C:\Users\vboxuser\AppData\Local\Temp\idea_libasyncProfiler_dll_temp_folder\libasyncProfiler.dll=version,jfr,event=wall,interval=10ms,cstack=no,file=C:\Users\vboxuser\IdeaSnapshots\PracticesApp_2025_03_03_192401.jfr,dbghelppath=C:\Users\vboxuser\AppData\Local\Temp\idea_dbghelp_dll_temp_folder\dbghelp.dll,log=C:\Users\vboxuser\AppData\Local\Temp\PracticesApp_2025_03_03_192401.jfr.log.txt,logLevel=DEBUG -XX:TieredStopAtLevel=1 -Dspring.output.ansi.enabled=always -Dcom.sun.management.jmxremote -Dspring.jmx.enabled=true -Dspring.liveBeansView.mbeanDomain -Dspring.application.admin.enabled=true -Dmanagement.endpoints.jmx.exposure.include=* -javaagent:C:\Users\vboxuser\AppData\Local\JetBrains\IntelliJIdea2024.3\captureAgent\debugger-agent.jar -Dkotlinx.coroutines.debug.enable.creation.stack.trace=false -Ddebugger.agent.enable.coroutines=true -Dkotlinx.coroutines.debug.enable.flows.stack.trace=true -Dkotlinx.coroutines.debug.enable.mutable.state.flows.stack.trace=true -Dfile.encoding=UTF-8 
java_command: mariia.budiak.practices.PracticesApp
java_class_path (initial): C:\Users\vboxuser\hw-3\build\classes\java\main;C:\Users\vboxuser\hw-3\build\resources\main;C:\Users\vboxuser\.gradle\caches\modules-2\files-2.1\org.projectlombok\lombok\1.18.28\a2ff5da8bcd8b1b26f36b806ced63213362c6dcc\lombok-1.18.28.jar;C:\Users\vboxuser\.gradle\caches\modules-2\files-2.1\org.springframework.boot\spring-boot-configuration-processor\2.3.2.RELEASE\15631495314ae7aabfc82266094ee5c173d86f71\spring-boot-configuration-processor-2.3.2.RELEASE.jar;C:\Users\vboxuser\.gradle\caches\modules-2\files-2.1\org.springframework.boot\spring-boot-starter-web\2.3.2.RELEASE\85f79121fdaabcbcac085d0d4aad34af9f8dbba2\spring-boot-starter-web-2.3.2.RELEASE.jar;C:\Users\vboxuser\.gradle\caches\modules-2\files-2.1\io.springfox\springfox-swagger2\2.9.2\362676bc7f4c6f9f1d568741becab0dfc198c898\springfox-swagger2-2.9.2.jar;C:\Users\vboxuser\.gradle\caches\modules-2\files-2.1\io.springfox\springfox-swagger-ui\2.9.2\d542382a88ff3ea8d4032c28b2b0325797fada7d\springfox-swagger-ui-2.9.2.jar;C:\Users\vboxuser\.gradle\caches\modules-2\files-2.1\org.bouncycastle\bcpkix-jdk15on\1.60\d0c46320fbc07be3a24eb13a56cee4e3d38e0c75\bcpkix-jdk15on-1.60.jar;C:\Users\vboxuser\.gradle\caches\modules-2\files-2.1\org.bouncycastle\bcprov-jdk15on\1.60\bd47ad3bd14b8e82595c7adaa143501e60842a84\bcprov-jdk15on-1.60.jar;C:\Users\vboxuser\.gradle\caches\modules-2\files-2.1\org.springframework.boot\spring-boot-starter-actuator\2.3.2.RELEASE\409a5067acedbd59f00dce3ea2e7fccf4eeadf40\spring-boot-starter-actuator-2.3.2.RELEASE.jar;C:\Users\vboxuser\.gradle\caches\modules-2\files-2.1\io.micrometer\micrometer-registry-prometheus\1.5.3\8a41ee8cdca3c9497827d1d557f930da841213f5\micrometer-registry-prometheus-1.5.3.jar;C:\Users\vboxuser\.gradle\caches\modules-2\files-2.1\com.fasterxml.jackson.core\jackson-core\2.17.0\a6e5058ef9720623c517252d17162f845306ff3a\jackson-core-2.17.0.jar;C:\Users\vboxuser\.gradle\caches\modules-2\files-2.1\org.json\json\20240303\ebb88e8fb5122b7506d5cf1d69f1ccdb790d22a\
Launcher Type: SUN_STANDARD

[Global flags]
     intx CICompilerCount                          = 3                                         {product} {ergonomic}
     uint ConcGCThreads                            = 1                                         {product} {ergonomic}
     uint G1ConcRefinementThreads                  = 4                                         {product} {ergonomic}
   size_t G1HeapRegionSize                         = 1048576                                   {product} {ergonomic}
    uintx GCDrainStackTargetSize                   = 64                                        {product} {ergonomic}
   size_t InitialHeapSize                          = 67108864                                  {product} {ergonomic}
     bool ManagementServer                         = true                                      {product} {command line}
   size_t MarkStackSize                            = 4194304                                   {product} {ergonomic}
   size_t MaxHeapSize                              = 1073741824                                {product} {ergonomic}
   size_t MaxNewSize                               = 643825664                                 {product} {ergonomic}
   size_t MinHeapDeltaBytes                        = 1048576                                   {product} {ergonomic}
   size_t MinHeapSize                              = 8388608                                   {product} {ergonomic}
    uintx NonProfiledCodeHeapSize                  = 0                                      {pd product} {ergonomic}
     bool ProfileInterpreter                       = false                                  {pd product} {command line}
    uintx ProfiledCodeHeapSize                     = 0                                      {pd product} {ergonomic}
   size_t SoftMaxHeapSize                          = 1073741824                             {manageable} {ergonomic}
     intx TieredStopAtLevel                        = 1                                         {product} {command line}
     bool UseCompressedClassPointers               = true                           {product lp64_product} {ergonomic}
     bool UseCompressedOops                        = true                           {product lp64_product} {ergonomic}
     bool UseG1GC                                  = true                                      {product} {ergonomic}
     bool UseLargePagesIndividualAllocation        = false                                  {pd product} {ergonomic}

Logging:
Log output configuration:
 #0: stdout all=warning uptime,level,tags
 #1: stderr all=off uptime,level,tags

Environment Variables:
PATH=C:\Windows\system32;C:\Windows;C:\Windows\System32\Wbem;C:\Windows\System32\WindowsPowerShell\v1.0\;C:\Windows\System32\OpenSSH\;C:\Program Files\Git\cmd;C:\Users\vboxuser\AppData\Local\Microsoft\WindowsApps;
USERNAME=vboxuser
OS=Windows_NT
PROCESSOR_IDENTIFIER=Intel64 Family 6 Model 140 Stepping 2, GenuineIntel
TMP=C:\Users\vboxuser\AppData\Local\Temp
TEMP=C:\Users\vboxuser\AppData\Local\Temp



Periodic native trim disabled


---------------  S Y S T E M  ---------------

OS:
 Windows 10 , 64 bit Build 19041 (10.0.19041.2913)
OS uptime: 0 days 7:46 hours

CPU: total 4 (initial active 4) (4 cores per cpu, 1 threads per core) family 6 model 140 stepping 2 microcode 0x0, cx8, cmov, fxsr, mmx, 3dnowpref, sse, sse2, sse3, ssse3, sse4.1, sse4.2, popcnt, lzcnt, tsc, tscinvbit, avx, avx2, aes, clmul, bmi1, bmi2, vzeroupper, clflush, clflushopt, hv
Processor Information for all 4 processors :
  Max Mhz: 3418, Current Mhz: 3418, Mhz Limit: 3418

Memory: 4k page, system-wide physical 4095M (195M free)
TotalPageFile size 10495M (AvailPageFile size 14M)
current process WorkingSet (physical memory assigned to process): 182M, peak: 182M
current process commit charge ("private bytes"): 224M, peak: 247M

vm_info: OpenJDK 64-Bit Server VM (17.0.14+7-LTS) for windows-amd64 JRE (17.0.14+7-LTS), built on Jan  7 2025 20:14:24 by "Administrator" with MS VC++ 16.10 / 16.11 (VS2019)

END.
